.next/dev/types/validator.ts(585,31): error TS2344: Type 'typeof import("/home/eoin/Work/MyCastle/app/src/app/api/admin/audit-log/[id]/route")' does not satisfy the constraint 'RouteHandlerConfig<"/api/admin/audit-log/[id]">'.
  Types of property 'GET' are incompatible.
    Type '(request: NextRequest, { params }: { params: { id: string; }; }) => Promise<NextResponse<any>>' is not assignable to type '(request: NextRequest, context: { params: Promise<{ id: string; }>; }) => void | Response | Promise<void | Response>'.
      Types of parameters '__1' and 'context' are incompatible.
        Type '{ params: Promise<{ id: string; }>; }' is not assignable to type '{ params: { id: string; }; }'.
          Types of property 'params' are incompatible.
            Property 'id' is missing in type 'Promise<{ id: string; }>' but required in type '{ id: string; }'.
.next/dev/types/validator.ts(621,31): error TS2344: Type 'typeof import("/home/eoin/Work/MyCastle/app/src/app/api/admin/courses/[id]/route")' does not satisfy the constraint 'RouteHandlerConfig<"/api/admin/courses/[id]">'.
  Types of property 'GET' are incompatible.
    Type '(request: NextRequest, { params }: { params: { id: string; }; }) => Promise<NextResponse<{ error: string; }> | NextResponse<{ id: string; tenantId: string; name: string; code: string | null; ... 6 more ...; updatedAt: Date; }>>' is not assignable to type '(request: NextRequest, context: { params: Promise<{ id: string; }>; }) => void | Response | Promise<void | Response>'.
      Types of parameters '__1' and 'context' are incompatible.
        Type '{ params: Promise<{ id: string; }>; }' is not assignable to type '{ params: { id: string; }; }'.
          Types of property 'params' are incompatible.
            Property 'id' is missing in type 'Promise<{ id: string; }>' but required in type '{ id: string; }'.
.next/dev/types/validator.ts(639,31): error TS2344: Type 'typeof import("/home/eoin/Work/MyCastle/app/src/app/api/admin/enrollments/[id]/route")' does not satisfy the constraint 'RouteHandlerConfig<"/api/admin/enrollments/[id]">'.
  Types of property 'GET' are incompatible.
    Type '(request: NextRequest, { params }: { params: { id: string; }; }) => Promise<NextResponse<{ error: string; }> | NextResponse<{ amendments: { id: string; tenantId: string; enrollmentId: string; ... 15 more ...; updatedAt: Date; }[]; ... 15 more ...; updatedAt: Date; }>>' is not assignable to type '(request: NextRequest, context: { params: Promise<{ id: string; }>; }) => void | Response | Promise<void | Response>'.
      Types of parameters '__1' and 'context' are incompatible.
        Type '{ params: Promise<{ id: string; }>; }' is not assignable to type '{ params: { id: string; }; }'.
          Types of property 'params' are incompatible.
            Property 'id' is missing in type 'Promise<{ id: string; }>' but required in type '{ id: string; }'.
.next/dev/types/validator.ts(657,31): error TS2344: Type 'typeof import("/home/eoin/Work/MyCastle/app/src/app/api/admin/finance/invoices/[id]/route")' does not satisfy the constraint 'RouteHandlerConfig<"/api/admin/finance/invoices/[id]">'.
  Types of property 'GET' are incompatible.
    Type '(request: NextRequest, { params }: { params: { id: string; }; }) => Promise<NextResponse<any>>' is not assignable to type '(request: NextRequest, context: { params: Promise<{ id: string; }>; }) => void | Response | Promise<void | Response>'.
      Types of parameters '__1' and 'context' are incompatible.
        Type '{ params: Promise<{ id: string; }>; }' is not assignable to type '{ params: { id: string; }; }'.
          Types of property 'params' are incompatible.
            Property 'id' is missing in type 'Promise<{ id: string; }>' but required in type '{ id: string; }'.
.next/dev/types/validator.ts(684,31): error TS2344: Type 'typeof import("/home/eoin/Work/MyCastle/app/src/app/api/admin/programmes/[id]/route")' does not satisfy the constraint 'RouteHandlerConfig<"/api/admin/programmes/[id]">'.
  Types of property 'GET' are incompatible.
    Type '(request: NextRequest, { params }: { params: { id: string; }; }) => Promise<NextResponse<any>>' is not assignable to type '(request: NextRequest, context: { params: Promise<{ id: string; }>; }) => void | Response | Promise<void | Response>'.
      Types of parameters '__1' and 'context' are incompatible.
        Type '{ params: Promise<{ id: string; }>; }' is not assignable to type '{ params: { id: string; }; }'.
          Types of property 'params' are incompatible.
            Property 'id' is missing in type 'Promise<{ id: string; }>' but required in type '{ id: string; }'.
.next/dev/types/validator.ts(747,31): error TS2344: Type 'typeof import("/home/eoin/Work/MyCastle/app/src/app/api/admin/students/[id]/route")' does not satisfy the constraint 'RouteHandlerConfig<"/api/admin/students/[id]">'.
  Types of property 'GET' are incompatible.
    Type '(request: NextRequest, { params }: { params: { id: string; }; }) => Promise<NextResponse<{ error: string; }> | NextResponse<{ enrollments: { amendments: { id: string; tenantId: string; enrollmentId: string; ... 15 more ...; updatedAt: Date; }[]; ... 7 more ...; createdAt: any; }[]; ... 20 more ...; deletedAt: Date |...' is not assignable to type '(request: NextRequest, context: { params: Promise<{ id: string; }>; }) => void | Response | Promise<void | Response>'.
      Types of parameters '__1' and 'context' are incompatible.
        Type '{ params: Promise<{ id: string; }>; }' is not assignable to type '{ params: { id: string; }; }'.
          Types of property 'params' are incompatible.
            Property 'id' is missing in type 'Promise<{ id: string; }>' but required in type '{ id: string; }'.
.next/dev/types/validator.ts(765,31): error TS2344: Type 'typeof import("/home/eoin/Work/MyCastle/app/src/app/api/admin/teachers/[id]/route")' does not satisfy the constraint 'RouteHandlerConfig<"/api/admin/teachers/[id]">'.
  Types of property 'GET' are incompatible.
    Type '(request: NextRequest, { params }: { params: { id: string; }; }) => Promise<NextResponse<{ error: string; }> | NextResponse<{ classes: { id: string; tenantId: string; name: string; code: string | null; ... 18 more ...; deletedAt: Date | null; }[]; ... 17 more ...; deletedAt: Date | null; }>>' is not assignable to type '(request: NextRequest, context: { params: Promise<{ id: string; }>; }) => void | Response | Promise<void | Response>'.
      Types of parameters '__1' and 'context' are incompatible.
        Type '{ params: Promise<{ id: string; }>; }' is not assignable to type '{ params: { id: string; }; }'.
          Types of property 'params' are incompatible.
            Property 'id' is missing in type 'Promise<{ id: string; }>' but required in type '{ id: string; }'.
drizzle/schema.ts(57,12): error TS2693: 'unknown' only refers to a type, but is being used as a value here.
drizzle/schema.ts(410,12): error TS2693: 'unknown' only refers to a type, but is being used as a value here.
scripts/run-fresh-migrations.ts(25,24): error TS2345: Argument of type 'string | undefined' is not assignable to parameter of type 'string'.
  Type 'undefined' is not assignable to type 'string'.
scripts/run-fresh-migrations.ts(53,80): error TS1501: This regular expression flag is only available when targeting 'es2018' or later.
scripts/run-fresh-migrations.ts(54,85): error TS1501: This regular expression flag is only available when targeting 'es2018' or later.
scripts/run-fresh-migrations.ts(76,27): error TS2345: Argument of type 'string | undefined' is not assignable to parameter of type 'string'.
  Type 'undefined' is not assignable to type 'string'.
scripts/run-new-migrations.ts(34,24): error TS2345: Argument of type 'string | undefined' is not assignable to parameter of type 'string'.
  Type 'undefined' is not assignable to type 'string'.
scripts/seed-students.ts(294,9): error TS2769: No overload matches this call.
  Overload 1 of 2, '(value: { name: string | SQL<unknown> | Placeholder<string, any>; tenantId: string | SQL<unknown> | Placeholder<string, any>; email: string | SQL<unknown> | Placeholder<...>; ... 14 more ...; deletedAt?: SQL<...> | ... 3 more ... | undefined; }): PgInsertBase<...>', gave the following error.
    Object literal may only specify known properties, but 'tenant_id' does not exist in type '{ name: string | SQL<unknown> | Placeholder<string, any>; tenantId: string | SQL<unknown> | Placeholder<string, any>; email: string | SQL<unknown> | Placeholder<string, any>; ... 14 more ...; deletedAt?: SQL<...> | ... 3 more ... | undefined; }'. Did you mean to write 'tenantId'?
  Overload 2 of 2, '(values: { name: string | SQL<unknown> | Placeholder<string, any>; tenantId: string | SQL<unknown> | Placeholder<string, any>; email: string | SQL<unknown> | Placeholder<...>; ... 14 more ...; deletedAt?: SQL<...> | ... 3 more ... | undefined; }[]): PgInsertBase<...>', gave the following error.
    Object literal may only specify known properties, and 'tenant_id' does not exist in type '{ name: string | SQL<unknown> | Placeholder<string, any>; tenantId: string | SQL<unknown> | Placeholder<string, any>; email: string | SQL<unknown> | Placeholder<string, any>; ... 14 more ...; deletedAt?: SQL<...> | ... 3 more ... | undefined; }[]'.
scripts/test-reports-data.ts(6,49): error TS2305: Module '"../src/db/schema"' has no exported member 'sql'.
src/__tests__/db-schema.test.ts(56,21): error TS2339: Property 'cefrDescriptors' does not exist on type 'typeof import("/home/eoin/Work/MyCastle/app/src/db/schema/index")'.
src/__tests__/db-schema.test.ts(60,21): error TS2339: Property 'lessonPlans' does not exist on type 'typeof import("/home/eoin/Work/MyCastle/app/src/db/schema/index")'.
src/__tests__/db-schema.test.ts(64,21): error TS2339: Property 'materials' does not exist on type 'typeof import("/home/eoin/Work/MyCastle/app/src/db/schema/index")'.
src/__tests__/db-schema.test.ts(68,21): error TS2339: Property 'lessonPlanMaterials' does not exist on type 'typeof import("/home/eoin/Work/MyCastle/app/src/db/schema/index")'.
src/__tests__/db-schema.test.ts(74,21): error TS2339: Property 'auditLogs' does not exist on type 'typeof import("/home/eoin/Work/MyCastle/app/src/db/schema/index")'.
src/__tests__/db-schema.test.ts(78,21): error TS2339: Property 'invoices' does not exist on type 'typeof import("/home/eoin/Work/MyCastle/app/src/db/schema/index")'.
src/__tests__/db-schema.test.ts(86,21): error TS2339: Property 'conversations' does not exist on type 'typeof import("/home/eoin/Work/MyCastle/app/src/db/schema/index")'.
src/__tests__/db-schema.test.ts(90,21): error TS2339: Property 'exports' does not exist on type 'typeof import("/home/eoin/Work/MyCastle/app/src/db/schema/index")'.
src/__tests__/rls-policies.test.ts(83,8): error TS2769: No overload matches this call.
  Overload 1 of 2, '(value: { name: string | SQL<unknown> | Placeholder<string, any>; id?: string | SQL<unknown> | Placeholder<string, any> | undefined; subdomain?: string | SQL<unknown> | Placeholder<...> | null | undefined; ... 4 more ...; updatedAt?: SQL<...> | ... 2 more ... | undefined; }): PgInsertBase<...>', gave the following error.
    Object literal may only specify known properties, but 'contact_email' does not exist in type '{ name: string | SQL<unknown> | Placeholder<string, any>; id?: string | SQL<unknown> | Placeholder<string, any> | undefined; subdomain?: string | SQL<unknown> | Placeholder<...> | null | undefined; ... 4 more ...; updatedAt?: SQL<...> | ... 2 more ... | undefined; }'. Did you mean to write 'contactEmail'?
  Overload 2 of 2, '(values: { name: string | SQL<unknown> | Placeholder<string, any>; id?: string | SQL<unknown> | Placeholder<string, any> | undefined; subdomain?: string | SQL<unknown> | Placeholder<...> | null | undefined; ... 4 more ...; updatedAt?: SQL<...> | ... 2 more ... | undefined; }[]): PgInsertBase<...>', gave the following error.
    Object literal may only specify known properties, and 'name' does not exist in type '{ name: string | SQL<unknown> | Placeholder<string, any>; id?: string | SQL<unknown> | Placeholder<string, any> | undefined; subdomain?: string | SQL<unknown> | Placeholder<...> | null | undefined; ... 4 more ...; updatedAt?: SQL<...> | ... 2 more ... | undefined; }[]'.
src/__tests__/rls-policies.test.ts(93,8): error TS2769: No overload matches this call.
  Overload 1 of 2, '(value: { name: string | SQL<unknown> | Placeholder<string, any>; id?: string | SQL<unknown> | Placeholder<string, any> | undefined; subdomain?: string | SQL<unknown> | Placeholder<...> | null | undefined; ... 4 more ...; updatedAt?: SQL<...> | ... 2 more ... | undefined; }): PgInsertBase<...>', gave the following error.
    Object literal may only specify known properties, but 'contact_email' does not exist in type '{ name: string | SQL<unknown> | Placeholder<string, any>; id?: string | SQL<unknown> | Placeholder<string, any> | undefined; subdomain?: string | SQL<unknown> | Placeholder<...> | null | undefined; ... 4 more ...; updatedAt?: SQL<...> | ... 2 more ... | undefined; }'. Did you mean to write 'contactEmail'?
  Overload 2 of 2, '(values: { name: string | SQL<unknown> | Placeholder<string, any>; id?: string | SQL<unknown> | Placeholder<string, any> | undefined; subdomain?: string | SQL<unknown> | Placeholder<...> | null | undefined; ... 4 more ...; updatedAt?: SQL<...> | ... 2 more ... | undefined; }[]): PgInsertBase<...>', gave the following error.
    Object literal may only specify known properties, and 'name' does not exist in type '{ name: string | SQL<unknown> | Placeholder<string, any>; id?: string | SQL<unknown> | Placeholder<string, any> | undefined; subdomain?: string | SQL<unknown> | Placeholder<...> | null | undefined; ... 4 more ...; updatedAt?: SQL<...> | ... 2 more ... | undefined; }[]'.
src/__tests__/rls-policies.test.ts(105,9): error TS2769: No overload matches this call.
  Overload 1 of 2, '(value: { name: string | SQL<unknown> | Placeholder<string, any>; tenantId: string | SQL<unknown> | Placeholder<string, any>; email: string | SQL<unknown> | Placeholder<...>; ... 14 more ...; deletedAt?: SQL<...> | ... 3 more ... | undefined; }): PgInsertBase<...>', gave the following error.
    Object literal may only specify known properties, but 'tenant_id' does not exist in type '{ name: string | SQL<unknown> | Placeholder<string, any>; tenantId: string | SQL<unknown> | Placeholder<string, any>; email: string | SQL<unknown> | Placeholder<string, any>; ... 14 more ...; deletedAt?: SQL<...> | ... 3 more ... | undefined; }'. Did you mean to write 'tenantId'?
  Overload 2 of 2, '(values: { name: string | SQL<unknown> | Placeholder<string, any>; tenantId: string | SQL<unknown> | Placeholder<string, any>; email: string | SQL<unknown> | Placeholder<...>; ... 14 more ...; deletedAt?: SQL<...> | ... 3 more ... | undefined; }[]): PgInsertBase<...>', gave the following error.
    Object literal may only specify known properties, and 'tenant_id' does not exist in type '{ name: string | SQL<unknown> | Placeholder<string, any>; tenantId: string | SQL<unknown> | Placeholder<string, any>; email: string | SQL<unknown> | Placeholder<string, any>; ... 14 more ...; deletedAt?: SQL<...> | ... 3 more ... | undefined; }[]'.
src/__tests__/rls-policies.test.ts(116,9): error TS2769: No overload matches this call.
  Overload 1 of 2, '(value: { name: string | SQL<unknown> | Placeholder<string, any>; tenantId: string | SQL<unknown> | Placeholder<string, any>; email: string | SQL<unknown> | Placeholder<...>; ... 14 more ...; deletedAt?: SQL<...> | ... 3 more ... | undefined; }): PgInsertBase<...>', gave the following error.
    Object literal may only specify known properties, but 'tenant_id' does not exist in type '{ name: string | SQL<unknown> | Placeholder<string, any>; tenantId: string | SQL<unknown> | Placeholder<string, any>; email: string | SQL<unknown> | Placeholder<string, any>; ... 14 more ...; deletedAt?: SQL<...> | ... 3 more ... | undefined; }'. Did you mean to write 'tenantId'?
  Overload 2 of 2, '(values: { name: string | SQL<unknown> | Placeholder<string, any>; tenantId: string | SQL<unknown> | Placeholder<string, any>; email: string | SQL<unknown> | Placeholder<...>; ... 14 more ...; deletedAt?: SQL<...> | ... 3 more ... | undefined; }[]): PgInsertBase<...>', gave the following error.
    Object literal may only specify known properties, and 'tenant_id' does not exist in type '{ name: string | SQL<unknown> | Placeholder<string, any>; tenantId: string | SQL<unknown> | Placeholder<string, any>; email: string | SQL<unknown> | Placeholder<string, any>; ... 14 more ...; deletedAt?: SQL<...> | ... 3 more ... | undefined; }[]'.
src/__tests__/rls-policies.test.ts(127,9): error TS2769: No overload matches this call.
  Overload 1 of 2, '(value: { name: string | SQL<unknown> | Placeholder<string, any>; tenantId: string | SQL<unknown> | Placeholder<string, any>; email: string | SQL<unknown> | Placeholder<...>; ... 14 more ...; deletedAt?: SQL<...> | ... 3 more ... | undefined; }): PgInsertBase<...>', gave the following error.
    Object literal may only specify known properties, but 'tenant_id' does not exist in type '{ name: string | SQL<unknown> | Placeholder<string, any>; tenantId: string | SQL<unknown> | Placeholder<string, any>; email: string | SQL<unknown> | Placeholder<string, any>; ... 14 more ...; deletedAt?: SQL<...> | ... 3 more ... | undefined; }'. Did you mean to write 'tenantId'?
  Overload 2 of 2, '(values: { name: string | SQL<unknown> | Placeholder<string, any>; tenantId: string | SQL<unknown> | Placeholder<string, any>; email: string | SQL<unknown> | Placeholder<...>; ... 14 more ...; deletedAt?: SQL<...> | ... 3 more ... | undefined; }[]): PgInsertBase<...>', gave the following error.
    Object literal may only specify known properties, and 'tenant_id' does not exist in type '{ name: string | SQL<unknown> | Placeholder<string, any>; tenantId: string | SQL<unknown> | Placeholder<string, any>; email: string | SQL<unknown> | Placeholder<string, any>; ... 14 more ...; deletedAt?: SQL<...> | ... 3 more ... | undefined; }[]'.
src/__tests__/rls-policies.test.ts(138,9): error TS2769: No overload matches this call.
  Overload 1 of 2, '(value: { name: string | SQL<unknown> | Placeholder<string, any>; tenantId: string | SQL<unknown> | Placeholder<string, any>; email: string | SQL<unknown> | Placeholder<...>; ... 14 more ...; deletedAt?: SQL<...> | ... 3 more ... | undefined; }): PgInsertBase<...>', gave the following error.
    Object literal may only specify known properties, but 'tenant_id' does not exist in type '{ name: string | SQL<unknown> | Placeholder<string, any>; tenantId: string | SQL<unknown> | Placeholder<string, any>; email: string | SQL<unknown> | Placeholder<string, any>; ... 14 more ...; deletedAt?: SQL<...> | ... 3 more ... | undefined; }'. Did you mean to write 'tenantId'?
  Overload 2 of 2, '(values: { name: string | SQL<unknown> | Placeholder<string, any>; tenantId: string | SQL<unknown> | Placeholder<string, any>; email: string | SQL<unknown> | Placeholder<...>; ... 14 more ...; deletedAt?: SQL<...> | ... 3 more ... | undefined; }[]): PgInsertBase<...>', gave the following error.
    Object literal may only specify known properties, and 'tenant_id' does not exist in type '{ name: string | SQL<unknown> | Placeholder<string, any>; tenantId: string | SQL<unknown> | Placeholder<string, any>; email: string | SQL<unknown> | Placeholder<string, any>; ... 14 more ...; deletedAt?: SQL<...> | ... 3 more ... | undefined; }[]'.
src/__tests__/rls-policies.test.ts(149,9): error TS2769: No overload matches this call.
  Overload 1 of 2, '(value: { name: string | SQL<unknown> | Placeholder<string, any>; tenantId: string | SQL<unknown> | Placeholder<string, any>; email: string | SQL<unknown> | Placeholder<...>; ... 14 more ...; deletedAt?: SQL<...> | ... 3 more ... | undefined; }): PgInsertBase<...>', gave the following error.
    Object literal may only specify known properties, but 'tenant_id' does not exist in type '{ name: string | SQL<unknown> | Placeholder<string, any>; tenantId: string | SQL<unknown> | Placeholder<string, any>; email: string | SQL<unknown> | Placeholder<string, any>; ... 14 more ...; deletedAt?: SQL<...> | ... 3 more ... | undefined; }'. Did you mean to write 'tenantId'?
  Overload 2 of 2, '(values: { name: string | SQL<unknown> | Placeholder<string, any>; tenantId: string | SQL<unknown> | Placeholder<string, any>; email: string | SQL<unknown> | Placeholder<...>; ... 14 more ...; deletedAt?: SQL<...> | ... 3 more ... | undefined; }[]): PgInsertBase<...>', gave the following error.
    Object literal may only specify known properties, and 'tenant_id' does not exist in type '{ name: string | SQL<unknown> | Placeholder<string, any>; tenantId: string | SQL<unknown> | Placeholder<string, any>; email: string | SQL<unknown> | Placeholder<string, any>; ... 14 more ...; deletedAt?: SQL<...> | ... 3 more ... | undefined; }[]'.
src/__tests__/rls-policies.test.ts(161,9): error TS2769: No overload matches this call.
  Overload 1 of 2, '(value: { name: string | SQL<unknown> | Placeholder<string, any>; tenantId: string | SQL<unknown> | Placeholder<string, any>; startDate: string | SQL<unknown> | Placeholder<...>; ... 19 more ...; showCapacityPublicly?: boolean | ... 3 more ... | undefined; }): PgInsertBase<...>', gave the following error.
    Object literal may only specify known properties, but 'tenant_id' does not exist in type '{ name: string | SQL<unknown> | Placeholder<string, any>; tenantId: string | SQL<unknown> | Placeholder<string, any>; startDate: string | SQL<unknown> | Placeholder<...>; ... 19 more ...; showCapacityPublicly?: boolean | ... 3 more ... | undefined; }'. Did you mean to write 'tenantId'?
  Overload 2 of 2, '(values: { name: string | SQL<unknown> | Placeholder<string, any>; tenantId: string | SQL<unknown> | Placeholder<string, any>; startDate: string | SQL<unknown> | Placeholder<...>; ... 19 more ...; showCapacityPublicly?: boolean | ... 3 more ... | undefined; }[]): PgInsertBase<...>', gave the following error.
    Object literal may only specify known properties, and 'tenant_id' does not exist in type '{ name: string | SQL<unknown> | Placeholder<string, any>; tenantId: string | SQL<unknown> | Placeholder<string, any>; startDate: string | SQL<unknown> | Placeholder<...>; ... 19 more ...; showCapacityPublicly?: boolean | ... 3 more ... | undefined; }[]'.
src/__tests__/rls-policies.test.ts(173,9): error TS2769: No overload matches this call.
  Overload 1 of 2, '(value: { name: string | SQL<unknown> | Placeholder<string, any>; tenantId: string | SQL<unknown> | Placeholder<string, any>; startDate: string | SQL<unknown> | Placeholder<...>; ... 19 more ...; showCapacityPublicly?: boolean | ... 3 more ... | undefined; }): PgInsertBase<...>', gave the following error.
    Object literal may only specify known properties, but 'tenant_id' does not exist in type '{ name: string | SQL<unknown> | Placeholder<string, any>; tenantId: string | SQL<unknown> | Placeholder<string, any>; startDate: string | SQL<unknown> | Placeholder<...>; ... 19 more ...; showCapacityPublicly?: boolean | ... 3 more ... | undefined; }'. Did you mean to write 'tenantId'?
  Overload 2 of 2, '(values: { name: string | SQL<unknown> | Placeholder<string, any>; tenantId: string | SQL<unknown> | Placeholder<string, any>; startDate: string | SQL<unknown> | Placeholder<...>; ... 19 more ...; showCapacityPublicly?: boolean | ... 3 more ... | undefined; }[]): PgInsertBase<...>', gave the following error.
    Object literal may only specify known properties, and 'tenant_id' does not exist in type '{ name: string | SQL<unknown> | Placeholder<string, any>; tenantId: string | SQL<unknown> | Placeholder<string, any>; startDate: string | SQL<unknown> | Placeholder<...>; ... 19 more ...; showCapacityPublicly?: boolean | ... 3 more ... | undefined; }[]'.
src/__tests__/rls-policies.test.ts(184,7): error TS2769: No overload matches this call.
  Overload 1 of 2, '(value: { tenantId: string | SQL<unknown> | Placeholder<string, any>; studentId: string | SQL<unknown> | Placeholder<string, any>; classId: string | SQL<unknown> | Placeholder<...>; ... 12 more ...; currentGrade?: string | ... 3 more ... | undefined; }): PgInsertBase<...>', gave the following error.
    Object literal may only specify known properties, but 'tenant_id' does not exist in type '{ tenantId: string | SQL<unknown> | Placeholder<string, any>; studentId: string | SQL<unknown> | Placeholder<string, any>; classId: string | SQL<unknown> | Placeholder<...>; ... 12 more ...; currentGrade?: string | ... 3 more ... | undefined; }'. Did you mean to write 'tenantId'?
  Overload 2 of 2, '(values: { tenantId: string | SQL<unknown> | Placeholder<string, any>; studentId: string | SQL<unknown> | Placeholder<string, any>; classId: string | SQL<unknown> | Placeholder<...>; ... 12 more ...; currentGrade?: string | ... 3 more ... | undefined; }[]): PgInsertBase<...>', gave the following error.
    Object literal may only specify known properties, and 'tenant_id' does not exist in type '{ tenantId: string | SQL<unknown> | Placeholder<string, any>; studentId: string | SQL<unknown> | Placeholder<string, any>; classId: string | SQL<unknown> | Placeholder<...>; ... 12 more ...; currentGrade?: string | ... 3 more ... | undefined; }[]'.
src/__tests__/rls-policies.test.ts(272,32): error TS2551: Property 'tenant_id' does not exist on type '{ id: string; tenantId: string; authId: string | null; email: string; emailVerified: boolean | null; name: string; phone: string | null; dateOfBirth: string | null; nationality: string | null; ... 8 more ...; deletedAt: Date | null; }'. Did you mean 'tenantId'?
src/__tests__/rls-policies.test.ts(292,32): error TS2551: Property 'tenant_id' does not exist on type '{ id: string; tenantId: string; name: string; code: string | null; description: string | null; level: string | null; subject: string | null; capacity: number; enrolledCount: number; teacherId: string | null; ... 12 more ...; deletedAt: Date | null; }'. Did you mean 'tenantId'?
src/__tests__/rls-policies.test.ts(332,32): error TS2551: Property 'tenant_id' does not exist on type '{ id: string; tenantId: string; studentId: string; classId: string; enrollmentDate: string; completionDate: string | null; expectedEndDate: string | null; bookedWeeks: number | null; originalCourseId: string | null; ... 6 more ...; updatedAt: Date; }'. Did you mean 'tenantId'?
src/__tests__/rls-policies.test.ts(342,32): error TS2551: Property 'class_id' does not exist on type '{ id: string; tenantId: string; studentId: string; classId: string; enrollmentDate: string; completionDate: string | null; expectedEndDate: string | null; bookedWeeks: number | null; originalCourseId: string | null; ... 6 more ...; updatedAt: Date; }'. Did you mean 'classId'?
src/__tests__/rls-policies.test.ts(351,32): error TS2551: Property 'student_id' does not exist on type '{ id: string; tenantId: string; studentId: string; classId: string; enrollmentDate: string; completionDate: string | null; expectedEndDate: string | null; bookedWeeks: number | null; originalCourseId: string | null; ... 6 more ...; updatedAt: Date; }'. Did you mean 'studentId'?
src/__tests__/rls-policies.test.ts(376,34): error TS2551: Property 'tenant_id' does not exist on type '{ id: string; tenantId: string; authId: string | null; email: string; emailVerified: boolean | null; name: string; phone: string | null; dateOfBirth: string | null; nationality: string | null; ... 8 more ...; deletedAt: Date | null; }'. Did you mean 'tenantId'?
src/__tests__/rls-policies.test.ts(377,36): error TS2551: Property 'tenant_id' does not exist on type '{ id: string; tenantId: string; name: string; code: string | null; description: string | null; level: string | null; subject: string | null; capacity: number; enrolledCount: number; teacherId: string | null; ... 12 more ...; deletedAt: Date | null; }'. Did you mean 'tenantId'?
src/__tests__/rls-policies.test.ts(397,9): error TS2769: No overload matches this call.
  Overload 1 of 2, '(value: { name: string | SQL<unknown> | Placeholder<string, any>; tenantId: string | SQL<unknown> | Placeholder<string, any>; startDate: string | SQL<unknown> | Placeholder<...>; ... 19 more ...; showCapacityPublicly?: boolean | ... 3 more ... | undefined; }): PgInsertBase<...>', gave the following error.
    Object literal may only specify known properties, but 'tenant_id' does not exist in type '{ name: string | SQL<unknown> | Placeholder<string, any>; tenantId: string | SQL<unknown> | Placeholder<string, any>; startDate: string | SQL<unknown> | Placeholder<...>; ... 19 more ...; showCapacityPublicly?: boolean | ... 3 more ... | undefined; }'. Did you mean to write 'tenantId'?
  Overload 2 of 2, '(values: { name: string | SQL<unknown> | Placeholder<string, any>; tenantId: string | SQL<unknown> | Placeholder<string, any>; startDate: string | SQL<unknown> | Placeholder<...>; ... 19 more ...; showCapacityPublicly?: boolean | ... 3 more ... | undefined; }[]): PgInsertBase<...>', gave the following error.
    Object literal may only specify known properties, and 'tenant_id' does not exist in type '{ name: string | SQL<unknown> | Placeholder<string, any>; tenantId: string | SQL<unknown> | Placeholder<string, any>; startDate: string | SQL<unknown> | Placeholder<...>; ... 19 more ...; showCapacityPublicly?: boolean | ... 3 more ... | undefined; }[]'.
src/__tests__/rls-policies.test.ts(434,9): error TS2769: No overload matches this call.
  Overload 1 of 2, '(value: { name: string | SQL<unknown> | Placeholder<string, any>; tenantId: string | SQL<unknown> | Placeholder<string, any>; email: string | SQL<unknown> | Placeholder<...>; ... 14 more ...; deletedAt?: SQL<...> | ... 3 more ... | undefined; }): PgInsertBase<...>', gave the following error.
    Object literal may only specify known properties, but 'tenant_id' does not exist in type '{ name: string | SQL<unknown> | Placeholder<string, any>; tenantId: string | SQL<unknown> | Placeholder<string, any>; email: string | SQL<unknown> | Placeholder<string, any>; ... 14 more ...; deletedAt?: SQL<...> | ... 3 more ... | undefined; }'. Did you mean to write 'tenantId'?
  Overload 2 of 2, '(values: { name: string | SQL<unknown> | Placeholder<string, any>; tenantId: string | SQL<unknown> | Placeholder<string, any>; email: string | SQL<unknown> | Placeholder<...>; ... 14 more ...; deletedAt?: SQL<...> | ... 3 more ... | undefined; }[]): PgInsertBase<...>', gave the following error.
    Object literal may only specify known properties, and 'tenant_id' does not exist in type '{ name: string | SQL<unknown> | Placeholder<string, any>; tenantId: string | SQL<unknown> | Placeholder<string, any>; email: string | SQL<unknown> | Placeholder<string, any>; ... 14 more ...; deletedAt?: SQL<...> | ... 3 more ... | undefined; }[]'.
src/__tests__/rls-policies.test.ts(442,20): error TS2551: Property 'tenant_id' does not exist on type '{ id: string; name: string; status: string; createdAt: Date; updatedAt: Date; tenantId: string; authId: string | null; email: string; emailVerified: boolean | null; phone: string | null; ... 7 more ...; deletedAt: Date | null; }'. Did you mean 'tenantId'?
src/__tests__/rls-policies.test.ts(472,9): error TS2769: No overload matches this call.
  Overload 1 of 2, '(value: { name: string | SQL<unknown> | Placeholder<string, any>; tenantId: string | SQL<unknown> | Placeholder<string, any>; startDate: string | SQL<unknown> | Placeholder<...>; ... 19 more ...; showCapacityPublicly?: boolean | ... 3 more ... | undefined; }): PgInsertBase<...>', gave the following error.
    Object literal may only specify known properties, but 'tenant_id' does not exist in type '{ name: string | SQL<unknown> | Placeholder<string, any>; tenantId: string | SQL<unknown> | Placeholder<string, any>; startDate: string | SQL<unknown> | Placeholder<...>; ... 19 more ...; showCapacityPublicly?: boolean | ... 3 more ... | undefined; }'. Did you mean to write 'tenantId'?
  Overload 2 of 2, '(values: { name: string | SQL<unknown> | Placeholder<string, any>; tenantId: string | SQL<unknown> | Placeholder<string, any>; startDate: string | SQL<unknown> | Placeholder<...>; ... 19 more ...; showCapacityPublicly?: boolean | ... 3 more ... | undefined; }[]): PgInsertBase<...>', gave the following error.
    Object literal may only specify known properties, and 'tenant_id' does not exist in type '{ name: string | SQL<unknown> | Placeholder<string, any>; tenantId: string | SQL<unknown> | Placeholder<string, any>; startDate: string | SQL<unknown> | Placeholder<...>; ... 19 more ...; showCapacityPublicly?: boolean | ... 3 more ... | undefined; }[]'.
src/__tests__/rls-policies.test.ts(480,21): error TS2551: Property 'tenant_id' does not exist on type '{ id: string; name: string; status: string; createdAt: Date; updatedAt: Date; tenantId: string; code: string | null; description: string | null; level: string | null; subject: string | null; ... 12 more ...; showCapacityPublicly: boolean | null; }'. Did you mean 'tenantId'?
src/__tests__/rls-policies.test.ts(523,11): error TS2769: No overload matches this call.
  Overload 1 of 2, '(value: { name: string | SQL<unknown> | Placeholder<string, any>; tenantId: string | SQL<unknown> | Placeholder<string, any>; startDate: string | SQL<unknown> | Placeholder<...>; ... 19 more ...; showCapacityPublicly?: boolean | ... 3 more ... | undefined; }): PgInsertBase<...>', gave the following error.
    Object literal may only specify known properties, but 'tenant_id' does not exist in type '{ name: string | SQL<unknown> | Placeholder<string, any>; tenantId: string | SQL<unknown> | Placeholder<string, any>; startDate: string | SQL<unknown> | Placeholder<...>; ... 19 more ...; showCapacityPublicly?: boolean | ... 3 more ... | undefined; }'. Did you mean to write 'tenantId'?
  Overload 2 of 2, '(values: { name: string | SQL<unknown> | Placeholder<string, any>; tenantId: string | SQL<unknown> | Placeholder<string, any>; startDate: string | SQL<unknown> | Placeholder<...>; ... 19 more ...; showCapacityPublicly?: boolean | ... 3 more ... | undefined; }[]): PgInsertBase<...>', gave the following error.
    Object literal may only specify known properties, and 'tenant_id' does not exist in type '{ name: string | SQL<unknown> | Placeholder<string, any>; tenantId: string | SQL<unknown> | Placeholder<string, any>; startDate: string | SQL<unknown> | Placeholder<...>; ... 19 more ...; showCapacityPublicly?: boolean | ... 3 more ... | undefined; }[]'.
src/app/admin/classes/[id]/edit/page.tsx(124,9): error TS2322: Type '{ classData: { startDate: string; endDate: string | null; daysOfWeek: string[]; id: string; name: string; code: string | null; level: string | null; subject: string | null; capacity: number; ... 8 more ...; enrolledCount: number; }; teachers: { ...; }[]; programmes: { ...; }[]; enrolledCount: number; }' is not assignable to type 'IntrinsicAttributes & Props'.
  Property 'enrolledCount' does not exist on type 'IntrinsicAttributes & Props'.
src/app/admin/classes/page.tsx(179,18): error TS2322: Type '{ class: { id: string; code: string | null; name: string; level: string | null; subject: string | null; capacity: number; enrolledCount: number; status: string; scheduleDescription: string | null; ... 8 more ...; createdAt: Date; }; teacher: { ...; } | null; enrollmentCount: number; }[]' is not assignable to type 'ClassData[]'.
  Type '{ class: { id: string; code: string | null; name: string; level: string | null; subject: string | null; capacity: number; enrolledCount: number; status: string; scheduleDescription: string | null; ... 8 more ...; createdAt: Date; }; teacher: { ...; } | null; enrollmentCount: number; }' is not assignable to type 'ClassData'.
    The types of 'class.daysOfWeek' are incompatible between these types.
      Type 'string[] | null' is not assignable to type 'string[]'.
        Type 'null' is not assignable to type 'string[]'.
src/app/admin/enrolments/[id]/amend/page.tsx(92,11): error TS2322: Type 'string | null' is not assignable to type 'string | undefined'.
  Type 'null' is not assignable to type 'string | undefined'.
src/app/admin/enrolments/[id]/page.tsx(127,7): error TS2322: Type '{ id: string; name: string; code: string | null; level: string | null; teacherName: string | undefined; }' is not assignable to type 'Class'.
  Types of property 'code' are incompatible.
    Type 'string | null' is not assignable to type 'string | undefined'.
      Type 'null' is not assignable to type 'string | undefined'.
src/app/admin/enrolments/[id]/page.tsx(128,7): error TS2322: Type '{ id: string; amendmentType: string; amendmentDate: string; previousValue: string; newValue: string; reason: string | null; status: string; metadata: Record<string, unknown>; }[]' is not assignable to type 'Amendment[]'.
  Type '{ id: string; amendmentType: string; amendmentDate: string; previousValue: string; newValue: string; reason: string | null; status: string; metadata: Record<string, unknown>; }' is not assignable to type 'Amendment'.
    Types of property 'reason' are incompatible.
      Type 'string | null' is not assignable to type 'string | undefined'.
        Type 'null' is not assignable to type 'string | undefined'.
src/app/admin/enrolments/[id]/transfer/page.tsx(96,11): error TS2322: Type 'string | null' is not assignable to type 'string | undefined'.
  Type 'null' is not assignable to type 'string | undefined'.
src/app/admin/enrolments/[id]/transfer/page.tsx(97,11): error TS2322: Type 'string | null' is not assignable to type 'string | undefined'.
  Type 'null' is not assignable to type 'string | undefined'.
src/app/admin/enrolments/enroll/page.tsx(136,48): error TS2322: Type '{ startDate: string | undefined; endDate: string | undefined; id: string; name: string; code: string | null; level: string | null; capacity: number; enrolledCount: number; }[]' is not assignable to type 'Class[]'.
  Type '{ startDate: string | undefined; endDate: string | undefined; id: string; name: string; code: string | null; level: string | null; capacity: number; enrolledCount: number; }' is not assignable to type 'Class'.
    Types of property 'code' are incompatible.
      Type 'string | null' is not assignable to type 'string | undefined'.
        Type 'null' is not assignable to type 'string | undefined'.
src/app/admin/enrolments/page.tsx(294,11): error TS2322: Type '{ enrolment: { id: string; tenantId: string; studentId: string; classId: string; enrollmentDate: string; completionDate: string | null; expectedEndDate: string | null; bookedWeeks: number | null; ... 7 more ...; updatedAt: Date; }; student: { ...; } | null; class: { ...; } | null; }[]' is not assignable to type 'EnrollmentData[]'.
  Type '{ enrolment: { id: string; tenantId: string; studentId: string; classId: string; enrollmentDate: string; completionDate: string | null; expectedEndDate: string | null; bookedWeeks: number | null; ... 7 more ...; updatedAt: Date; }; student: { ...; } | null; class: { ...; } | null; }' is not assignable to type 'EnrollmentData'.
    The types of 'enrolment.enrollmentDate' are incompatible between these types.
      Type 'string' is not assignable to type 'Date'.
src/app/admin/finance/invoices/[id]/page.tsx(6,10): error TS2305: Module '"@/db/schema"' has no exported member 'invoices'.
src/app/admin/finance/invoices/[id]/page.tsx(40,34): error TS2339: Property 'recorded_by' does not exist on type 'PgTableWithColumns<{ name: "payments"; schema: undefined; columns: { id: PgColumn<{ name: "id"; tableName: "payments"; dataType: "string"; columnType: "PgUUID"; data: string; driverParam: string; notNull: true; hasDefault: true; ... 6 more ...; generated: undefined; }, {}, {}>; ... 9 more ...; updatedAt: PgColumn<.....'.
src/app/admin/finance/invoices/[id]/page.tsx(41,24): error TS2339: Property 'invoice_id' does not exist on type 'PgTableWithColumns<{ name: "payments"; schema: undefined; columns: { id: PgColumn<{ name: "id"; tableName: "payments"; dataType: "string"; columnType: "PgUUID"; data: string; driverParam: string; notNull: true; hasDefault: true; ... 6 more ...; generated: undefined; }, {}, {}>; ... 9 more ...; updatedAt: PgColumn<.....'.
src/app/admin/finance/invoices/[id]/page.tsx(42,23): error TS2551: Property 'payment_date' does not exist on type 'PgTableWithColumns<{ name: "payments"; schema: undefined; columns: { id: PgColumn<{ name: "id"; tableName: "payments"; dataType: "string"; columnType: "PgUUID"; data: string; driverParam: string; notNull: true; hasDefault: true; ... 6 more ...; generated: undefined; }, {}, {}>; ... 9 more ...; updatedAt: PgColumn<.....'. Did you mean 'paymentDate'?
src/app/admin/finance/invoices/[id]/page.tsx(64,79): error TS2339: Property 'amount' does not exist on type '{ id: string; tenantId: string; bookingId: string; paymentDate: string; amountEur: string; paymentMethod: string; referenceNumber: string | null; receivedBy: string | null; notes: string | null; createdAt: Date; updatedAt: Date; }'.
src/app/admin/finance/invoices/[id]/page.tsx(275,45): error TS2551: Property 'payment_date' does not exist on type '{ id: string; tenantId: string; bookingId: string; paymentDate: string; amountEur: string; paymentMethod: string; referenceNumber: string | null; receivedBy: string | null; notes: string | null; createdAt: Date; updatedAt: Date; }'. Did you mean 'paymentDate'?
src/app/admin/finance/invoices/[id]/page.tsx(278,51): error TS2339: Property 'amount' does not exist on type '{ id: string; tenantId: string; bookingId: string; paymentDate: string; amountEur: string; paymentMethod: string; referenceNumber: string | null; receivedBy: string | null; notes: string | null; createdAt: Date; updatedAt: Date; }'.
src/app/admin/finance/invoices/[id]/page.tsx(278,67): error TS2339: Property 'currency' does not exist on type '{ id: string; tenantId: string; bookingId: string; paymentDate: string; amountEur: string; paymentMethod: string; referenceNumber: string | null; receivedBy: string | null; notes: string | null; createdAt: Date; updatedAt: Date; }'.
src/app/admin/finance/invoices/[id]/page.tsx(281,36): error TS2551: Property 'payment_method' does not exist on type '{ id: string; tenantId: string; bookingId: string; paymentDate: string; amountEur: string; paymentMethod: string; referenceNumber: string | null; receivedBy: string | null; notes: string | null; createdAt: Date; updatedAt: Date; }'. Did you mean 'paymentMethod'?
src/app/admin/finance/invoices/create/page.tsx(21,18): error TS2551: Property 'tenant_id' does not exist on type 'PgTableWithColumns<{ name: "users"; schema: undefined; columns: { id: PgColumn<{ name: "id"; tableName: "users"; dataType: "string"; columnType: "PgUUID"; data: string; driverParam: string; notNull: true; hasDefault: true; ... 6 more ...; generated: undefined; }, {}, {}>; ... 16 more ...; deletedAt: PgColumn<...>; }...'. Did you mean 'tenantId'?
src/app/admin/finance/invoices/page.tsx(6,10): error TS2305: Module '"@/db/schema"' has no exported member 'invoices'.
src/app/admin/finance/page.tsx(96,28): error TS2339: Property 'fullName' does not exist on type 'PgTableWithColumns<{ name: "students"; schema: undefined; columns: { id: PgColumn<{ name: "id"; tableName: "students"; dataType: "string"; columnType: "PgUUID"; data: string; driverParam: string; notNull: true; hasDefault: true; ... 6 more ...; generated: undefined; }, {}, {}>; ... 13 more ...; updatedAt: PgColumn<....'.
src/app/admin/finance/payments/page.tsx(6,20): error TS2305: Module '"@/db/schema"' has no exported member 'invoices'.
src/app/admin/finance/payments/page.tsx(27,38): error TS2339: Property 'invoice_id' does not exist on type 'PgTableWithColumns<{ name: "payments"; schema: undefined; columns: { id: PgColumn<{ name: "id"; tableName: "payments"; dataType: "string"; columnType: "PgUUID"; data: string; driverParam: string; notNull: true; hasDefault: true; ... 6 more ...; generated: undefined; }, {}, {}>; ... 9 more ...; updatedAt: PgColumn<.....'.
src/app/admin/finance/payments/page.tsx(28,35): error TS2339: Property 'student_id' does not exist on type 'PgTableWithColumns<{ name: "payments"; schema: undefined; columns: { id: PgColumn<{ name: "id"; tableName: "payments"; dataType: "string"; columnType: "PgUUID"; data: string; driverParam: string; notNull: true; hasDefault: true; ... 6 more ...; generated: undefined; }, {}, {}>; ... 9 more ...; updatedAt: PgColumn<.....'.
src/app/admin/finance/payments/page.tsx(29,24): error TS2551: Property 'tenant_id' does not exist on type 'PgTableWithColumns<{ name: "payments"; schema: undefined; columns: { id: PgColumn<{ name: "id"; tableName: "payments"; dataType: "string"; columnType: "PgUUID"; data: string; driverParam: string; notNull: true; hasDefault: true; ... 6 more ...; generated: undefined; }, {}, {}>; ... 9 more ...; updatedAt: PgColumn<.....'. Did you mean 'tenantId'?
src/app/admin/finance/payments/page.tsx(30,28): error TS2551: Property 'payment_date' does not exist on type 'PgTableWithColumns<{ name: "payments"; schema: undefined; columns: { id: PgColumn<{ name: "id"; tableName: "payments"; dataType: "string"; columnType: "PgUUID"; data: string; driverParam: string; notNull: true; hasDefault: true; ... 6 more ...; generated: undefined; }, {}, {}>; ... 9 more ...; updatedAt: PgColumn<.....'. Did you mean 'paymentDate'?
src/app/admin/finance/payments/page.tsx(38,24): error TS2339: Property 'amount' does not exist on type 'PgTableWithColumns<{ name: "payments"; schema: undefined; columns: { id: PgColumn<{ name: "id"; tableName: "payments"; dataType: "string"; columnType: "PgUUID"; data: string; driverParam: string; notNull: true; hasDefault: true; ... 6 more ...; generated: undefined; }, {}, {}>; ... 9 more ...; updatedAt: PgColumn<.....'.
src/app/admin/finance/payments/page.tsx(39,32): error TS2551: Property 'payment_method' does not exist on type 'PgTableWithColumns<{ name: "payments"; schema: undefined; columns: { id: PgColumn<{ name: "id"; tableName: "payments"; dataType: "string"; columnType: "PgUUID"; data: string; driverParam: string; notNull: true; hasDefault: true; ... 6 more ...; generated: undefined; }, {}, {}>; ... 9 more ...; updatedAt: PgColumn<.....'. Did you mean 'paymentMethod'?
src/app/admin/finance/payments/page.tsx(40,30): error TS2551: Property 'payment_date' does not exist on type 'PgTableWithColumns<{ name: "payments"; schema: undefined; columns: { id: PgColumn<{ name: "id"; tableName: "payments"; dataType: "string"; columnType: "PgUUID"; data: string; driverParam: string; notNull: true; hasDefault: true; ... 6 more ...; generated: undefined; }, {}, {}>; ... 9 more ...; updatedAt: PgColumn<.....'. Did you mean 'paymentDate'?
src/app/admin/finance/payments/page.tsx(43,24): error TS2551: Property 'tenant_id' does not exist on type 'PgTableWithColumns<{ name: "payments"; schema: undefined; columns: { id: PgColumn<{ name: "id"; tableName: "payments"; dataType: "string"; columnType: "PgUUID"; data: string; driverParam: string; notNull: true; hasDefault: true; ... 6 more ...; generated: undefined; }, {}, {}>; ... 9 more ...; updatedAt: PgColumn<.....'. Did you mean 'tenantId'?
src/app/admin/query/page.tsx(7,21): error TS2554: Expected 0 arguments, but got 1.
src/app/admin/reports/attendance/page.tsx(115,52): error TS2345: Argument of type 'string | null' is not assignable to parameter of type 'string'.
  Type 'null' is not assignable to type 'string'.
src/app/admin/reports/attendance/page.tsx(116,56): error TS2345: Argument of type 'string | null' is not assignable to parameter of type 'string'.
  Type 'null' is not assignable to type 'string'.
src/app/admin/reports/bookings/page.tsx(195,32): error TS2339: Property 'fullName' does not exist on type '{ id: string; userId: string; tenantId: string; studentNumber: string | null; isVisaStudent: boolean | null; visaType: string | null; visaExpiryDate: string | null; emergencyContactName: string | null; ... 6 more ...; updatedAt: Date; }'.
src/app/admin/reports/enrollments/page.tsx(74,50): error TS2345: Argument of type 'string | null' is not assignable to parameter of type 'string'.
  Type 'null' is not assignable to type 'string'.
src/app/admin/reports/enrollments/page.tsx(75,54): error TS2345: Argument of type 'string | null' is not assignable to parameter of type 'string'.
  Type 'null' is not assignable to type 'string'.
src/app/admin/students/_actions/studentActions.ts(74,56): error TS2551: Property 'tenant_id' does not exist on type 'PgTableWithColumns<{ name: "users"; schema: undefined; columns: { id: PgColumn<{ name: "id"; tableName: "users"; dataType: "string"; columnType: "PgUUID"; data: string; driverParam: string; notNull: true; hasDefault: true; ... 6 more ...; generated: undefined; }, {}, {}>; ... 16 more ...; deletedAt: PgColumn<...>; }...'. Did you mean 'tenantId'?
src/app/admin/students/_actions/studentActions.ts(100,9): error TS2769: No overload matches this call.
  Overload 1 of 2, '(value: { name: string | SQL<unknown> | Placeholder<string, any>; tenantId: string | SQL<unknown> | Placeholder<string, any>; email: string | SQL<unknown> | Placeholder<...>; ... 14 more ...; deletedAt?: SQL<...> | ... 3 more ... | undefined; }): PgInsertBase<...>', gave the following error.
    Object literal may only specify known properties, but 'tenant_id' does not exist in type '{ name: string | SQL<unknown> | Placeholder<string, any>; tenantId: string | SQL<unknown> | Placeholder<string, any>; email: string | SQL<unknown> | Placeholder<string, any>; ... 14 more ...; deletedAt?: SQL<...> | ... 3 more ... | undefined; }'. Did you mean to write 'tenantId'?
  Overload 2 of 2, '(values: { name: string | SQL<unknown> | Placeholder<string, any>; tenantId: string | SQL<unknown> | Placeholder<string, any>; email: string | SQL<unknown> | Placeholder<...>; ... 14 more ...; deletedAt?: SQL<...> | ... 3 more ... | undefined; }[]): PgInsertBase<...>', gave the following error.
    Object literal may only specify known properties, and 'tenant_id' does not exist in type '{ name: string | SQL<unknown> | Placeholder<string, any>; tenantId: string | SQL<unknown> | Placeholder<string, any>; email: string | SQL<unknown> | Placeholder<string, any>; ... 14 more ...; deletedAt?: SQL<...> | ... 3 more ... | undefined; }[]'.
src/app/admin/students/_actions/studentActions.ts(212,52): error TS2551: Property 'tenant_id' does not exist on type 'PgTableWithColumns<{ name: "users"; schema: undefined; columns: { id: PgColumn<{ name: "id"; tableName: "users"; dataType: "string"; columnType: "PgUUID"; data: string; driverParam: string; notNull: true; hasDefault: true; ... 6 more ...; generated: undefined; }, {}, {}>; ... 16 more ...; deletedAt: PgColumn<...>; }...'. Did you mean 'tenantId'?
src/app/admin/students/_actions/studentActions.ts(212,83): error TS2339: Property 'role' does not exist on type 'PgTableWithColumns<{ name: "users"; schema: undefined; columns: { id: PgColumn<{ name: "id"; tableName: "users"; dataType: "string"; columnType: "PgUUID"; data: string; driverParam: string; notNull: true; hasDefault: true; ... 6 more ...; generated: undefined; }, {}, {}>; ... 16 more ...; deletedAt: PgColumn<...>; }...'.
src/app/admin/students/_actions/studentActions.ts(224,58): error TS2551: Property 'tenant_id' does not exist on type 'PgTableWithColumns<{ name: "users"; schema: undefined; columns: { id: PgColumn<{ name: "id"; tableName: "users"; dataType: "string"; columnType: "PgUUID"; data: string; driverParam: string; notNull: true; hasDefault: true; ... 6 more ...; generated: undefined; }, {}, {}>; ... 16 more ...; deletedAt: PgColumn<...>; }...'. Did you mean 'tenantId'?
src/app/admin/students/_actions/studentActions.ts(251,52): error TS2551: Property 'tenant_id' does not exist on type 'PgTableWithColumns<{ name: "users"; schema: undefined; columns: { id: PgColumn<{ name: "id"; tableName: "users"; dataType: "string"; columnType: "PgUUID"; data: string; driverParam: string; notNull: true; hasDefault: true; ... 6 more ...; generated: undefined; }, {}, {}>; ... 16 more ...; deletedAt: PgColumn<...>; }...'. Did you mean 'tenantId'?
src/app/admin/students/_actions/studentActions.ts(294,52): error TS2551: Property 'tenant_id' does not exist on type 'PgTableWithColumns<{ name: "users"; schema: undefined; columns: { id: PgColumn<{ name: "id"; tableName: "users"; dataType: "string"; columnType: "PgUUID"; data: string; driverParam: string; notNull: true; hasDefault: true; ... 6 more ...; generated: undefined; }, {}, {}>; ... 16 more ...; deletedAt: PgColumn<...>; }...'. Did you mean 'tenantId'?
src/app/admin/students/_actions/studentActions.ts(294,83): error TS2339: Property 'role' does not exist on type 'PgTableWithColumns<{ name: "users"; schema: undefined; columns: { id: PgColumn<{ name: "id"; tableName: "users"; dataType: "string"; columnType: "PgUUID"; data: string; driverParam: string; notNull: true; hasDefault: true; ... 6 more ...; generated: undefined; }, {}, {}>; ... 16 more ...; deletedAt: PgColumn<...>; }...'.
src/app/admin/students/_actions/studentActions.ts(306,9): error TS2561: Object literal may only specify known properties, but 'deleted_at' does not exist in type '{ name?: string | SQL<unknown> | PgColumn<ColumnBaseConfig<ColumnDataType, string>, {}, {}> | undefined; tenantId?: string | SQL<unknown> | PgColumn<...> | undefined; ... 15 more ...; deletedAt?: SQL<...> | ... 3 more ... | undefined; }'. Did you mean to write 'deletedAt'?
src/app/admin/students/_actions/studentActions.ts(309,52): error TS2551: Property 'tenant_id' does not exist on type 'PgTableWithColumns<{ name: "users"; schema: undefined; columns: { id: PgColumn<{ name: "id"; tableName: "users"; dataType: "string"; columnType: "PgUUID"; data: string; driverParam: string; notNull: true; hasDefault: true; ... 6 more ...; generated: undefined; }, {}, {}>; ... 16 more ...; deletedAt: PgColumn<...>; }...'. Did you mean 'tenantId'?
src/app/admin/students/_actions/studentActions.ts(351,52): error TS2551: Property 'tenant_id' does not exist on type 'PgTableWithColumns<{ name: "users"; schema: undefined; columns: { id: PgColumn<{ name: "id"; tableName: "users"; dataType: "string"; columnType: "PgUUID"; data: string; driverParam: string; notNull: true; hasDefault: true; ... 6 more ...; generated: undefined; }, {}, {}>; ... 16 more ...; deletedAt: PgColumn<...>; }...'. Did you mean 'tenantId'?
src/app/admin/students/_actions/studentActions.ts(351,83): error TS2339: Property 'role' does not exist on type 'PgTableWithColumns<{ name: "users"; schema: undefined; columns: { id: PgColumn<{ name: "id"; tableName: "users"; dataType: "string"; columnType: "PgUUID"; data: string; driverParam: string; notNull: true; hasDefault: true; ... 6 more ...; generated: undefined; }, {}, {}>; ... 16 more ...; deletedAt: PgColumn<...>; }...'.
src/app/admin/students/_actions/studentActions.ts(358,17): error TS2339: Property 'level_status' does not exist on type '{ id: string; tenantId: string; authId: string | null; email: string; emailVerified: boolean | null; name: string; phone: string | null; dateOfBirth: string | null; nationality: string | null; ... 8 more ...; deletedAt: Date | null; }'.
src/app/admin/students/_actions/studentActions.ts(358,59): error TS2339: Property 'level_status' does not exist on type '{ id: string; tenantId: string; authId: string | null; email: string; emailVerified: boolean | null; name: string; phone: string | null; dateOfBirth: string | null; nationality: string | null; ... 8 more ...; deletedAt: Date | null; }'.
src/app/admin/students/_actions/studentActions.ts(366,9): error TS2353: Object literal may only specify known properties, and 'level_status' does not exist in type '{ name?: string | SQL<unknown> | PgColumn<ColumnBaseConfig<ColumnDataType, string>, {}, {}> | undefined; tenantId?: string | SQL<unknown> | PgColumn<...> | undefined; ... 15 more ...; deletedAt?: SQL<...> | ... 3 more ... | undefined; }'.
src/app/admin/students/_actions/studentActions.ts(369,52): error TS2551: Property 'tenant_id' does not exist on type 'PgTableWithColumns<{ name: "users"; schema: undefined; columns: { id: PgColumn<{ name: "id"; tableName: "users"; dataType: "string"; columnType: "PgUUID"; data: string; driverParam: string; notNull: true; hasDefault: true; ... 6 more ...; generated: undefined; }, {}, {}>; ... 16 more ...; deletedAt: PgColumn<...>; }...'. Did you mean 'tenantId'?
src/app/admin/students/_actions/studentActions.ts(382,35): error TS2339: Property 'current_level' does not exist on type '{ id: string; tenantId: string; authId: string | null; email: string; emailVerified: boolean | null; name: string; phone: string | null; dateOfBirth: string | null; nationality: string | null; ... 8 more ...; deletedAt: Date | null; }'.
src/app/admin/students/_actions/studentActions.ts(383,36): error TS2339: Property 'level_status' does not exist on type '{ id: string; tenantId: string; authId: string | null; email: string; emailVerified: boolean | null; name: string; phone: string | null; dateOfBirth: string | null; nationality: string | null; ... 8 more ...; deletedAt: Date | null; }'.
src/app/admin/students/_actions/studentActions.ts(455,5): error TS2322: Type 'unknown' is not assignable to type 'string'.
src/app/admin/students/_actions/studentActions.ts(470,3): error TS2322: Type 'unknown' is not assignable to type 'string'.
src/app/admin/students/page.tsx(191,26): error TS2322: Type 'StudentWithDetails[]' is not assignable to type 'StudentWithMetadata[]'.
  Type 'StudentWithDetails' is missing the following properties from type 'StudentWithMetadata': createdAt, updatedAt, tenantId, authId, and 8 more.
src/app/admin/teachers/page.tsx(80,38): error TS2345: Argument of type 'string | null' is not assignable to parameter of type 'string'.
  Type 'null' is not assignable to type 'string'.
src/app/admin/teachers/page.tsx(81,48): error TS2345: Argument of type 'string | null' is not assignable to parameter of type 'string'.
  Type 'null' is not assignable to type 'string'.
src/app/admin/users/[id]/edit/page.tsx(19,19): error TS2339: Property 'role' does not exist on type 'PgTableWithColumns<{ name: "users"; schema: undefined; columns: { id: PgColumn<{ name: "id"; tableName: "users"; dataType: "string"; columnType: "PgUUID"; data: string; driverParam: string; notNull: true; hasDefault: true; ... 6 more ...; generated: undefined; }, {}, {}>; ... 16 more ...; deletedAt: PgColumn<...>; }...'.
src/app/admin/users/[id]/edit/page.tsx(23,47): error TS2551: Property 'tenant_id' does not exist on type 'PgTableWithColumns<{ name: "users"; schema: undefined; columns: { id: PgColumn<{ name: "id"; tableName: "users"; dataType: "string"; columnType: "PgUUID"; data: string; driverParam: string; notNull: true; hasDefault: true; ... 6 more ...; generated: undefined; }, {}, {}>; ... 16 more ...; deletedAt: PgColumn<...>; }...'. Did you mean 'tenantId'?
src/app/admin/users/[id]/page.tsx(16,47): error TS2551: Property 'tenant_id' does not exist on type 'PgTableWithColumns<{ name: "users"; schema: undefined; columns: { id: PgColumn<{ name: "id"; tableName: "users"; dataType: "string"; columnType: "PgUUID"; data: string; driverParam: string; notNull: true; hasDefault: true; ... 6 more ...; generated: undefined; }, {}, {}>; ... 16 more ...; deletedAt: PgColumn<...>; }...'. Did you mean 'tenantId'?
src/app/admin/users/[id]/page.tsx(29,40): error TS2551: Property 'class_id' does not exist on type 'PgTableWithColumns<{ name: "enrollments"; schema: undefined; columns: { id: PgColumn<{ name: "id"; tableName: "enrollments"; dataType: "string"; columnType: "PgUUID"; data: string; driverParam: string; notNull: true; hasDefault: true; ... 6 more ...; generated: undefined; }, {}, {}>; ... 14 more ...; updatedAt: PgCo...'. Did you mean 'classId'?
src/app/admin/users/[id]/page.tsx(30,27): error TS2551: Property 'student_id' does not exist on type 'PgTableWithColumns<{ name: "enrollments"; schema: undefined; columns: { id: PgColumn<{ name: "id"; tableName: "enrollments"; dataType: "string"; columnType: "PgUUID"; data: string; driverParam: string; notNull: true; hasDefault: true; ... 6 more ...; generated: undefined; }, {}, {}>; ... 14 more ...; updatedAt: PgCo...'. Did you mean 'studentId'?
src/app/admin/users/[id]/page.tsx(31,26): error TS2551: Property 'enrollment_date' does not exist on type 'PgTableWithColumns<{ name: "enrollments"; schema: undefined; columns: { id: PgColumn<{ name: "id"; tableName: "enrollments"; dataType: "string"; columnType: "PgUUID"; data: string; driverParam: string; notNull: true; hasDefault: true; ... 6 more ...; generated: undefined; }, {}, {}>; ... 14 more ...; updatedAt: PgCo...'. Did you mean 'enrollmentDate'?
src/app/admin/users/[id]/page.tsx(40,23): error TS2551: Property 'teacher_id' does not exist on type 'PgTableWithColumns<{ name: "classes"; schema: undefined; columns: { id: PgColumn<{ name: "id"; tableName: "classes"; dataType: "string"; columnType: "PgUUID"; data: string; driverParam: string; notNull: true; hasDefault: true; ... 6 more ...; generated: undefined; }, {}, {}>; ... 21 more ...; deletedAt: PgColumn<......'. Did you mean 'teacherId'?
src/app/admin/users/[id]/page.tsx(41,22): error TS2551: Property 'start_date' does not exist on type 'PgTableWithColumns<{ name: "classes"; schema: undefined; columns: { id: PgColumn<{ name: "id"; tableName: "classes"; dataType: "string"; columnType: "PgUUID"; data: string; driverParam: string; notNull: true; hasDefault: true; ... 6 more ...; generated: undefined; }, {}, {}>; ... 21 more ...; deletedAt: PgColumn<......'. Did you mean 'startDate'?
src/app/admin/users/[id]/page.tsx(61,28): error TS2339: Property 'role' does not exist on type '{ id: string; tenantId: string; authId: string | null; email: string; emailVerified: boolean | null; name: string; phone: string | null; dateOfBirth: string | null; nationality: string | null; ... 8 more ...; deletedAt: Date | null; }'.
src/app/admin/users/[id]/page.tsx(62,31): error TS2339: Property 'role' does not exist on type '{ id: string; tenantId: string; authId: string | null; email: string; emailVerified: boolean | null; name: string; phone: string | null; dateOfBirth: string | null; nationality: string | null; ... 8 more ...; deletedAt: Date | null; }'.
src/app/admin/users/[id]/page.tsx(121,98): error TS2339: Property 'role' does not exist on type '{ id: string; tenantId: string; authId: string | null; email: string; emailVerified: boolean | null; name: string; phone: string | null; dateOfBirth: string | null; nationality: string | null; ... 8 more ...; deletedAt: Date | null; }'.
src/app/admin/users/[id]/page.tsx(123,27): error TS2339: Property 'role' does not exist on type '{ id: string; tenantId: string; authId: string | null; email: string; emailVerified: boolean | null; name: string; phone: string | null; dateOfBirth: string | null; nationality: string | null; ... 8 more ...; deletedAt: Date | null; }'.
src/app/admin/users/[id]/page.tsx(140,34): error TS2551: Property 'created_at' does not exist on type '{ id: string; tenantId: string; authId: string | null; email: string; emailVerified: boolean | null; name: string; phone: string | null; dateOfBirth: string | null; nationality: string | null; ... 8 more ...; deletedAt: Date | null; }'. Did you mean 'createdAt'?
src/app/admin/users/[id]/page.tsx(146,25): error TS2551: Property 'last_login' does not exist on type '{ id: string; tenantId: string; authId: string | null; email: string; emailVerified: boolean | null; name: string; phone: string | null; dateOfBirth: string | null; nationality: string | null; ... 8 more ...; deletedAt: Date | null; }'. Did you mean 'lastLogin'?
src/app/admin/users/[id]/page.tsx(146,52): error TS2551: Property 'last_login' does not exist on type '{ id: string; tenantId: string; authId: string | null; email: string; emailVerified: boolean | null; name: string; phone: string | null; dateOfBirth: string | null; nationality: string | null; ... 8 more ...; deletedAt: Date | null; }'. Did you mean 'lastLogin'?
src/app/admin/users/[id]/page.tsx(153,17): error TS2339: Property 'role' does not exist on type '{ id: string; tenantId: string; authId: string | null; email: string; emailVerified: boolean | null; name: string; phone: string | null; dateOfBirth: string | null; nationality: string | null; ... 8 more ...; deletedAt: Date | null; }'.
src/app/admin/users/[id]/page.tsx(190,50): error TS2551: Property 'enrollment_date' does not exist on type '{ id: string; tenantId: string; studentId: string; classId: string; enrollmentDate: string; completionDate: string | null; expectedEndDate: string | null; bookedWeeks: number | null; originalCourseId: string | null; ... 6 more ...; updatedAt: Date; }'. Did you mean 'enrollmentDate'?
src/app/admin/users/[id]/page.tsx(201,17): error TS2339: Property 'role' does not exist on type '{ id: string; tenantId: string; authId: string | null; email: string; emailVerified: boolean | null; name: string; phone: string | null; dateOfBirth: string | null; nationality: string | null; ... 8 more ...; deletedAt: Date | null; }'.
src/app/admin/users/[id]/page.tsx(237,34): error TS2551: Property 'schedule_description' does not exist on type '{ id: string; tenantId: string; name: string; code: string | null; description: string | null; level: string | null; subject: string | null; capacity: number; enrolledCount: number; teacherId: string | null; ... 12 more ...; deletedAt: Date | null; }'. Did you mean 'scheduleDescription'?
src/app/admin/users/[id]/page.tsx(240,34): error TS2551: Property 'enrolled_count' does not exist on type '{ id: string; tenantId: string; name: string; code: string | null; description: string | null; level: string | null; subject: string | null; capacity: number; enrolledCount: number; teacherId: string | null; ... 12 more ...; deletedAt: Date | null; }'. Did you mean 'enrolledCount'?
src/app/admin/users/[id]/page.tsx(264,21): error TS2339: Property 'role' does not exist on type '{ id: string; tenantId: string; authId: string | null; email: string; emailVerified: boolean | null; name: string; phone: string | null; dateOfBirth: string | null; nationality: string | null; ... 8 more ...; deletedAt: Date | null; }'.
src/app/admin/users/[id]/page.tsx(269,21): error TS2339: Property 'role' does not exist on type '{ id: string; tenantId: string; authId: string | null; email: string; emailVerified: boolean | null; name: string; phone: string | null; dateOfBirth: string | null; nationality: string | null; ... 8 more ...; deletedAt: Date | null; }'.
src/app/admin/users/_actions/userActions.ts(67,49): error TS2551: Property 'tenant_id' does not exist on type 'PgTableWithColumns<{ name: "users"; schema: undefined; columns: { id: PgColumn<{ name: "id"; tableName: "users"; dataType: "string"; columnType: "PgUUID"; data: string; driverParam: string; notNull: true; hasDefault: true; ... 6 more ...; generated: undefined; }, {}, {}>; ... 16 more ...; deletedAt: PgColumn<...>; }...'. Did you mean 'tenantId'?
src/app/admin/users/_actions/userActions.ts(73,32): error TS2339: Property 'role' does not exist on type '{ id: string; tenantId: string; authId: string | null; email: string; emailVerified: boolean | null; name: string; phone: string | null; dateOfBirth: string | null; nationality: string | null; ... 8 more ...; deletedAt: Date | null; }'.
src/app/admin/users/_actions/userActions.ts(85,14): error TS2353: Object literal may only specify known properties, and 'role' does not exist in type '{ name?: string | SQL<unknown> | PgColumn<ColumnBaseConfig<ColumnDataType, string>, {}, {}> | undefined; tenantId?: string | SQL<unknown> | PgColumn<...> | undefined; ... 15 more ...; deletedAt?: SQL<...> | ... 3 more ... | undefined; }'.
src/app/admin/users/_actions/userActions.ts(86,49): error TS2551: Property 'tenant_id' does not exist on type 'PgTableWithColumns<{ name: "users"; schema: undefined; columns: { id: PgColumn<{ name: "id"; tableName: "users"; dataType: "string"; columnType: "PgUUID"; data: string; driverParam: string; notNull: true; hasDefault: true; ... 6 more ...; generated: undefined; }, {}, {}>; ... 16 more ...; deletedAt: PgColumn<...>; }...'. Did you mean 'tenantId'?
src/app/admin/users/_actions/userActions.ts(133,34): error TS2561: Object literal may only specify known properties, but 'updated_at' does not exist in type '{ name?: string | SQL<unknown> | PgColumn<ColumnBaseConfig<ColumnDataType, string>, {}, {}> | undefined; tenantId?: string | SQL<unknown> | PgColumn<...> | undefined; ... 15 more ...; deletedAt?: SQL<...> | ... 3 more ... | undefined; }'. Did you mean to write 'updatedAt'?
src/app/admin/users/_actions/userActions.ts(134,49): error TS2551: Property 'tenant_id' does not exist on type 'PgTableWithColumns<{ name: "users"; schema: undefined; columns: { id: PgColumn<{ name: "id"; tableName: "users"; dataType: "string"; columnType: "PgUUID"; data: string; driverParam: string; notNull: true; hasDefault: true; ... 6 more ...; generated: undefined; }, {}, {}>; ... 16 more ...; deletedAt: PgColumn<...>; }...'. Did you mean 'tenantId'?
src/app/admin/users/_actions/userActions.ts(168,32): error TS2561: Object literal may only specify known properties, but 'updated_at' does not exist in type '{ name?: string | SQL<unknown> | PgColumn<ColumnBaseConfig<ColumnDataType, string>, {}, {}> | undefined; tenantId?: string | SQL<unknown> | PgColumn<...> | undefined; ... 15 more ...; deletedAt?: SQL<...> | ... 3 more ... | undefined; }'. Did you mean to write 'updatedAt'?
src/app/admin/users/_actions/userActions.ts(169,49): error TS2551: Property 'tenant_id' does not exist on type 'PgTableWithColumns<{ name: "users"; schema: undefined; columns: { id: PgColumn<{ name: "id"; tableName: "users"; dataType: "string"; columnType: "PgUUID"; data: string; driverParam: string; notNull: true; hasDefault: true; ... 6 more ...; generated: undefined; }, {}, {}>; ... 16 more ...; deletedAt: PgColumn<...>; }...'. Did you mean 'tenantId'?
src/app/admin/users/_actions/userActions.ts(207,32): error TS2551: Property 'auth_id' does not exist on type 'PgTableWithColumns<{ name: "users"; schema: undefined; columns: { id: PgColumn<{ name: "id"; tableName: "users"; dataType: "string"; columnType: "PgUUID"; data: string; driverParam: string; notNull: true; hasDefault: true; ... 6 more ...; generated: undefined; }, {}, {}>; ... 16 more ...; deletedAt: PgColumn<...>; }...'. Did you mean 'authId'?
src/app/admin/users/_actions/userActions.ts(209,49): error TS2551: Property 'tenant_id' does not exist on type 'PgTableWithColumns<{ name: "users"; schema: undefined; columns: { id: PgColumn<{ name: "id"; tableName: "users"; dataType: "string"; columnType: "PgUUID"; data: string; driverParam: string; notNull: true; hasDefault: true; ... 6 more ...; generated: undefined; }, {}, {}>; ... 16 more ...; deletedAt: PgColumn<...>; }...'. Did you mean 'tenantId'?
src/app/admin/users/_actions/userActions.ts(270,32): error TS2551: Property 'auth_id' does not exist on type 'PgTableWithColumns<{ name: "users"; schema: undefined; columns: { id: PgColumn<{ name: "id"; tableName: "users"; dataType: "string"; columnType: "PgUUID"; data: string; driverParam: string; notNull: true; hasDefault: true; ... 6 more ...; generated: undefined; }, {}, {}>; ... 16 more ...; deletedAt: PgColumn<...>; }...'. Did you mean 'authId'?
src/app/admin/users/_actions/userActions.ts(272,49): error TS2551: Property 'tenant_id' does not exist on type 'PgTableWithColumns<{ name: "users"; schema: undefined; columns: { id: PgColumn<{ name: "id"; tableName: "users"; dataType: "string"; columnType: "PgUUID"; data: string; driverParam: string; notNull: true; hasDefault: true; ... 6 more ...; generated: undefined; }, {}, {}>; ... 16 more ...; deletedAt: PgColumn<...>; }...'. Did you mean 'tenantId'?
src/app/admin/users/_actions/userActions.ts(372,7): error TS2769: No overload matches this call.
  Overload 1 of 2, '(value: { name: string | SQL<unknown> | Placeholder<string, any>; tenantId: string | SQL<unknown> | Placeholder<string, any>; email: string | SQL<unknown> | Placeholder<...>; ... 14 more ...; deletedAt?: SQL<...> | ... 3 more ... | undefined; }): PgInsertBase<...>', gave the following error.
    Object literal may only specify known properties, but 'tenant_id' does not exist in type '{ name: string | SQL<unknown> | Placeholder<string, any>; tenantId: string | SQL<unknown> | Placeholder<string, any>; email: string | SQL<unknown> | Placeholder<string, any>; ... 14 more ...; deletedAt?: SQL<...> | ... 3 more ... | undefined; }'. Did you mean to write 'tenantId'?
  Overload 2 of 2, '(values: { name: string | SQL<unknown> | Placeholder<string, any>; tenantId: string | SQL<unknown> | Placeholder<string, any>; email: string | SQL<unknown> | Placeholder<...>; ... 14 more ...; deletedAt?: SQL<...> | ... 3 more ... | undefined; }[]): PgInsertBase<...>', gave the following error.
    Object literal may only specify known properties, and 'tenant_id' does not exist in type '{ name: string | SQL<unknown> | Placeholder<string, any>; tenantId: string | SQL<unknown> | Placeholder<string, any>; email: string | SQL<unknown> | Placeholder<string, any>; ... 14 more ...; deletedAt?: SQL<...> | ... 3 more ... | undefined; }[]'.
src/app/admin/users/page.tsx(19,19): error TS2339: Property 'role' does not exist on type 'PgTableWithColumns<{ name: "users"; schema: undefined; columns: { id: PgColumn<{ name: "id"; tableName: "users"; dataType: "string"; columnType: "PgUUID"; data: string; driverParam: string; notNull: true; hasDefault: true; ... 6 more ...; generated: undefined; }, {}, {}>; ... 16 more ...; deletedAt: PgColumn<...>; }...'.
src/app/admin/users/page.tsx(21,25): error TS2551: Property 'created_at' does not exist on type 'PgTableWithColumns<{ name: "users"; schema: undefined; columns: { id: PgColumn<{ name: "id"; tableName: "users"; dataType: "string"; columnType: "PgUUID"; data: string; driverParam: string; notNull: true; hasDefault: true; ... 6 more ...; generated: undefined; }, {}, {}>; ... 16 more ...; deletedAt: PgColumn<...>; }...'. Did you mean 'createdAt'?
src/app/admin/users/page.tsx(22,25): error TS2551: Property 'last_login' does not exist on type 'PgTableWithColumns<{ name: "users"; schema: undefined; columns: { id: PgColumn<{ name: "id"; tableName: "users"; dataType: "string"; columnType: "PgUUID"; data: string; driverParam: string; notNull: true; hasDefault: true; ... 6 more ...; generated: undefined; }, {}, {}>; ... 16 more ...; deletedAt: PgColumn<...>; }...'. Did you mean 'lastLogin'?
src/app/admin/users/page.tsx(25,21): error TS2551: Property 'tenant_id' does not exist on type 'PgTableWithColumns<{ name: "users"; schema: undefined; columns: { id: PgColumn<{ name: "id"; tableName: "users"; dataType: "string"; columnType: "PgUUID"; data: string; driverParam: string; notNull: true; hasDefault: true; ... 6 more ...; generated: undefined; }, {}, {}>; ... 16 more ...; deletedAt: PgColumn<...>; }...'. Did you mean 'tenantId'?
src/app/admin/users/page.tsx(26,20): error TS2551: Property 'created_at' does not exist on type 'PgTableWithColumns<{ name: "users"; schema: undefined; columns: { id: PgColumn<{ name: "id"; tableName: "users"; dataType: "string"; columnType: "PgUUID"; data: string; driverParam: string; notNull: true; hasDefault: true; ... 6 more ...; generated: undefined; }, {}, {}>; ... 16 more ...; deletedAt: PgColumn<...>; }...'. Did you mean 'createdAt'?
src/app/admin/users/page.tsx(34,19): error TS2339: Property 'role' does not exist on type 'PgTableWithColumns<{ name: "users"; schema: undefined; columns: { id: PgColumn<{ name: "id"; tableName: "users"; dataType: "string"; columnType: "PgUUID"; data: string; driverParam: string; notNull: true; hasDefault: true; ... 6 more ...; generated: undefined; }, {}, {}>; ... 16 more ...; deletedAt: PgColumn<...>; }...'.
src/app/admin/users/page.tsx(38,21): error TS2551: Property 'tenant_id' does not exist on type 'PgTableWithColumns<{ name: "users"; schema: undefined; columns: { id: PgColumn<{ name: "id"; tableName: "users"; dataType: "string"; columnType: "PgUUID"; data: string; driverParam: string; notNull: true; hasDefault: true; ... 6 more ...; generated: undefined; }, {}, {}>; ... 16 more ...; deletedAt: PgColumn<...>; }...'. Did you mean 'tenantId'?
src/app/admin/visa/page.tsx(6,58): error TS2307: Cannot find module '@/components/ui/card' or its corresponding type declarations.
src/app/admin/visa/page.tsx(14,8): error TS2307: Cannot find module '@/components/ui/table' or its corresponding type declarations.
src/app/admin/visa/page.tsx(15,23): error TS2307: Cannot find module '@/components/ui/badge' or its corresponding type declarations.
src/app/admin/visa/page.tsx(16,51): error TS2307: Cannot find module 'lucide-react' or its corresponding type declarations.
src/app/api/admin/audit-log/[id]/route.ts(3,10): error TS2305: Module '"@/db/schema"' has no exported member 'auditLogs'.
src/app/api/admin/audit-log/[id]/route.ts(9,23): error TS2554: Expected 0 arguments, but got 1.
src/app/api/admin/audit-log/__tests__/audit-log.test.ts(19,44): error TS2345: Argument of type '{ id: string; role: string; }' is not assignable to parameter of type 'never'.
src/app/api/admin/audit-log/__tests__/audit-log.test.ts(151,56): error TS2345: Argument of type 'Error' is not assignable to parameter of type 'never'.
src/app/api/admin/audit-log/__tests__/audit-log.test.ts(166,49): error TS2345: Argument of type 'never[]' is not assignable to parameter of type 'never'.
src/app/api/admin/audit-log/__tests__/audit-log.test.ts(223,48): error TS2345: Argument of type 'never[]' is not assignable to parameter of type 'never'.
src/app/api/admin/audit-log/__tests__/audit-log.test.ts(307,54): error TS2345: Argument of type 'Error' is not assignable to parameter of type 'never'.
src/app/api/admin/audit-log/route.ts(3,10): error TS2305: Module '"@/db/schema"' has no exported member 'auditLogs'.
src/app/api/admin/audit-log/route.ts(9,23): error TS2554: Expected 0 arguments, but got 1.
src/app/api/admin/classes/[id]/route.ts(10,19): error TS2305: Module '"@/db/schema"' has no exported member 'auditLogs'.
src/app/api/admin/classes/[id]/route.ts(176,53): error TS2322: Type '"active" | "completed" | "cancelled" | undefined' is not assignable to type 'string | number | null'.
  Type 'undefined' is not assignable to type 'string | number | null'.
src/app/api/admin/classes/[id]/route.ts(204,57): error TS2339: Property 'errors' does not exist on type 'ZodError<unknown>'.
src/app/api/admin/courses/[id]/route.ts(20,23): error TS2554: Expected 0 arguments, but got 1.
src/app/api/admin/courses/[id]/route.ts(26,59): error TS2339: Property 'deleted_at' does not exist on type 'PgTableWithColumns<{ name: "courses"; schema: undefined; columns: { id: PgColumn<{ name: "id"; tableName: "courses"; dataType: "string"; columnType: "PgUUID"; data: string; driverParam: string; notNull: true; hasDefault: true; ... 6 more ...; generated: undefined; }, {}, {}>; ... 9 more ...; updatedAt: PgColumn<...>...'.
src/app/api/admin/courses/[id]/route.ts(42,23): error TS2554: Expected 0 arguments, but got 1.
src/app/api/admin/courses/[id]/route.ts(82,23): error TS2554: Expected 0 arguments, but got 1.
src/app/api/admin/courses/[id]/route.ts(88,9): error TS2353: Object literal may only specify known properties, and 'deleted_at' does not exist in type '{ name?: string | SQL<unknown> | PgColumn<ColumnBaseConfig<ColumnDataType, string>, {}, {}> | undefined; tenantId?: string | SQL<unknown> | PgColumn<...> | undefined; ... 8 more ...; pricePerWeekEur?: string | ... 3 more ... | undefined; }'.
src/app/api/admin/courses/__tests__/courses.test.ts(21,44): error TS2345: Argument of type '{ id: string; role: string; }' is not assignable to parameter of type 'never'.
src/app/api/admin/courses/__tests__/courses.test.ts(73,56): error TS2345: Argument of type 'Error' is not assignable to parameter of type 'never'.
src/app/api/admin/courses/__tests__/courses.test.ts(139,48): error TS2345: Argument of type 'never[]' is not assignable to parameter of type 'never'.
src/app/api/admin/courses/__tests__/courses.test.ts(278,48): error TS2345: Argument of type 'never[]' is not assignable to parameter of type 'never'.
src/app/api/admin/courses/__tests__/courses.test.ts(415,52): error TS2345: Argument of type 'never[]' is not assignable to parameter of type 'never'.
src/app/api/admin/courses/__tests__/courses.test.ts(450,54): error TS2345: Argument of type 'Error' is not assignable to parameter of type 'never'.
src/app/api/admin/courses/route.ts(3,19): error TS2305: Module '"@/db/schema"' has no exported member 'programmes'.
src/app/api/admin/courses/route.ts(3,31): error TS2305: Module '"@/db/schema"' has no exported member 'cefrDescriptors'.
src/app/api/admin/courses/route.ts(21,23): error TS2554: Expected 0 arguments, but got 1.
src/app/api/admin/courses/route.ts(37,40): error TS2339: Property 'programme_id' does not exist on type 'PgTableWithColumns<{ name: "courses"; schema: undefined; columns: { id: PgColumn<{ name: "id"; tableName: "courses"; dataType: "string"; columnType: "PgUUID"; data: string; driverParam: string; notNull: true; hasDefault: true; ... 6 more ...; generated: undefined; }, {}, {}>; ... 9 more ...; updatedAt: PgColumn<...>...'.
src/app/api/admin/courses/route.ts(38,29): error TS2339: Property 'deleted_at' does not exist on type 'PgTableWithColumns<{ name: "courses"; schema: undefined; columns: { id: PgColumn<{ name: "id"; tableName: "courses"; dataType: "string"; columnType: "PgUUID"; data: string; driverParam: string; notNull: true; hasDefault: true; ... 6 more ...; generated: undefined; }, {}, {}>; ... 9 more ...; updatedAt: PgColumn<...>...'.
src/app/api/admin/courses/route.ts(42,38): error TS2339: Property 'programme_id' does not exist on type 'PgTableWithColumns<{ name: "courses"; schema: undefined; columns: { id: PgColumn<{ name: "id"; tableName: "courses"; dataType: "string"; columnType: "PgUUID"; data: string; driverParam: string; notNull: true; hasDefault: true; ... 6 more ...; generated: undefined; }, {}, {}>; ... 9 more ...; updatedAt: PgColumn<...>...'.
src/app/api/admin/courses/route.ts(60,23): error TS2554: Expected 0 arguments, but got 1.
src/app/api/admin/courses/route.ts(90,9): error TS2769: No overload matches this call.
  Overload 1 of 2, '(value: { name: string | SQL<unknown> | Placeholder<string, any>; tenantId: string | SQL<unknown> | Placeholder<string, any>; id?: string | SQL<unknown> | Placeholder<string, any> | undefined; ... 7 more ...; pricePerWeekEur?: string | ... 3 more ... | undefined; }): PgInsertBase<...>', gave the following error.
    Object literal may only specify known properties, and 'programme_id' does not exist in type '{ name: string | SQL<unknown> | Placeholder<string, any>; tenantId: string | SQL<unknown> | Placeholder<string, any>; id?: string | SQL<unknown> | Placeholder<string, any> | undefined; ... 7 more ...; pricePerWeekEur?: string | ... 3 more ... | undefined; }'.
  Overload 2 of 2, '(values: { name: string | SQL<unknown> | Placeholder<string, any>; tenantId: string | SQL<unknown> | Placeholder<string, any>; id?: string | SQL<unknown> | Placeholder<string, any> | undefined; ... 7 more ...; pricePerWeekEur?: string | ... 3 more ... | undefined; }[]): PgInsertBase<...>', gave the following error.
    Object literal may only specify known properties, and 'programme_id' does not exist in type '{ name: string | SQL<unknown> | Placeholder<string, any>; tenantId: string | SQL<unknown> | Placeholder<string, any>; id?: string | SQL<unknown> | Placeholder<string, any> | undefined; ... 7 more ...; pricePerWeekEur?: string | ... 3 more ... | undefined; }[]'.
src/app/api/admin/enrollments/[id]/route.ts(18,15): error TS2554: Expected 2-3 arguments, but got 1.
src/app/api/admin/enrollments/[id]/route.ts(23,23): error TS2554: Expected 0 arguments, but got 1.
src/app/api/admin/enrollments/[id]/route.ts(29,71): error TS2339: Property 'deleted_at' does not exist on type 'PgTableWithColumns<{ name: "enrollments"; schema: undefined; columns: { id: PgColumn<{ name: "id"; tableName: "enrollments"; dataType: "string"; columnType: "PgUUID"; data: string; driverParam: string; notNull: true; hasDefault: true; ... 6 more ...; generated: undefined; }, {}, {}>; ... 14 more ...; updatedAt: PgCo...'.
src/app/api/admin/enrollments/[id]/route.ts(40,38): error TS2551: Property 'enrollment_id' does not exist on type 'PgTableWithColumns<{ name: "enrollment_amendments"; schema: undefined; columns: { id: PgColumn<{ name: "id"; tableName: "enrollment_amendments"; dataType: "string"; columnType: "PgUUID"; data: string; driverParam: string; ... 8 more ...; generated: undefined; }, {}, {}>; ... 17 more ...; updatedAt: PgColumn<...>; };...'. Did you mean 'enrollmentId'?
src/app/api/admin/enrollments/[id]/route.ts(41,37): error TS2551: Property 'created_at' does not exist on type 'PgTableWithColumns<{ name: "enrollment_amendments"; schema: undefined; columns: { id: PgColumn<{ name: "id"; tableName: "enrollment_amendments"; dataType: "string"; columnType: "PgUUID"; data: string; driverParam: string; ... 8 more ...; generated: undefined; }, {}, {}>; ... 17 more ...; updatedAt: PgColumn<...>; };...'. Did you mean 'createdAt'?
src/app/api/admin/enrollments/[id]/route.ts(52,23): error TS2554: Expected 0 arguments, but got 1.
src/app/api/admin/enrollments/[id]/route.ts(94,23): error TS2554: Expected 0 arguments, but got 1.
src/app/api/admin/enrollments/[id]/route.ts(123,9): error TS2769: No overload matches this call.
  Overload 1 of 2, '(value: { tenantId: string | SQL<unknown> | Placeholder<string, any>; enrollmentId: string | SQL<unknown> | Placeholder<string, any>; amendmentType: string | SQL<...> | Placeholder<...>; ... 15 more ...; approvedBy?: string | ... 3 more ... | undefined; }): PgInsertBase<...>', gave the following error.
    Object literal may only specify known properties, but 'enrollment_id' does not exist in type '{ tenantId: string | SQL<unknown> | Placeholder<string, any>; enrollmentId: string | SQL<unknown> | Placeholder<string, any>; amendmentType: string | SQL<...> | Placeholder<...>; ... 15 more ...; approvedBy?: string | ... 3 more ... | undefined; }'. Did you mean to write 'enrollmentId'?
  Overload 2 of 2, '(values: { tenantId: string | SQL<unknown> | Placeholder<string, any>; enrollmentId: string | SQL<unknown> | Placeholder<string, any>; amendmentType: string | SQL<...> | Placeholder<...>; ... 15 more ...; approvedBy?: string | ... 3 more ... | undefined; }[]): PgInsertBase<...>', gave the following error.
    Object literal may only specify known properties, and 'enrollment_id' does not exist in type '{ tenantId: string | SQL<unknown> | Placeholder<string, any>; enrollmentId: string | SQL<unknown> | Placeholder<string, any>; amendmentType: string | SQL<...> | Placeholder<...>; ... 15 more ...; approvedBy?: string | ... 3 more ... | undefined; }[]'.
src/app/api/admin/enrollments/[id]/route.ts(138,11): error TS2353: Object literal may only specify known properties, and 'end_date' does not exist in type '{ tenantId?: string | SQL<unknown> | PgColumn<ColumnBaseConfig<ColumnDataType, string>, {}, {}> | undefined; studentId?: string | SQL<...> | PgColumn<...> | undefined; ... 13 more ...; currentGrade?: string | ... 3 more ... | undefined; }'.
src/app/api/admin/enrollments/[id]/route.ts(148,11): error TS2353: Object literal may only specify known properties, and 'end_date' does not exist in type '{ tenantId?: string | SQL<unknown> | PgColumn<ColumnBaseConfig<ColumnDataType, string>, {}, {}> | undefined; studentId?: string | SQL<...> | PgColumn<...> | undefined; ... 13 more ...; currentGrade?: string | ... 3 more ... | undefined; }'.
src/app/api/admin/enrollments/[id]/route.ts(163,23): error TS2554: Expected 0 arguments, but got 1.
src/app/api/admin/enrollments/[id]/route.ts(181,9): error TS2353: Object literal may only specify known properties, and 'deleted_at' does not exist in type '{ tenantId?: string | SQL<unknown> | PgColumn<ColumnBaseConfig<ColumnDataType, string>, {}, {}> | undefined; studentId?: string | SQL<...> | PgColumn<...> | undefined; ... 13 more ...; currentGrade?: string | ... 3 more ... | undefined; }'.
src/app/api/admin/enrollments/[id]/route.ts(191,11): error TS2561: Object literal may only specify known properties, but 'enrolled_count' does not exist in type '{ name?: string | SQL<unknown> | PgColumn<ColumnBaseConfig<ColumnDataType, string>, {}, {}> | undefined; tenantId?: string | SQL<unknown> | PgColumn<...> | undefined; ... 20 more ...; showCapacityPublicly?: boolean | ... 3 more ... | undefined; }'. Did you mean to write 'enrolledCount'?
src/app/api/admin/enrollments/[id]/route.ts(191,53): error TS2551: Property 'enrolled_count' does not exist on type 'PgTableWithColumns<{ name: "classes"; schema: undefined; columns: { id: PgColumn<{ name: "id"; tableName: "classes"; dataType: "string"; columnType: "PgUUID"; data: string; driverParam: string; notNull: true; hasDefault: true; ... 6 more ...; generated: undefined; }, {}, {}>; ... 21 more ...; deletedAt: PgColumn<......'. Did you mean 'enrolledCount'?
src/app/api/admin/enrollments/[id]/route.ts(194,42): error TS2551: Property 'class_id' does not exist on type '{ id: string; tenantId: string; studentId: string; classId: string; enrollmentDate: string; completionDate: string | null; expectedEndDate: string | null; bookedWeeks: number | null; originalCourseId: string | null; ... 6 more ...; updatedAt: Date; }'. Did you mean 'classId'?
src/app/api/admin/enrollments/__tests__/enrollments.test.ts(27,44): error TS2345: Argument of type '{ id: string; role: string; }' is not assignable to parameter of type 'never'.
src/app/api/admin/enrollments/__tests__/enrollments.test.ts(84,56): error TS2345: Argument of type 'Error' is not assignable to parameter of type 'never'.
src/app/api/admin/enrollments/__tests__/enrollments.test.ts(129,48): error TS2345: Argument of type '{ id: string; capacity: number; enrolled_count: number; }[]' is not assignable to parameter of type 'never'.
src/app/api/admin/enrollments/__tests__/enrollments.test.ts(162,48): error TS2345: Argument of type 'never[]' is not assignable to parameter of type 'never'.
src/app/api/admin/enrollments/__tests__/enrollments.test.ts(191,50): error TS2345: Argument of type '{ id: string; }[]' is not assignable to parameter of type 'never'.
src/app/api/admin/enrollments/__tests__/enrollments.test.ts(197,50): error TS2345: Argument of type 'never[]' is not assignable to parameter of type 'never'.
src/app/api/admin/enrollments/__tests__/enrollments.test.ts(276,48): error TS2345: Argument of type 'never[]' is not assignable to parameter of type 'never'.
src/app/api/admin/enrollments/__tests__/enrollments.test.ts(598,52): error TS2345: Argument of type 'never[]' is not assignable to parameter of type 'never'.
src/app/api/admin/enrollments/__tests__/enrollments.test.ts(636,54): error TS2345: Argument of type 'Error' is not assignable to parameter of type 'never'.
src/app/api/admin/enrollments/route.ts(18,23): error TS2554: Expected 0 arguments, but got 1.
src/app/api/admin/enrollments/route.ts(40,39): error TS2551: Property 'student_id' does not exist on type 'PgTableWithColumns<{ name: "enrollments"; schema: undefined; columns: { id: PgColumn<{ name: "id"; tableName: "enrollments"; dataType: "string"; columnType: "PgUUID"; data: string; driverParam: string; notNull: true; hasDefault: true; ... 6 more ...; generated: undefined; }, {}, {}>; ... 14 more ...; updatedAt: PgCo...'. Did you mean 'studentId'?
src/app/api/admin/enrollments/route.ts(41,41): error TS2551: Property 'class_id' does not exist on type 'PgTableWithColumns<{ name: "enrollments"; schema: undefined; columns: { id: PgColumn<{ name: "id"; tableName: "enrollments"; dataType: "string"; columnType: "PgUUID"; data: string; driverParam: string; notNull: true; hasDefault: true; ... 6 more ...; generated: undefined; }, {}, {}>; ... 14 more ...; updatedAt: PgCo...'. Did you mean 'classId'?
src/app/api/admin/enrollments/route.ts(42,33): error TS2339: Property 'deleted_at' does not exist on type 'PgTableWithColumns<{ name: "enrollments"; schema: undefined; columns: { id: PgColumn<{ name: "id"; tableName: "enrollments"; dataType: "string"; columnType: "PgUUID"; data: string; driverParam: string; notNull: true; hasDefault: true; ... 6 more ...; generated: undefined; }, {}, {}>; ... 14 more ...; updatedAt: PgCo...'.
src/app/api/admin/enrollments/route.ts(46,42): error TS2551: Property 'student_id' does not exist on type 'PgTableWithColumns<{ name: "enrollments"; schema: undefined; columns: { id: PgColumn<{ name: "id"; tableName: "enrollments"; dataType: "string"; columnType: "PgUUID"; data: string; driverParam: string; notNull: true; hasDefault: true; ... 6 more ...; generated: undefined; }, {}, {}>; ... 14 more ...; updatedAt: PgCo...'. Did you mean 'studentId'?
src/app/api/admin/enrollments/route.ts(50,42): error TS2551: Property 'class_id' does not exist on type 'PgTableWithColumns<{ name: "enrollments"; schema: undefined; columns: { id: PgColumn<{ name: "id"; tableName: "enrollments"; dataType: "string"; columnType: "PgUUID"; data: string; driverParam: string; notNull: true; hasDefault: true; ... 6 more ...; generated: undefined; }, {}, {}>; ... 14 more ...; updatedAt: PgCo...'. Did you mean 'classId'?
src/app/api/admin/enrollments/route.ts(68,23): error TS2554: Expected 0 arguments, but got 1.
src/app/api/admin/enrollments/route.ts(85,58): error TS2339: Property 'role' does not exist on type 'PgTableWithColumns<{ name: "users"; schema: undefined; columns: { id: PgColumn<{ name: "id"; tableName: "users"; dataType: "string"; columnType: "PgUUID"; data: string; driverParam: string; notNull: true; hasDefault: true; ... 6 more ...; generated: undefined; }, {}, {}>; ... 16 more ...; deletedAt: PgColumn<...>; }...'.
src/app/api/admin/enrollments/route.ts(109,26): error TS2551: Property 'class_id' does not exist on type 'PgTableWithColumns<{ name: "enrollments"; schema: undefined; columns: { id: PgColumn<{ name: "id"; tableName: "enrollments"; dataType: "string"; columnType: "PgUUID"; data: string; driverParam: string; notNull: true; hasDefault: true; ... 6 more ...; generated: undefined; }, {}, {}>; ... 14 more ...; updatedAt: PgCo...'. Did you mean 'classId'?
src/app/api/admin/enrollments/route.ts(111,30): error TS2339: Property 'deleted_at' does not exist on type 'PgTableWithColumns<{ name: "enrollments"; schema: undefined; columns: { id: PgColumn<{ name: "id"; tableName: "enrollments"; dataType: "string"; columnType: "PgUUID"; data: string; driverParam: string; notNull: true; hasDefault: true; ... 6 more ...; generated: undefined; }, {}, {}>; ... 14 more ...; updatedAt: PgCo...'.
src/app/api/admin/enrollments/route.ts(123,9): error TS2769: No overload matches this call.
  Overload 1 of 2, '(value: { tenantId: string | SQL<unknown> | Placeholder<string, any>; studentId: string | SQL<unknown> | Placeholder<string, any>; classId: string | SQL<unknown> | Placeholder<...>; ... 12 more ...; currentGrade?: string | ... 3 more ... | undefined; }): PgInsertBase<...>', gave the following error.
    Object literal may only specify known properties, but 'student_id' does not exist in type '{ tenantId: string | SQL<unknown> | Placeholder<string, any>; studentId: string | SQL<unknown> | Placeholder<string, any>; classId: string | SQL<unknown> | Placeholder<...>; ... 12 more ...; currentGrade?: string | ... 3 more ... | undefined; }'. Did you mean to write 'studentId'?
  Overload 2 of 2, '(values: { tenantId: string | SQL<unknown> | Placeholder<string, any>; studentId: string | SQL<unknown> | Placeholder<string, any>; classId: string | SQL<unknown> | Placeholder<...>; ... 12 more ...; currentGrade?: string | ... 3 more ... | undefined; }[]): PgInsertBase<...>', gave the following error.
    Object literal may only specify known properties, and 'student_id' does not exist in type '{ tenantId: string | SQL<unknown> | Placeholder<string, any>; studentId: string | SQL<unknown> | Placeholder<string, any>; classId: string | SQL<unknown> | Placeholder<...>; ... 12 more ...; currentGrade?: string | ... 3 more ... | undefined; }[]'.
src/app/api/admin/enrollments/route.ts(137,9): error TS2561: Object literal may only specify known properties, but 'enrolled_count' does not exist in type '{ name?: string | SQL<unknown> | PgColumn<ColumnBaseConfig<ColumnDataType, string>, {}, {}> | undefined; tenantId?: string | SQL<unknown> | PgColumn<...> | undefined; ... 20 more ...; showCapacityPublicly?: boolean | ... 3 more ... | undefined; }'. Did you mean to write 'enrolledCount'?
src/app/api/admin/enrollments/route.ts(137,39): error TS2551: Property 'enrolled_count' does not exist on type 'PgTableWithColumns<{ name: "classes"; schema: undefined; columns: { id: PgColumn<{ name: "id"; tableName: "classes"; dataType: "string"; columnType: "PgUUID"; data: string; driverParam: string; notNull: true; hasDefault: true; ... 6 more ...; generated: undefined; }, {}, {}>; ... 21 more ...; deletedAt: PgColumn<......'. Did you mean 'enrolledCount'?
src/app/api/admin/finance/invoices/[id]/route.ts(3,10): error TS2305: Module '"@/db/schema"' has no exported member 'invoices'.
src/app/api/admin/finance/invoices/[id]/route.ts(9,23): error TS2554: Expected 0 arguments, but got 1.
src/app/api/admin/finance/invoices/[id]/route.ts(26,30): error TS2339: Property 'invoice_id' does not exist on type 'PgTableWithColumns<{ name: "payments"; schema: undefined; columns: { id: PgColumn<{ name: "id"; tableName: "payments"; dataType: "string"; columnType: "PgUUID"; data: string; driverParam: string; notNull: true; hasDefault: true; ... 6 more ...; generated: undefined; }, {}, {}>; ... 9 more ...; updatedAt: PgColumn<.....'.
src/app/api/admin/finance/invoices/[id]/route.ts(26,70): error TS2339: Property 'deleted_at' does not exist on type 'PgTableWithColumns<{ name: "payments"; schema: undefined; columns: { id: PgColumn<{ name: "id"; tableName: "payments"; dataType: "string"; columnType: "PgUUID"; data: string; driverParam: string; notNull: true; hasDefault: true; ... 6 more ...; generated: undefined; }, {}, {}>; ... 9 more ...; updatedAt: PgColumn<.....'.
src/app/api/admin/finance/invoices/[id]/route.ts(27,30): error TS2551: Property 'payment_date' does not exist on type 'PgTableWithColumns<{ name: "payments"; schema: undefined; columns: { id: PgColumn<{ name: "id"; tableName: "payments"; dataType: "string"; columnType: "PgUUID"; data: string; driverParam: string; notNull: true; hasDefault: true; ... 6 more ...; generated: undefined; }, {}, {}>; ... 9 more ...; updatedAt: PgColumn<.....'. Did you mean 'paymentDate'?
src/app/api/admin/finance/invoices/[id]/route.ts(38,23): error TS2554: Expected 0 arguments, but got 1.
src/app/api/admin/finance/invoices/__tests__/invoices.test.ts(21,44): error TS2345: Argument of type '{ id: string; role: string; }' is not assignable to parameter of type 'never'.
src/app/api/admin/finance/invoices/__tests__/invoices.test.ts(90,56): error TS2345: Argument of type 'Error' is not assignable to parameter of type 'never'.
src/app/api/admin/finance/invoices/__tests__/invoices.test.ts(195,48): error TS2345: Argument of type 'never[]' is not assignable to parameter of type 'never'.
src/app/api/admin/finance/invoices/__tests__/invoices.test.ts(311,48): error TS2345: Argument of type 'never[]' is not assignable to parameter of type 'never'.
src/app/api/admin/finance/invoices/__tests__/invoices.test.ts(391,52): error TS2345: Argument of type 'never[]' is not assignable to parameter of type 'never'.
src/app/api/admin/finance/invoices/__tests__/invoices.test.ts(432,54): error TS2345: Argument of type 'Error' is not assignable to parameter of type 'never'.
src/app/api/admin/finance/invoices/route.ts(3,10): error TS2305: Module '"@/db/schema"' has no exported member 'invoices'.
src/app/api/admin/finance/invoices/route.ts(28,23): error TS2554: Expected 0 arguments, but got 1.
src/app/api/admin/finance/invoices/route.ts(67,23): error TS2554: Expected 0 arguments, but got 1.
src/app/api/admin/finance/invoices/route.ts(84,58): error TS2339: Property 'role' does not exist on type 'PgTableWithColumns<{ name: "users"; schema: undefined; columns: { id: PgColumn<{ name: "id"; tableName: "users"; dataType: "string"; columnType: "PgUUID"; data: string; driverParam: string; notNull: true; hasDefault: true; ... 6 more ...; generated: undefined; }, {}, {}>; ... 16 more ...; deletedAt: PgColumn<...>; }...'.
src/app/api/admin/finance/payments/__tests__/payments.test.ts(21,44): error TS2345: Argument of type '{ id: string; role: string; }' is not assignable to parameter of type 'never'.
src/app/api/admin/finance/payments/__tests__/payments.test.ts(101,56): error TS2345: Argument of type 'Error' is not assignable to parameter of type 'never'.
src/app/api/admin/finance/payments/__tests__/payments.test.ts(148,48): error TS2345: Argument of type '{ id: string; amount: number; amount_paid: number; amount_due: number; status: string; }[]' is not assignable to parameter of type 'never'.
src/app/api/admin/finance/payments/__tests__/payments.test.ts(185,48): error TS2345: Argument of type '{ id: string; amount: number; amount_paid: number; amount_due: number; status: string; }[]' is not assignable to parameter of type 'never'.
src/app/api/admin/finance/payments/__tests__/payments.test.ts(219,48): error TS2345: Argument of type '{ id: string; amount: number; amount_paid: number; amount_due: number; status: string; }[]' is not assignable to parameter of type 'never'.
src/app/api/admin/finance/payments/__tests__/payments.test.ts(275,48): error TS2345: Argument of type 'never[]' is not assignable to parameter of type 'never'.
src/app/api/admin/finance/payments/__tests__/payments.test.ts(367,48): error TS2345: Argument of type '{ id: string; amount: number; amount_paid: number; amount_due: number; status: string; }[]' is not assignable to parameter of type 'never'.
src/app/api/admin/finance/payments/__tests__/payments.test.ts(413,54): error TS2345: Argument of type 'Error' is not assignable to parameter of type 'never'.
src/app/api/admin/finance/payments/__tests__/payments.test.ts(445,48): error TS2345: Argument of type '{ id: string; amount: number; amount_paid: number; amount_due: number; }[]' is not assignable to parameter of type 'never'.
src/app/api/admin/finance/payments/__tests__/payments.test.ts(456,54): error TS2345: Argument of type 'Error' is not assignable to parameter of type 'never'.
src/app/api/admin/finance/payments/__tests__/payments.test.ts(483,48): error TS2345: Argument of type '{ id: string; amount: number; amount_paid: number; amount_due: number; status: string; }[]' is not assignable to parameter of type 'never'.
src/app/api/admin/finance/payments/route.ts(3,20): error TS2305: Module '"@/db/schema"' has no exported member 'invoices'.
src/app/api/admin/finance/payments/route.ts(19,23): error TS2554: Expected 0 arguments, but got 1.
src/app/api/admin/finance/payments/route.ts(38,39): error TS2339: Property 'invoice_id' does not exist on type 'PgTableWithColumns<{ name: "payments"; schema: undefined; columns: { id: PgColumn<{ name: "id"; tableName: "payments"; dataType: "string"; columnType: "PgUUID"; data: string; driverParam: string; notNull: true; hasDefault: true; ... 6 more ...; generated: undefined; }, {}, {}>; ... 9 more ...; updatedAt: PgColumn<.....'.
src/app/api/admin/finance/payments/route.ts(40,30): error TS2339: Property 'deleted_at' does not exist on type 'PgTableWithColumns<{ name: "payments"; schema: undefined; columns: { id: PgColumn<{ name: "id"; tableName: "payments"; dataType: "string"; columnType: "PgUUID"; data: string; driverParam: string; notNull: true; hasDefault: true; ... 6 more ...; generated: undefined; }, {}, {}>; ... 9 more ...; updatedAt: PgColumn<.....'.
src/app/api/admin/finance/payments/route.ts(44,39): error TS2339: Property 'invoice_id' does not exist on type 'PgTableWithColumns<{ name: "payments"; schema: undefined; columns: { id: PgColumn<{ name: "id"; tableName: "payments"; dataType: "string"; columnType: "PgUUID"; data: string; driverParam: string; notNull: true; hasDefault: true; ... 6 more ...; generated: undefined; }, {}, {}>; ... 9 more ...; updatedAt: PgColumn<.....'.
src/app/api/admin/finance/payments/route.ts(51,55): error TS2551: Property 'payment_date' does not exist on type 'PgTableWithColumns<{ name: "payments"; schema: undefined; columns: { id: PgColumn<{ name: "id"; tableName: "payments"; dataType: "string"; columnType: "PgUUID"; data: string; driverParam: string; notNull: true; hasDefault: true; ... 6 more ...; generated: undefined; }, {}, {}>; ... 9 more ...; updatedAt: PgColumn<.....'. Did you mean 'paymentDate'?
src/app/api/admin/finance/payments/route.ts(62,23): error TS2554: Expected 0 arguments, but got 1.
src/app/api/admin/finance/payments/route.ts(98,9): error TS2769: No overload matches this call.
  Overload 1 of 2, '(value: { tenantId: string | SQL<unknown> | Placeholder<string, any>; bookingId: string | SQL<unknown> | Placeholder<string, any>; paymentDate: string | SQL<...> | Placeholder<...>; ... 7 more ...; receivedBy?: string | ... 3 more ... | undefined; }): PgInsertBase<...>', gave the following error.
    Object literal may only specify known properties, and 'invoice_id' does not exist in type '{ tenantId: string | SQL<unknown> | Placeholder<string, any>; bookingId: string | SQL<unknown> | Placeholder<string, any>; paymentDate: string | SQL<unknown> | Placeholder<...>; ... 7 more ...; receivedBy?: string | ... 3 more ... | undefined; }'.
  Overload 2 of 2, '(values: { tenantId: string | SQL<unknown> | Placeholder<string, any>; bookingId: string | SQL<unknown> | Placeholder<string, any>; paymentDate: string | SQL<...> | Placeholder<...>; ... 7 more ...; receivedBy?: string | ... 3 more ... | undefined; }[]): PgInsertBase<...>', gave the following error.
    Object literal may only specify known properties, and 'invoice_id' does not exist in type '{ tenantId: string | SQL<unknown> | Placeholder<string, any>; bookingId: string | SQL<unknown> | Placeholder<string, any>; paymentDate: string | SQL<unknown> | Placeholder<...>; ... 7 more ...; receivedBy?: string | ... 3 more ... | undefined; }[]'.
src/app/api/admin/programmes/[id]/route.ts(3,10): error TS2305: Module '"@/db/schema"' has no exported member 'programmes'.
src/app/api/admin/programmes/[id]/route.ts(19,23): error TS2554: Expected 0 arguments, but got 1.
src/app/api/admin/programmes/[id]/route.ts(36,29): error TS2339: Property 'programme_id' does not exist on type 'PgTableWithColumns<{ name: "courses"; schema: undefined; columns: { id: PgColumn<{ name: "id"; tableName: "courses"; dataType: "string"; columnType: "PgUUID"; data: string; driverParam: string; notNull: true; hasDefault: true; ... 6 more ...; generated: undefined; }, {}, {}>; ... 9 more ...; updatedAt: PgColumn<...>...'.
src/app/api/admin/programmes/[id]/route.ts(36,72): error TS2339: Property 'deleted_at' does not exist on type 'PgTableWithColumns<{ name: "courses"; schema: undefined; columns: { id: PgColumn<{ name: "id"; tableName: "courses"; dataType: "string"; columnType: "PgUUID"; data: string; driverParam: string; notNull: true; hasDefault: true; ... 6 more ...; generated: undefined; }, {}, {}>; ... 9 more ...; updatedAt: PgColumn<...>...'.
src/app/api/admin/programmes/[id]/route.ts(48,23): error TS2554: Expected 0 arguments, but got 1.
src/app/api/admin/programmes/[id]/route.ts(88,23): error TS2554: Expected 0 arguments, but got 1.
src/app/api/admin/programmes/__tests__/programmes.test.ts(21,44): error TS2345: Argument of type '{ id: string; role: string; }' is not assignable to parameter of type 'never'.
src/app/api/admin/programmes/__tests__/programmes.test.ts(63,56): error TS2345: Argument of type 'Error' is not assignable to parameter of type 'never'.
src/app/api/admin/programmes/__tests__/programmes.test.ts(212,48): error TS2345: Argument of type 'never[]' is not assignable to parameter of type 'never'.
src/app/api/admin/programmes/__tests__/programmes.test.ts(356,52): error TS2345: Argument of type 'never[]' is not assignable to parameter of type 'never'.
src/app/api/admin/programmes/__tests__/programmes.test.ts(391,54): error TS2345: Argument of type 'Error' is not assignable to parameter of type 'never'.
src/app/api/admin/programmes/route.ts(3,10): error TS2305: Module '"@/db/schema"' has no exported member 'programmes'.
src/app/api/admin/programmes/route.ts(19,23): error TS2554: Expected 0 arguments, but got 1.
src/app/api/admin/programmes/route.ts(30,52): error TS2339: Property 'programme_id' does not exist on type 'PgTableWithColumns<{ name: "courses"; schema: undefined; columns: { id: PgColumn<{ name: "id"; tableName: "courses"; dataType: "string"; columnType: "PgUUID"; data: string; driverParam: string; notNull: true; hasDefault: true; ... 6 more ...; generated: undefined; }, {}, {}>; ... 9 more ...; updatedAt: PgColumn<...>...'.
src/app/api/admin/programmes/route.ts(50,23): error TS2554: Expected 0 arguments, but got 1.
src/app/api/admin/query/build/route.ts(15,23): error TS2554: Expected 0 arguments, but got 1.
src/app/api/admin/query/build/route.ts(72,9): error TS2740: Type 'Omit<PgSelectBase<any, any, "single", {} | Record<any, "not-null">, false, "where", { [x: string]: any; }[], any>, "where">' is missing the following properties from type 'PgSelectBase<any, any, "single", {} | Record<any, "not-null">, false, never, { [x: string]: any; }[], any>': config, joinsNotNullableMap, tableName, isPartialSelect, and 6 more.
src/app/api/admin/query/build/route.ts(72,33): error TS2345: Argument of type 'SQL<unknown> | null' is not assignable to parameter of type 'SQLWrapper | undefined'.
  Type 'null' is not assignable to type 'SQLWrapper | undefined'.
src/app/api/admin/query/build/route.ts(78,7): error TS2740: Type 'Omit<PgSelectBase<any, any, "single", {} | Record<any, "not-null">, false, "where", { [x: string]: any; }[], any>, "where">' is missing the following properties from type 'PgSelectBase<any, any, "single", {} | Record<any, "not-null">, false, never, { [x: string]: any; }[], any>': config, joinsNotNullableMap, tableName, isPartialSelect, and 6 more.
src/app/api/admin/query/build/route.ts(83,5): error TS2740: Type 'Omit<PgSelectBase<any, any, "single", {} | Record<any, "not-null">, false, "limit", { [x: string]: any; }[], any>, "limit">' is missing the following properties from type 'PgSelectBase<any, any, "single", {} | Record<any, "not-null">, false, never, { [x: string]: any; }[], any>': config, joinsNotNullableMap, tableName, isPartialSelect, and 6 more.
src/app/api/admin/query/execute/route.ts(8,23): error TS2554: Expected 0 arguments, but got 1.
src/app/api/admin/query/execute/route.ts(53,20): error TS2339: Property 'rows' does not exist on type 'RowList<Record<string, unknown>[]>'.
src/app/api/admin/query/execute/route.ts(54,24): error TS2339: Property 'rows' does not exist on type 'RowList<Record<string, unknown>[]>'.
src/app/api/admin/query/schema/route.ts(109,23): error TS2554: Expected 0 arguments, but got 1.
src/app/api/admin/query/translate/route.ts(29,23): error TS2554: Expected 0 arguments, but got 1.
src/app/api/admin/search/__tests__/search.test.ts(18,44): error TS2345: Argument of type '{ id: string; role: string; }' is not assignable to parameter of type 'never'.
src/app/api/admin/search/__tests__/search.test.ts(241,56): error TS2345: Argument of type 'Error' is not assignable to parameter of type 'never'.
src/app/api/admin/search/__tests__/search.test.ts(254,50): error TS2345: Argument of type 'never[]' is not assignable to parameter of type 'never'.
src/app/api/admin/search/__tests__/search.test.ts(259,50): error TS2345: Argument of type 'never[]' is not assignable to parameter of type 'never'.
src/app/api/admin/search/__tests__/search.test.ts(264,50): error TS2345: Argument of type 'never[]' is not assignable to parameter of type 'never'.
src/app/api/admin/search/__tests__/search.test.ts(295,54): error TS2345: Argument of type 'Error' is not assignable to parameter of type 'never'.
src/app/api/admin/search/__tests__/search.test.ts(313,50): error TS2345: Argument of type '{ id: string; name: string; }[]' is not assignable to parameter of type 'never'.
src/app/api/admin/search/__tests__/search.test.ts(316,32): error TS2345: Argument of type 'Error' is not assignable to parameter of type 'never'.
src/app/api/admin/search/route.ts(9,23): error TS2554: Expected 0 arguments, but got 1.
src/app/api/admin/search/route.ts(32,21): error TS2339: Property 'role' does not exist on type 'PgTableWithColumns<{ name: "users"; schema: undefined; columns: { id: PgColumn<{ name: "id"; tableName: "users"; dataType: "string"; columnType: "PgUUID"; data: string; driverParam: string; notNull: true; hasDefault: true; ... 6 more ...; generated: undefined; }, {}, {}>; ... 16 more ...; deletedAt: PgColumn<...>; }...'.
src/app/api/admin/search/route.ts(33,30): error TS2339: Property 'current_level' does not exist on type 'PgTableWithColumns<{ name: "users"; schema: undefined; columns: { id: PgColumn<{ name: "id"; tableName: "users"; dataType: "string"; columnType: "PgUUID"; data: string; driverParam: string; notNull: true; hasDefault: true; ... 6 more ...; generated: undefined; }, {}, {}>; ... 16 more ...; deletedAt: PgColumn<...>; }...'.
src/app/api/admin/search/route.ts(39,20): error TS2339: Property 'role' does not exist on type 'PgTableWithColumns<{ name: "users"; schema: undefined; columns: { id: PgColumn<{ name: "id"; tableName: "users"; dataType: "string"; columnType: "PgUUID"; data: string; driverParam: string; notNull: true; hasDefault: true; ... 6 more ...; generated: undefined; }, {}, {}>; ... 16 more ...; deletedAt: PgColumn<...>; }...'.
src/app/api/admin/search/route.ts(40,24): error TS2551: Property 'deleted_at' does not exist on type 'PgTableWithColumns<{ name: "users"; schema: undefined; columns: { id: PgColumn<{ name: "id"; tableName: "users"; dataType: "string"; columnType: "PgUUID"; data: string; driverParam: string; notNull: true; hasDefault: true; ... 6 more ...; generated: undefined; }, {}, {}>; ... 16 more ...; deletedAt: PgColumn<...>; }...'. Did you mean 'deletedAt'?
src/app/api/admin/search/route.ts(52,21): error TS2339: Property 'role' does not exist on type 'PgTableWithColumns<{ name: "users"; schema: undefined; columns: { id: PgColumn<{ name: "id"; tableName: "users"; dataType: "string"; columnType: "PgUUID"; data: string; driverParam: string; notNull: true; hasDefault: true; ... 6 more ...; generated: undefined; }, {}, {}>; ... 16 more ...; deletedAt: PgColumn<...>; }...'.
src/app/api/admin/search/route.ts(58,20): error TS2339: Property 'role' does not exist on type 'PgTableWithColumns<{ name: "users"; schema: undefined; columns: { id: PgColumn<{ name: "id"; tableName: "users"; dataType: "string"; columnType: "PgUUID"; data: string; driverParam: string; notNull: true; hasDefault: true; ... 6 more ...; generated: undefined; }, {}, {}>; ... 16 more ...; deletedAt: PgColumn<...>; }...'.
src/app/api/admin/search/route.ts(59,24): error TS2551: Property 'deleted_at' does not exist on type 'PgTableWithColumns<{ name: "users"; schema: undefined; columns: { id: PgColumn<{ name: "id"; tableName: "users"; dataType: "string"; columnType: "PgUUID"; data: string; driverParam: string; notNull: true; hasDefault: true; ... 6 more ...; generated: undefined; }, {}, {}>; ... 16 more ...; deletedAt: PgColumn<...>; }...'. Did you mean 'deletedAt'?
src/app/api/admin/search/route.ts(73,29): error TS2551: Property 'teacher_id' does not exist on type 'PgTableWithColumns<{ name: "classes"; schema: undefined; columns: { id: PgColumn<{ name: "id"; tableName: "classes"; dataType: "string"; columnType: "PgUUID"; data: string; driverParam: string; notNull: true; hasDefault: true; ... 6 more ...; generated: undefined; }, {}, {}>; ... 21 more ...; deletedAt: PgColumn<......'. Did you mean 'teacherId'?
src/app/api/admin/search/route.ts(78,26): error TS2551: Property 'deleted_at' does not exist on type 'PgTableWithColumns<{ name: "classes"; schema: undefined; columns: { id: PgColumn<{ name: "id"; tableName: "classes"; dataType: "string"; columnType: "PgUUID"; data: string; driverParam: string; notNull: true; hasDefault: true; ... 6 more ...; generated: undefined; }, {}, {}>; ... 21 more ...; deletedAt: PgColumn<......'. Did you mean 'deletedAt'?
src/app/api/admin/students/[id]/route.ts(17,23): error TS2554: Expected 0 arguments, but got 1.
src/app/api/admin/students/[id]/route.ts(24,52): error TS2339: Property 'role' does not exist on type 'PgTableWithColumns<{ name: "users"; schema: undefined; columns: { id: PgColumn<{ name: "id"; tableName: "users"; dataType: "string"; columnType: "PgUUID"; data: string; driverParam: string; notNull: true; hasDefault: true; ... 6 more ...; generated: undefined; }, {}, {}>; ... 16 more ...; deletedAt: PgColumn<...>; }...'.
src/app/api/admin/students/[id]/route.ts(24,83): error TS2551: Property 'deleted_at' does not exist on type 'PgTableWithColumns<{ name: "users"; schema: undefined; columns: { id: PgColumn<{ name: "id"; tableName: "users"; dataType: "string"; columnType: "PgUUID"; data: string; driverParam: string; notNull: true; hasDefault: true; ... 6 more ...; generated: undefined; }, {}, {}>; ... 16 more ...; deletedAt: PgColumn<...>; }...'. Did you mean 'deletedAt'?
src/app/api/admin/students/[id]/route.ts(35,30): error TS2551: Property 'class_id' does not exist on type 'PgTableWithColumns<{ name: "enrollments"; schema: undefined; columns: { id: PgColumn<{ name: "id"; tableName: "enrollments"; dataType: "string"; columnType: "PgUUID"; data: string; driverParam: string; notNull: true; hasDefault: true; ... 6 more ...; generated: undefined; }, {}, {}>; ... 14 more ...; updatedAt: PgCo...'. Did you mean 'classId'?
src/app/api/admin/students/[id]/route.ts(38,32): error TS2339: Property 'start_date' does not exist on type 'PgTableWithColumns<{ name: "enrollments"; schema: undefined; columns: { id: PgColumn<{ name: "id"; tableName: "enrollments"; dataType: "string"; columnType: "PgUUID"; data: string; driverParam: string; notNull: true; hasDefault: true; ... 6 more ...; generated: undefined; }, {}, {}>; ... 14 more ...; updatedAt: PgCo...'.
src/app/api/admin/students/[id]/route.ts(39,30): error TS2339: Property 'end_date' does not exist on type 'PgTableWithColumns<{ name: "enrollments"; schema: undefined; columns: { id: PgColumn<{ name: "id"; tableName: "enrollments"; dataType: "string"; columnType: "PgUUID"; data: string; driverParam: string; notNull: true; hasDefault: true; ... 6 more ...; generated: undefined; }, {}, {}>; ... 14 more ...; updatedAt: PgCo...'.
src/app/api/admin/students/[id]/route.ts(41,32): error TS2551: Property 'created_at' does not exist on type 'PgTableWithColumns<{ name: "enrollments"; schema: undefined; columns: { id: PgColumn<{ name: "id"; tableName: "enrollments"; dataType: "string"; columnType: "PgUUID"; data: string; driverParam: string; notNull: true; hasDefault: true; ... 6 more ...; generated: undefined; }, {}, {}>; ... 14 more ...; updatedAt: PgCo...'. Did you mean 'createdAt'?
src/app/api/admin/students/[id]/route.ts(44,41): error TS2551: Property 'class_id' does not exist on type 'PgTableWithColumns<{ name: "enrollments"; schema: undefined; columns: { id: PgColumn<{ name: "id"; tableName: "enrollments"; dataType: "string"; columnType: "PgUUID"; data: string; driverParam: string; notNull: true; hasDefault: true; ... 6 more ...; generated: undefined; }, {}, {}>; ... 14 more ...; updatedAt: PgCo...'. Did you mean 'classId'?
src/app/api/admin/students/[id]/route.ts(45,33): error TS2551: Property 'student_id' does not exist on type 'PgTableWithColumns<{ name: "enrollments"; schema: undefined; columns: { id: PgColumn<{ name: "id"; tableName: "enrollments"; dataType: "string"; columnType: "PgUUID"; data: string; driverParam: string; notNull: true; hasDefault: true; ... 6 more ...; generated: undefined; }, {}, {}>; ... 14 more ...; updatedAt: PgCo...'. Did you mean 'studentId'?
src/app/api/admin/students/[id]/route.ts(45,76): error TS2339: Property 'deleted_at' does not exist on type 'PgTableWithColumns<{ name: "enrollments"; schema: undefined; columns: { id: PgColumn<{ name: "id"; tableName: "enrollments"; dataType: "string"; columnType: "PgUUID"; data: string; driverParam: string; notNull: true; hasDefault: true; ... 6 more ...; generated: undefined; }, {}, {}>; ... 14 more ...; updatedAt: PgCo...'.
src/app/api/admin/students/[id]/route.ts(46,33): error TS2339: Property 'start_date' does not exist on type 'PgTableWithColumns<{ name: "enrollments"; schema: undefined; columns: { id: PgColumn<{ name: "id"; tableName: "enrollments"; dataType: "string"; columnType: "PgUUID"; data: string; driverParam: string; notNull: true; hasDefault: true; ... 6 more ...; generated: undefined; }, {}, {}>; ... 14 more ...; updatedAt: PgCo...'.
src/app/api/admin/students/[id]/route.ts(55,47): error TS2551: Property 'enrollment_id' does not exist on type 'PgTableWithColumns<{ name: "enrollment_amendments"; schema: undefined; columns: { id: PgColumn<{ name: "id"; tableName: "enrollment_amendments"; dataType: "string"; columnType: "PgUUID"; data: string; driverParam: string; ... 8 more ...; generated: undefined; }, {}, {}>; ... 17 more ...; updatedAt: PgColumn<...>; };...'. Did you mean 'enrollmentId'?
src/app/api/admin/students/[id]/route.ts(56,48): error TS2551: Property 'created_at' does not exist on type 'PgTableWithColumns<{ name: "enrollment_amendments"; schema: undefined; columns: { id: PgColumn<{ name: "id"; tableName: "enrollment_amendments"; dataType: "string"; columnType: "PgUUID"; data: string; driverParam: string; ... 8 more ...; generated: undefined; }, {}, {}>; ... 17 more ...; updatedAt: PgColumn<...>; };...'. Did you mean 'createdAt'?
src/app/api/admin/students/[id]/route.ts(66,32): error TS2551: Property 'student_id' does not exist on type 'PgTableWithColumns<{ name: "attendance"; schema: undefined; columns: { id: PgColumn<{ name: "id"; tableName: "attendance"; dataType: "string"; columnType: "PgUUID"; data: string; driverParam: string; notNull: true; hasDefault: true; ... 6 more ...; generated: undefined; }, {}, {}>; ... 16 more ...; updatedAt: PgColu...'. Did you mean 'studentId'?
src/app/api/admin/students/[id]/route.ts(66,74): error TS2339: Property 'deleted_at' does not exist on type 'PgTableWithColumns<{ name: "attendance"; schema: undefined; columns: { id: PgColumn<{ name: "id"; tableName: "attendance"; dataType: "string"; columnType: "PgUUID"; data: string; driverParam: string; notNull: true; hasDefault: true; ... 6 more ...; generated: undefined; }, {}, {}>; ... 16 more ...; updatedAt: PgColu...'.
src/app/api/admin/students/[id]/route.ts(90,30): error TS2339: Property 'assignment_id' does not exist on type 'PgTableWithColumns<{ name: "grades"; schema: undefined; columns: { id: PgColumn<{ name: "id"; tableName: "grades"; dataType: "string"; columnType: "PgUUID"; data: string; driverParam: string; notNull: true; hasDefault: true; ... 6 more ...; generated: undefined; }, {}, {}>; ... 8 more ...; updatedAt: PgColumn<...>; ...'.
src/app/api/admin/students/[id]/route.ts(92,26): error TS2339: Property 'max_score' does not exist on type 'PgTableWithColumns<{ name: "grades"; schema: undefined; columns: { id: PgColumn<{ name: "id"; tableName: "grades"; dataType: "string"; columnType: "PgUUID"; data: string; driverParam: string; notNull: true; hasDefault: true; ... 6 more ...; generated: undefined; }, {}, {}>; ... 8 more ...; updatedAt: PgColumn<...>; ...'.
src/app/api/admin/students/[id]/route.ts(94,27): error TS2339: Property 'cefr_level' does not exist on type 'PgTableWithColumns<{ name: "grades"; schema: undefined; columns: { id: PgColumn<{ name: "id"; tableName: "grades"; dataType: "string"; columnType: "PgUUID"; data: string; driverParam: string; notNull: true; hasDefault: true; ... 6 more ...; generated: undefined; }, {}, {}>; ... 8 more ...; updatedAt: PgColumn<...>; ...'.
src/app/api/admin/students/[id]/route.ts(95,26): error TS2551: Property 'graded_at' does not exist on type 'PgTableWithColumns<{ name: "grades"; schema: undefined; columns: { id: PgColumn<{ name: "id"; tableName: "grades"; dataType: "string"; columnType: "PgUUID"; data: string; driverParam: string; notNull: true; hasDefault: true; ... 6 more ...; generated: undefined; }, {}, {}>; ... 8 more ...; updatedAt: PgColumn<...>; ...'. Did you mean 'gradedAt'?
src/app/api/admin/students/[id]/route.ts(97,34): error TS2551: Property 'submitted_at' does not exist on type 'PgTableWithColumns<{ name: "submissions"; schema: undefined; columns: { id: PgColumn<{ name: "id"; tableName: "submissions"; dataType: "string"; columnType: "PgUUID"; data: string; driverParam: string; notNull: true; hasDefault: true; ... 6 more ...; generated: undefined; }, {}, {}>; ... 8 more ...; updatedAt: PgCol...'. Did you mean 'submittedAt'?
src/app/api/admin/students/[id]/route.ts(101,40): error TS2551: Property 'submission_id' does not exist on type 'PgTableWithColumns<{ name: "grades"; schema: undefined; columns: { id: PgColumn<{ name: "id"; tableName: "grades"; dataType: "string"; columnType: "PgUUID"; data: string; driverParam: string; notNull: true; hasDefault: true; ... 6 more ...; generated: undefined; }, {}, {}>; ... 8 more ...; updatedAt: PgColumn<...>; ...'. Did you mean 'submissionId'?
src/app/api/admin/students/[id]/route.ts(102,28): error TS2339: Property 'student_id' does not exist on type 'PgTableWithColumns<{ name: "grades"; schema: undefined; columns: { id: PgColumn<{ name: "id"; tableName: "grades"; dataType: "string"; columnType: "PgUUID"; data: string; driverParam: string; notNull: true; hasDefault: true; ... 6 more ...; generated: undefined; }, {}, {}>; ... 8 more ...; updatedAt: PgColumn<...>; ...'.
src/app/api/admin/students/[id]/route.ts(102,66): error TS2339: Property 'deleted_at' does not exist on type 'PgTableWithColumns<{ name: "grades"; schema: undefined; columns: { id: PgColumn<{ name: "id"; tableName: "grades"; dataType: "string"; columnType: "PgUUID"; data: string; driverParam: string; notNull: true; hasDefault: true; ... 6 more ...; generated: undefined; }, {}, {}>; ... 8 more ...; updatedAt: PgColumn<...>; ...'.
src/app/api/admin/students/[id]/route.ts(103,28): error TS2551: Property 'graded_at' does not exist on type 'PgTableWithColumns<{ name: "grades"; schema: undefined; columns: { id: PgColumn<{ name: "id"; tableName: "grades"; dataType: "string"; columnType: "PgUUID"; data: string; driverParam: string; notNull: true; hasDefault: true; ... 6 more ...; generated: undefined; }, {}, {}>; ... 8 more ...; updatedAt: PgColumn<...>; ...'. Did you mean 'gradedAt'?
src/app/api/admin/students/[id]/route.ts(109,46): error TS2362: The left-hand side of an arithmetic operation must be of type 'any', 'number', 'bigint' or an enum type.
src/app/api/admin/students/[id]/route.ts(109,46): error TS18047: 'g.score' is possibly 'null'.
src/app/api/admin/students/[id]/route.ts(119,46): error TS2551: Property 'enrollment_id' does not exist on type '{ id: string; tenantId: string; enrollmentId: string; amendmentType: string; amendmentDate: string; previousEndDate: string | null; previousWeeks: number | null; previousClassId: string | null; ... 10 more ...; updatedAt: Date; }'. Did you mean 'enrollmentId'?
src/app/api/admin/students/[id]/route.ts(139,36): error TS2554: Expected 0 arguments, but got 1.
src/app/api/admin/students/[id]/route.ts(147,52): error TS2339: Property 'role' does not exist on type 'PgTableWithColumns<{ name: "users"; schema: undefined; columns: { id: PgColumn<{ name: "id"; tableName: "users"; dataType: "string"; columnType: "PgUUID"; data: string; driverParam: string; notNull: true; hasDefault: true; ... 6 more ...; generated: undefined; }, {}, {}>; ... 16 more ...; deletedAt: PgColumn<...>; }...'.
src/app/api/admin/students/[id]/route.ts(147,83): error TS2551: Property 'deleted_at' does not exist on type 'PgTableWithColumns<{ name: "users"; schema: undefined; columns: { id: PgColumn<{ name: "id"; tableName: "users"; dataType: "string"; columnType: "PgUUID"; data: string; driverParam: string; notNull: true; hasDefault: true; ... 6 more ...; generated: undefined; }, {}, {}>; ... 16 more ...; deletedAt: PgColumn<...>; }...'. Did you mean 'deletedAt'?
src/app/api/admin/students/[id]/route.ts(188,9): error TS2561: Object literal may only specify known properties, but 'updated_at' does not exist in type '{ name?: string | SQL<unknown> | PgColumn<ColumnBaseConfig<ColumnDataType, string>, {}, {}> | undefined; tenantId?: string | SQL<unknown> | PgColumn<...> | undefined; ... 15 more ...; deletedAt?: SQL<...> | ... 3 more ... | undefined; }'. Did you mean to write 'updatedAt'?
src/app/api/admin/students/[id]/route.ts(202,23): error TS2554: Expected 0 arguments, but got 1.
src/app/api/admin/students/[id]/route.ts(209,9): error TS2561: Object literal may only specify known properties, but 'deleted_at' does not exist in type '{ name?: string | SQL<unknown> | PgColumn<ColumnBaseConfig<ColumnDataType, string>, {}, {}> | undefined; tenantId?: string | SQL<unknown> | PgColumn<...> | undefined; ... 15 more ...; deletedAt?: SQL<...> | ... 3 more ... | undefined; }'. Did you mean to write 'deletedAt'?
src/app/api/admin/students/[id]/route.ts(212,52): error TS2339: Property 'role' does not exist on type 'PgTableWithColumns<{ name: "users"; schema: undefined; columns: { id: PgColumn<{ name: "id"; tableName: "users"; dataType: "string"; columnType: "PgUUID"; data: string; driverParam: string; notNull: true; hasDefault: true; ... 6 more ...; generated: undefined; }, {}, {}>; ... 16 more ...; deletedAt: PgColumn<...>; }...'.
src/app/api/admin/students/__tests__/students.test.ts(21,44): error TS2345: Argument of type '{ id: string; role: string; }' is not assignable to parameter of type 'never'.
src/app/api/admin/students/__tests__/students.test.ts(85,56): error TS2345: Argument of type 'Error' is not assignable to parameter of type 'never'.
src/app/api/admin/students/__tests__/students.test.ts(128,48): error TS2345: Argument of type '{ id: string; email: string; }[]' is not assignable to parameter of type 'never'.
src/app/api/admin/students/__tests__/students.test.ts(217,48): error TS2345: Argument of type 'never[]' is not assignable to parameter of type 'never'.
src/app/api/admin/students/__tests__/students.test.ts(359,52): error TS2345: Argument of type 'never[]' is not assignable to parameter of type 'never'.
src/app/api/admin/students/__tests__/students.test.ts(395,54): error TS2345: Argument of type 'Error' is not assignable to parameter of type 'never'.
src/app/api/admin/students/__tests__/students.test.ts(417,56): error TS2345: Argument of type 'Error' is not assignable to parameter of type 'never'.
src/app/api/admin/students/route.ts(30,23): error TS2554: Expected 0 arguments, but got 1.
src/app/api/admin/students/route.ts(42,27): error TS2339: Property 'role' does not exist on type 'PgTableWithColumns<{ name: "users"; schema: undefined; columns: { id: PgColumn<{ name: "id"; tableName: "users"; dataType: "string"; columnType: "PgUUID"; data: string; driverParam: string; notNull: true; hasDefault: true; ... 6 more ...; generated: undefined; }, {}, {}>; ... 16 more ...; deletedAt: PgColumn<...>; }...'.
src/app/api/admin/students/route.ts(42,58): error TS2551: Property 'deleted_at' does not exist on type 'PgTableWithColumns<{ name: "users"; schema: undefined; columns: { id: PgColumn<{ name: "id"; tableName: "users"; dataType: "string"; columnType: "PgUUID"; data: string; driverParam: string; notNull: true; hasDefault: true; ... 6 more ...; generated: undefined; }, {}, {}>; ... 16 more ...; deletedAt: PgColumn<...>; }...'. Did you mean 'deletedAt'?
src/app/api/admin/students/route.ts(57,36): error TS2339: Property 'current_level' does not exist on type 'PgTableWithColumns<{ name: "users"; schema: undefined; columns: { id: PgColumn<{ name: "id"; tableName: "users"; dataType: "string"; columnType: "PgUUID"; data: string; driverParam: string; notNull: true; hasDefault: true; ... 6 more ...; generated: undefined; }, {}, {}>; ... 16 more ...; deletedAt: PgColumn<...>; }...'.
src/app/api/admin/students/route.ts(67,27): error TS2339: Property 'role' does not exist on type 'PgTableWithColumns<{ name: "users"; schema: undefined; columns: { id: PgColumn<{ name: "id"; tableName: "users"; dataType: "string"; columnType: "PgUUID"; data: string; driverParam: string; notNull: true; hasDefault: true; ... 6 more ...; generated: undefined; }, {}, {}>; ... 16 more ...; deletedAt: PgColumn<...>; }...'.
src/app/api/admin/students/route.ts(67,58): error TS2551: Property 'deleted_at' does not exist on type 'PgTableWithColumns<{ name: "users"; schema: undefined; columns: { id: PgColumn<{ name: "id"; tableName: "users"; dataType: "string"; columnType: "PgUUID"; data: string; driverParam: string; notNull: true; hasDefault: true; ... 6 more ...; generated: undefined; }, {}, {}>; ... 16 more ...; deletedAt: PgColumn<...>; }...'. Did you mean 'deletedAt'?
src/app/api/admin/students/route.ts(86,23): error TS2554: Expected 0 arguments, but got 1.
src/app/api/admin/students/route.ts(114,8): error TS2769: No overload matches this call.
  Overload 1 of 2, '(value: { name: string | SQL<unknown> | Placeholder<string, any>; tenantId: string | SQL<unknown> | Placeholder<string, any>; email: string | SQL<unknown> | Placeholder<...>; ... 14 more ...; deletedAt?: SQL<...> | ... 3 more ... | undefined; }): PgInsertBase<...>', gave the following error.
    Object literal may only specify known properties, and 'role' does not exist in type '{ name: string | SQL<unknown> | Placeholder<string, any>; tenantId: string | SQL<unknown> | Placeholder<string, any>; email: string | SQL<unknown> | Placeholder<string, any>; ... 14 more ...; deletedAt?: SQL<...> | ... 3 more ... | undefined; }'.
  Overload 2 of 2, '(values: { name: string | SQL<unknown> | Placeholder<string, any>; tenantId: string | SQL<unknown> | Placeholder<string, any>; email: string | SQL<unknown> | Placeholder<...>; ... 14 more ...; deletedAt?: SQL<...> | ... 3 more ... | undefined; }[]): PgInsertBase<...>', gave the following error.
    Object literal may only specify known properties, and 'name' does not exist in type '{ name: string | SQL<unknown> | Placeholder<string, any>; tenantId: string | SQL<unknown> | Placeholder<string, any>; email: string | SQL<unknown> | Placeholder<string, any>; ... 14 more ...; deletedAt?: SQL<...> | ... 3 more ... | undefined; }[]'.
src/app/api/admin/teachers/[id]/route.ts(9,23): error TS2554: Expected 0 arguments, but got 1.
src/app/api/admin/teachers/[id]/route.ts(16,52): error TS2339: Property 'role' does not exist on type 'PgTableWithColumns<{ name: "users"; schema: undefined; columns: { id: PgColumn<{ name: "id"; tableName: "users"; dataType: "string"; columnType: "PgUUID"; data: string; driverParam: string; notNull: true; hasDefault: true; ... 6 more ...; generated: undefined; }, {}, {}>; ... 16 more ...; deletedAt: PgColumn<...>; }...'.
src/app/api/admin/teachers/[id]/route.ts(16,83): error TS2551: Property 'deleted_at' does not exist on type 'PgTableWithColumns<{ name: "users"; schema: undefined; columns: { id: PgColumn<{ name: "id"; tableName: "users"; dataType: "string"; columnType: "PgUUID"; data: string; driverParam: string; notNull: true; hasDefault: true; ... 6 more ...; generated: undefined; }, {}, {}>; ... 16 more ...; deletedAt: PgColumn<...>; }...'. Did you mean 'deletedAt'?
src/app/api/admin/teachers/[id]/route.ts(27,29): error TS2551: Property 'teacher_id' does not exist on type 'PgTableWithColumns<{ name: "classes"; schema: undefined; columns: { id: PgColumn<{ name: "id"; tableName: "classes"; dataType: "string"; columnType: "PgUUID"; data: string; driverParam: string; notNull: true; hasDefault: true; ... 6 more ...; generated: undefined; }, {}, {}>; ... 21 more ...; deletedAt: PgColumn<......'. Did you mean 'teacherId'?
src/app/api/admin/teachers/[id]/route.ts(27,68): error TS2551: Property 'deleted_at' does not exist on type 'PgTableWithColumns<{ name: "classes"; schema: undefined; columns: { id: PgColumn<{ name: "id"; tableName: "classes"; dataType: "string"; columnType: "PgUUID"; data: string; driverParam: string; notNull: true; hasDefault: true; ... 6 more ...; generated: undefined; }, {}, {}>; ... 21 more ...; deletedAt: PgColumn<......'. Did you mean 'deletedAt'?
src/app/api/admin/teachers/__tests__/teachers.test.ts(19,44): error TS2345: Argument of type '{ id: string; role: string; }' is not assignable to parameter of type 'never'.
src/app/api/admin/teachers/__tests__/teachers.test.ts(89,56): error TS2345: Argument of type 'Error' is not assignable to parameter of type 'never'.
src/app/api/admin/teachers/__tests__/teachers.test.ts(117,48): error TS2345: Argument of type 'never[]' is not assignable to parameter of type 'never'.
src/app/api/admin/teachers/__tests__/teachers.test.ts(190,54): error TS2345: Argument of type 'Error' is not assignable to parameter of type 'never'.
src/app/api/admin/teachers/__tests__/teachers.test.ts(207,48): error TS2345: Argument of type '{ id: string; role: string; }[]' is not assignable to parameter of type 'never'.
src/app/api/admin/teachers/__tests__/teachers.test.ts(271,50): error TS2345: Argument of type 'never[]' is not assignable to parameter of type 'never'.
src/app/api/admin/teachers/route.ts(9,23): error TS2554: Expected 0 arguments, but got 1.
src/app/api/admin/teachers/route.ts(21,47): error TS2551: Property 'teacher_id' does not exist on type 'PgTableWithColumns<{ name: "classes"; schema: undefined; columns: { id: PgColumn<{ name: "id"; tableName: "classes"; dataType: "string"; columnType: "PgUUID"; data: string; driverParam: string; notNull: true; hasDefault: true; ... 6 more ...; generated: undefined; }, {}, {}>; ... 21 more ...; deletedAt: PgColumn<......'. Did you mean 'teacherId'?
src/app/api/admin/teachers/route.ts(22,27): error TS2339: Property 'role' does not exist on type 'PgTableWithColumns<{ name: "users"; schema: undefined; columns: { id: PgColumn<{ name: "id"; tableName: "users"; dataType: "string"; columnType: "PgUUID"; data: string; driverParam: string; notNull: true; hasDefault: true; ... 6 more ...; generated: undefined; }, {}, {}>; ... 16 more ...; deletedAt: PgColumn<...>; }...'.
src/app/api/admin/teachers/route.ts(22,58): error TS2551: Property 'deleted_at' does not exist on type 'PgTableWithColumns<{ name: "users"; schema: undefined; columns: { id: PgColumn<{ name: "id"; tableName: "users"; dataType: "string"; columnType: "PgUUID"; data: string; driverParam: string; notNull: true; hasDefault: true; ... 6 more ...; generated: undefined; }, {}, {}>; ... 16 more ...; deletedAt: PgColumn<...>; }...'. Did you mean 'deletedAt'?
src/app/api/admin/users/[id]/route.ts(61,45): error TS2551: Property 'tenant_id' does not exist on type 'PgTableWithColumns<{ name: "users"; schema: undefined; columns: { id: PgColumn<{ name: "id"; tableName: "users"; dataType: "string"; columnType: "PgUUID"; data: string; driverParam: string; notNull: true; hasDefault: true; ... 6 more ...; generated: undefined; }, {}, {}>; ... 16 more ...; deletedAt: PgColumn<...>; }...'. Did you mean 'tenantId'?
src/app/api/admin/users/[id]/route.ts(100,9): error TS2561: Object literal may only specify known properties, but 'updated_at' does not exist in type '{ name?: string | SQL<unknown> | PgColumn<ColumnBaseConfig<ColumnDataType, string>, {}, {}> | undefined; tenantId?: string | SQL<unknown> | PgColumn<...> | undefined; ... 15 more ...; deletedAt?: SQL<...> | ... 3 more ... | undefined; }'. Did you mean to write 'updatedAt'?
src/app/api/admin/users/[id]/route.ts(102,45): error TS2551: Property 'tenant_id' does not exist on type 'PgTableWithColumns<{ name: "users"; schema: undefined; columns: { id: PgColumn<{ name: "id"; tableName: "users"; dataType: "string"; columnType: "PgUUID"; data: string; driverParam: string; notNull: true; hasDefault: true; ... 6 more ...; generated: undefined; }, {}, {}>; ... 16 more ...; deletedAt: PgColumn<...>; }...'. Did you mean 'tenantId'?
src/app/api/admin/users/route.ts(86,8): error TS2769: No overload matches this call.
  Overload 1 of 2, '(value: { name: string | SQL<unknown> | Placeholder<string, any>; tenantId: string | SQL<unknown> | Placeholder<string, any>; email: string | SQL<unknown> | Placeholder<...>; ... 14 more ...; deletedAt?: SQL<...> | ... 3 more ... | undefined; }): PgInsertBase<...>', gave the following error.
    Object literal may only specify known properties, but 'tenant_id' does not exist in type '{ name: string | SQL<unknown> | Placeholder<string, any>; tenantId: string | SQL<unknown> | Placeholder<string, any>; email: string | SQL<unknown> | Placeholder<string, any>; ... 14 more ...; deletedAt?: SQL<...> | ... 3 more ... | undefined; }'. Did you mean to write 'tenantId'?
  Overload 2 of 2, '(values: { name: string | SQL<unknown> | Placeholder<string, any>; tenantId: string | SQL<unknown> | Placeholder<string, any>; email: string | SQL<unknown> | Placeholder<...>; ... 14 more ...; deletedAt?: SQL<...> | ... 3 more ... | undefined; }[]): PgInsertBase<...>', gave the following error.
    Object literal may only specify known properties, and 'id' does not exist in type '{ name: string | SQL<unknown> | Placeholder<string, any>; tenantId: string | SQL<unknown> | Placeholder<string, any>; email: string | SQL<unknown> | Placeholder<string, any>; ... 14 more ...; deletedAt?: SQL<...> | ... 3 more ... | undefined; }[]'.
src/app/api/attendance/bulk/route.ts(98,44): error TS2551: Property 'class_id' does not exist on type 'PgTableWithColumns<{ name: "class_sessions"; schema: undefined; columns: { id: PgColumn<{ name: "id"; tableName: "class_sessions"; dataType: "string"; columnType: "PgUUID"; data: string; driverParam: string; notNull: true; ... 7 more ...; generated: undefined; }, {}, {}>; ... 9 more ...; updatedAt: PgColumn<...>; };...'. Did you mean 'classId'?
src/app/api/attendance/bulk/route.ts(102,28): error TS2551: Property 'tenant_id' does not exist on type 'PgTableWithColumns<{ name: "class_sessions"; schema: undefined; columns: { id: PgColumn<{ name: "id"; tableName: "class_sessions"; dataType: "string"; columnType: "PgUUID"; data: string; driverParam: string; notNull: true; ... 7 more ...; generated: undefined; }, {}, {}>; ... 9 more ...; updatedAt: PgColumn<...>; };...'. Did you mean 'tenantId'?
src/app/api/attendance/bulk/route.ts(103,22): error TS2551: Property 'tenant_id' does not exist on type 'PgTableWithColumns<{ name: "classes"; schema: undefined; columns: { id: PgColumn<{ name: "id"; tableName: "classes"; dataType: "string"; columnType: "PgUUID"; data: string; driverParam: string; notNull: true; hasDefault: true; ... 6 more ...; generated: undefined; }, {}, {}>; ... 21 more ...; deletedAt: PgColumn<......'. Did you mean 'tenantId'?
src/app/api/attendance/bulk/route.ts(121,54): error TS2551: Property 'teacher_id' does not exist on type '{ id: string; tenantId: string; name: string; code: string | null; description: string | null; level: string | null; subject: string | null; capacity: number; enrolledCount: number; teacherId: string | null; ... 12 more ...; deletedAt: Date | null; }'. Did you mean 'teacherId'?
src/app/api/attendance/bulk/route.ts(135,63): error TS2551: Property 'created_at' does not exist on type 'PgTableWithColumns<{ name: "attendance"; schema: undefined; columns: { id: PgColumn<{ name: "id"; tableName: "attendance"; dataType: "string"; columnType: "PgUUID"; data: string; driverParam: string; notNull: true; hasDefault: true; ... 6 more ...; generated: undefined; }, {}, {}>; ... 16 more ...; updatedAt: PgColu...'. Did you mean 'createdAt'?
src/app/api/attendance/bulk/route.ts(137,32): error TS2551: Property 'class_session_id' does not exist on type 'PgTableWithColumns<{ name: "attendance"; schema: undefined; columns: { id: PgColumn<{ name: "id"; tableName: "attendance"; dataType: "string"; columnType: "PgUUID"; data: string; driverParam: string; notNull: true; hasDefault: true; ... 6 more ...; generated: undefined; }, {}, {}>; ... 16 more ...; updatedAt: PgColu...'. Did you mean 'classSessionId'?
src/app/api/attendance/bulk/route.ts(137,76): error TS2551: Property 'tenant_id' does not exist on type 'PgTableWithColumns<{ name: "attendance"; schema: undefined; columns: { id: PgColumn<{ name: "id"; tableName: "attendance"; dataType: "string"; columnType: "PgUUID"; data: string; driverParam: string; notNull: true; hasDefault: true; ... 6 more ...; generated: undefined; }, {}, {}>; ... 16 more ...; updatedAt: PgColu...'. Did you mean 'tenantId'?
src/app/api/attendance/bulk/route.ts(138,33): error TS2551: Property 'created_at' does not exist on type 'PgTableWithColumns<{ name: "attendance"; schema: undefined; columns: { id: PgColumn<{ name: "id"; tableName: "attendance"; dataType: "string"; columnType: "PgUUID"; data: string; driverParam: string; notNull: true; hasDefault: true; ... 6 more ...; generated: undefined; }, {}, {}>; ... 16 more ...; updatedAt: PgColu...'. Did you mean 'createdAt'?
src/app/api/attendance/bulk/route.ts(171,13): error TS2769: No overload matches this call.
  Overload 1 of 2, '(value: { status: string | SQL<unknown> | Placeholder<string, any>; tenantId: string | SQL<unknown> | Placeholder<string, any>; studentId: string | SQL<unknown> | Placeholder<...>; ... 14 more ...; isWithinEditWindow?: string | ... 3 more ... | undefined; }): PgInsertBase<...>', gave the following error.
    Object literal may only specify known properties, but 'tenant_id' does not exist in type '{ status: string | SQL<unknown> | Placeholder<string, any>; tenantId: string | SQL<unknown> | Placeholder<string, any>; studentId: string | SQL<unknown> | Placeholder<...>; ... 14 more ...; isWithinEditWindow?: string | ... 3 more ... | undefined; }'. Did you mean to write 'tenantId'?
  Overload 2 of 2, '(values: { status: string | SQL<unknown> | Placeholder<string, any>; tenantId: string | SQL<unknown> | Placeholder<string, any>; studentId: string | SQL<unknown> | Placeholder<...>; ... 14 more ...; isWithinEditWindow?: string | ... 3 more ... | undefined; }[]): PgInsertBase<...>', gave the following error.
    Object literal may only specify known properties, and 'tenant_id' does not exist in type '{ status: string | SQL<unknown> | Placeholder<string, any>; tenantId: string | SQL<unknown> | Placeholder<string, any>; studentId: string | SQL<unknown> | Placeholder<...>; ... 14 more ...; isWithinEditWindow?: string | ... 3 more ... | undefined; }[]'.
src/app/api/attendance/bulk/route.ts(184,33): error TS2551: Property 'class_session_id' does not exist on type 'PgTableWithColumns<{ name: "attendance"; schema: undefined; columns: { id: PgColumn<{ name: "id"; tableName: "attendance"; dataType: "string"; columnType: "PgUUID"; data: string; driverParam: string; notNull: true; hasDefault: true; ... 6 more ...; generated: undefined; }, {}, {}>; ... 16 more ...; updatedAt: PgColu...'. Did you mean 'classSessionId'?
src/app/api/attendance/bulk/route.ts(184,62): error TS2551: Property 'student_id' does not exist on type 'PgTableWithColumns<{ name: "attendance"; schema: undefined; columns: { id: PgColumn<{ name: "id"; tableName: "attendance"; dataType: "string"; columnType: "PgUUID"; data: string; driverParam: string; notNull: true; hasDefault: true; ... 6 more ...; generated: undefined; }, {}, {}>; ... 16 more ...; updatedAt: PgColu...'. Did you mean 'studentId'?
src/app/api/attendance/bulk/route.ts(188,15): error TS2561: Object literal may only specify known properties, but 'minutes_late' does not exist in type 'PgUpdateSetSource<PgTableWithColumns<{ name: "attendance"; schema: undefined; columns: { id: PgColumn<{ name: "id"; tableName: "attendance"; dataType: "string"; columnType: "PgUUID"; data: string; driverParam: string; notNull: true; hasDefault: true; ... 6 more ...; generated: undefined; }, {}, {}>; ... 16 more ...;...'. Did you mean to write 'minutesLate'?
src/app/api/attendance/bulk/route.ts(193,44): error TS2551: Property 'edit_count' does not exist on type 'PgTableWithColumns<{ name: "attendance"; schema: undefined; columns: { id: PgColumn<{ name: "id"; tableName: "attendance"; dataType: "string"; columnType: "PgUUID"; data: string; driverParam: string; notNull: true; hasDefault: true; ... 6 more ...; generated: undefined; }, {}, {}>; ... 16 more ...; updatedAt: PgColu...'. Did you mean 'editCount'?
src/app/api/attendance/export/route.ts(144,54): error TS2551: Property 'tenant_id' does not exist on type 'PgTableWithColumns<{ name: "classes"; schema: undefined; columns: { id: PgColumn<{ name: "id"; tableName: "classes"; dataType: "string"; columnType: "PgUUID"; data: string; driverParam: string; notNull: true; hasDefault: true; ... 6 more ...; generated: undefined; }, {}, {}>; ... 21 more ...; deletedAt: PgColumn<......'. Did you mean 'tenantId'?
src/app/api/attendance/export/route.ts(158,70): error TS2551: Property 'teacher_id' does not exist on type '{ id: string; tenantId: string; name: string; code: string | null; description: string | null; level: string | null; subject: string | null; capacity: number; enrolledCount: number; teacherId: string | null; ... 12 more ...; deletedAt: Date | null; }'. Did you mean 'teacherId'?
src/app/api/attendance/export/route.ts(185,47): error TS2551: Property 'class_session_id' does not exist on type 'PgTableWithColumns<{ name: "attendance"; schema: undefined; columns: { id: PgColumn<{ name: "id"; tableName: "attendance"; dataType: "string"; columnType: "PgUUID"; data: string; driverParam: string; notNull: true; hasDefault: true; ... 6 more ...; generated: undefined; }, {}, {}>; ... 16 more ...; updatedAt: PgColu...'. Did you mean 'classSessionId'?
src/app/api/attendance/export/route.ts(186,44): error TS2551: Property 'student_id' does not exist on type 'PgTableWithColumns<{ name: "attendance"; schema: undefined; columns: { id: PgColumn<{ name: "id"; tableName: "attendance"; dataType: "string"; columnType: "PgUUID"; data: string; driverParam: string; notNull: true; hasDefault: true; ... 6 more ...; generated: undefined; }, {}, {}>; ... 16 more ...; updatedAt: PgColu...'. Did you mean 'studentId'?
src/app/api/attendance/export/route.ts(189,23): error TS2551: Property 'recorded_by' does not exist on type 'PgTableWithColumns<{ name: "attendance"; schema: undefined; columns: { id: PgColumn<{ name: "id"; tableName: "attendance"; dataType: "string"; columnType: "PgUUID"; data: string; driverParam: string; notNull: true; hasDefault: true; ... 6 more ...; generated: undefined; }, {}, {}>; ... 16 more ...; updatedAt: PgColu...'. Did you mean 'recordedBy'?
src/app/api/attendance/export/route.ts(193,28): error TS2551: Property 'class_id' does not exist on type 'PgTableWithColumns<{ name: "class_sessions"; schema: undefined; columns: { id: PgColumn<{ name: "id"; tableName: "class_sessions"; dataType: "string"; columnType: "PgUUID"; data: string; driverParam: string; notNull: true; ... 7 more ...; generated: undefined; }, {}, {}>; ... 9 more ...; updatedAt: PgColumn<...>; };...'. Did you mean 'classId'?
src/app/api/attendance/export/route.ts(194,28): error TS2551: Property 'tenant_id' does not exist on type 'PgTableWithColumns<{ name: "class_sessions"; schema: undefined; columns: { id: PgColumn<{ name: "id"; tableName: "class_sessions"; dataType: "string"; columnType: "PgUUID"; data: string; driverParam: string; notNull: true; ... 7 more ...; generated: undefined; }, {}, {}>; ... 9 more ...; updatedAt: PgColumn<...>; };...'. Did you mean 'tenantId'?
src/app/api/attendance/export/route.ts(195,25): error TS2551: Property 'tenant_id' does not exist on type 'PgTableWithColumns<{ name: "attendance"; schema: undefined; columns: { id: PgColumn<{ name: "id"; tableName: "attendance"; dataType: "string"; columnType: "PgUUID"; data: string; driverParam: string; notNull: true; hasDefault: true; ... 6 more ...; generated: undefined; }, {}, {}>; ... 16 more ...; updatedAt: PgColu...'. Did you mean 'tenantId'?
src/app/api/attendance/export/route.ts(196,29): error TS2551: Property 'session_date' does not exist on type 'PgTableWithColumns<{ name: "class_sessions"; schema: undefined; columns: { id: PgColumn<{ name: "id"; tableName: "class_sessions"; dataType: "string"; columnType: "PgUUID"; data: string; driverParam: string; notNull: true; ... 7 more ...; generated: undefined; }, {}, {}>; ... 9 more ...; updatedAt: PgColumn<...>; };...'. Did you mean 'sessionDate'?
src/app/api/attendance/export/route.ts(197,29): error TS2551: Property 'session_date' does not exist on type 'PgTableWithColumns<{ name: "class_sessions"; schema: undefined; columns: { id: PgColumn<{ name: "id"; tableName: "class_sessions"; dataType: "string"; columnType: "PgUUID"; data: string; driverParam: string; notNull: true; ... 7 more ...; generated: undefined; }, {}, {}>; ... 9 more ...; updatedAt: PgColumn<...>; };...'. Did you mean 'sessionDate'?
src/app/api/attendance/export/route.ts(200,30): error TS2551: Property 'session_date' does not exist on type 'PgTableWithColumns<{ name: "class_sessions"; schema: undefined; columns: { id: PgColumn<{ name: "id"; tableName: "class_sessions"; dataType: "string"; columnType: "PgUUID"; data: string; driverParam: string; notNull: true; ... 7 more ...; generated: undefined; }, {}, {}>; ... 9 more ...; updatedAt: PgColumn<...>; };...'. Did you mean 'sessionDate'?
src/app/api/attendance/export/route.ts(200,58): error TS2551: Property 'start_time' does not exist on type 'PgTableWithColumns<{ name: "class_sessions"; schema: undefined; columns: { id: PgColumn<{ name: "id"; tableName: "class_sessions"; dataType: "string"; columnType: "PgUUID"; data: string; driverParam: string; notNull: true; ... 7 more ...; generated: undefined; }, {}, {}>; ... 9 more ...; updatedAt: PgColumn<...>; };...'. Did you mean 'startTime'?
src/app/api/attendance/export/route.ts(206,30): error TS2551: Property 'session_date' does not exist on type '{ id: string; tenantId: string; classId: string; sessionDate: string; startTime: string; endTime: string; topic: string | null; notes: string | null; status: string; createdAt: Date; updatedAt: Date; }'. Did you mean 'sessionDate'?
src/app/api/attendance/export/route.ts(207,33): error TS2551: Property 'start_time' does not exist on type '{ id: string; tenantId: string; classId: string; sessionDate: string; startTime: string; endTime: string; topic: string | null; notes: string | null; status: string; createdAt: Date; updatedAt: Date; }'. Did you mean 'startTime'?
src/app/api/attendance/export/route.ts(207,57): error TS2551: Property 'end_time' does not exist on type '{ id: string; tenantId: string; classId: string; sessionDate: string; startTime: string; endTime: string; topic: string | null; notes: string | null; status: string; createdAt: Date; updatedAt: Date; }'. Did you mean 'endTime'?
src/app/api/attendance/export/route.ts(211,32): error TS2551: Property 'recorded_at' does not exist on type '{ id: string; tenantId: string; classSessionId: string; studentId: string; status: string; notes: string | null; minutesLate: number | null; minutesLeftEarly: number | null; recordedBy: string | null; ... 8 more ...; updatedAt: Date; }'. Did you mean 'recordedAt'?
src/app/api/attendance/export/route.ts(213,34): error TS2551: Property 'previous_hash' does not exist on type '{ id: string; tenantId: string; classSessionId: string; studentId: string; status: string; notes: string | null; minutesLate: number | null; minutesLeftEarly: number | null; recordedBy: string | null; ... 8 more ...; updatedAt: Date; }'. Did you mean 'previousHash'?
src/app/api/attendance/export/route.ts(214,31): error TS2551: Property 'edit_count' does not exist on type '{ id: string; tenantId: string; classSessionId: string; studentId: string; status: string; notes: string | null; minutesLate: number | null; minutesLeftEarly: number | null; recordedBy: string | null; ... 8 more ...; updatedAt: Date; }'. Did you mean 'editCount'?
src/app/api/attendance/export/route.ts(215,30): error TS2551: Property 'edited_at' does not exist on type '{ id: string; tenantId: string; classSessionId: string; studentId: string; status: string; notes: string | null; minutesLate: number | null; minutesLeftEarly: number | null; recordedBy: string | null; ... 8 more ...; updatedAt: Date; }'. Did you mean 'editedAt'?
src/app/api/attendance/session/route.ts(64,54): error TS2551: Property 'tenant_id' does not exist on type 'PgTableWithColumns<{ name: "classes"; schema: undefined; columns: { id: PgColumn<{ name: "id"; tableName: "classes"; dataType: "string"; columnType: "PgUUID"; data: string; driverParam: string; notNull: true; hasDefault: true; ... 6 more ...; generated: undefined; }, {}, {}>; ... 21 more ...; deletedAt: PgColumn<......'. Did you mean 'tenantId'?
src/app/api/attendance/session/route.ts(78,70): error TS2551: Property 'teacher_id' does not exist on type '{ id: string; tenantId: string; name: string; code: string | null; description: string | null; level: string | null; subject: string | null; capacity: number; enrolledCount: number; teacherId: string | null; ... 12 more ...; deletedAt: Date | null; }'. Did you mean 'teacherId'?
src/app/api/attendance/session/route.ts(96,28): error TS2551: Property 'class_id' does not exist on type 'PgTableWithColumns<{ name: "class_sessions"; schema: undefined; columns: { id: PgColumn<{ name: "id"; tableName: "class_sessions"; dataType: "string"; columnType: "PgUUID"; data: string; driverParam: string; notNull: true; ... 7 more ...; generated: undefined; }, {}, {}>; ... 9 more ...; updatedAt: PgColumn<...>; };...'. Did you mean 'classId'?
src/app/api/attendance/session/route.ts(97,28): error TS2551: Property 'session_date' does not exist on type 'PgTableWithColumns<{ name: "class_sessions"; schema: undefined; columns: { id: PgColumn<{ name: "id"; tableName: "class_sessions"; dataType: "string"; columnType: "PgUUID"; data: string; driverParam: string; notNull: true; ... 7 more ...; generated: undefined; }, {}, {}>; ... 9 more ...; updatedAt: PgColumn<...>; };...'. Did you mean 'sessionDate'?
src/app/api/attendance/session/route.ts(98,28): error TS2551: Property 'start_time' does not exist on type 'PgTableWithColumns<{ name: "class_sessions"; schema: undefined; columns: { id: PgColumn<{ name: "id"; tableName: "class_sessions"; dataType: "string"; columnType: "PgUUID"; data: string; driverParam: string; notNull: true; ... 7 more ...; generated: undefined; }, {}, {}>; ... 9 more ...; updatedAt: PgColumn<...>; };...'. Did you mean 'startTime'?
src/app/api/attendance/session/route.ts(99,28): error TS2551: Property 'tenant_id' does not exist on type 'PgTableWithColumns<{ name: "class_sessions"; schema: undefined; columns: { id: PgColumn<{ name: "id"; tableName: "class_sessions"; dataType: "string"; columnType: "PgUUID"; data: string; driverParam: string; notNull: true; ... 7 more ...; generated: undefined; }, {}, {}>; ... 9 more ...; updatedAt: PgColumn<...>; };...'. Did you mean 'tenantId'?
src/app/api/attendance/session/route.ts(111,11): error TS2769: No overload matches this call.
  Overload 1 of 2, '(value: { tenantId: string | SQL<unknown> | Placeholder<string, any>; startTime: string | SQL<unknown> | Placeholder<string, any>; endTime: string | SQL<unknown> | Placeholder<...>; ... 7 more ...; notes?: string | ... 3 more ... | undefined; }): PgInsertBase<...>', gave the following error.
    Object literal may only specify known properties, but 'tenant_id' does not exist in type '{ tenantId: string | SQL<unknown> | Placeholder<string, any>; startTime: string | SQL<unknown> | Placeholder<string, any>; endTime: string | SQL<unknown> | Placeholder<...>; ... 7 more ...; notes?: string | ... 3 more ... | undefined; }'. Did you mean to write 'tenantId'?
  Overload 2 of 2, '(values: { tenantId: string | SQL<unknown> | Placeholder<string, any>; startTime: string | SQL<unknown> | Placeholder<string, any>; endTime: string | SQL<unknown> | Placeholder<...>; ... 7 more ...; notes?: string | ... 3 more ... | undefined; }[]): PgInsertBase<...>', gave the following error.
    Object literal may only specify known properties, and 'tenant_id' does not exist in type '{ tenantId: string | SQL<unknown> | Placeholder<string, any>; startTime: string | SQL<unknown> | Placeholder<string, any>; endTime: string | SQL<unknown> | Placeholder<...>; ... 7 more ...; notes?: string | ... 3 more ... | undefined; }[]'.
src/app/api/attendance/session/route.ts(130,39): error TS2551: Property 'enrollment_date' does not exist on type 'PgTableWithColumns<{ name: "enrollments"; schema: undefined; columns: { id: PgColumn<{ name: "id"; tableName: "enrollments"; dataType: "string"; columnType: "PgUUID"; data: string; driverParam: string; notNull: true; hasDefault: true; ... 6 more ...; generated: undefined; }, {}, {}>; ... 14 more ...; updatedAt: PgCo...'. Did you mean 'enrollmentDate'?
src/app/api/attendance/session/route.ts(131,39): error TS2551: Property 'attendance_rate' does not exist on type 'PgTableWithColumns<{ name: "enrollments"; schema: undefined; columns: { id: PgColumn<{ name: "id"; tableName: "enrollments"; dataType: "string"; columnType: "PgUUID"; data: string; driverParam: string; notNull: true; hasDefault: true; ... 6 more ...; generated: undefined; }, {}, {}>; ... 14 more ...; updatedAt: PgCo...'. Did you mean 'attendanceRate'?
src/app/api/attendance/session/route.ts(132,37): error TS2551: Property 'current_grade' does not exist on type 'PgTableWithColumns<{ name: "enrollments"; schema: undefined; columns: { id: PgColumn<{ name: "id"; tableName: "enrollments"; dataType: "string"; columnType: "PgUUID"; data: string; driverParam: string; notNull: true; hasDefault: true; ... 6 more ...; generated: undefined; }, {}, {}>; ... 14 more ...; updatedAt: PgCo...'. Did you mean 'currentGrade'?
src/app/api/attendance/session/route.ts(138,34): error TS2551: Property 'recorded_at' does not exist on type 'PgTableWithColumns<{ name: "attendance"; schema: undefined; columns: { id: PgColumn<{ name: "id"; tableName: "attendance"; dataType: "string"; columnType: "PgUUID"; data: string; driverParam: string; notNull: true; hasDefault: true; ... 6 more ...; generated: undefined; }, {}, {}>; ... 16 more ...; updatedAt: PgColu...'. Did you mean 'recordedAt'?
src/app/api/attendance/session/route.ts(143,45): error TS2551: Property 'student_id' does not exist on type 'PgTableWithColumns<{ name: "enrollments"; schema: undefined; columns: { id: PgColumn<{ name: "id"; tableName: "enrollments"; dataType: "string"; columnType: "PgUUID"; data: string; driverParam: string; notNull: true; hasDefault: true; ... 6 more ...; generated: undefined; }, {}, {}>; ... 14 more ...; updatedAt: PgCo...'. Did you mean 'studentId'?
src/app/api/attendance/session/route.ts(147,25): error TS2551: Property 'student_id' does not exist on type 'PgTableWithColumns<{ name: "attendance"; schema: undefined; columns: { id: PgColumn<{ name: "id"; tableName: "attendance"; dataType: "string"; columnType: "PgUUID"; data: string; driverParam: string; notNull: true; hasDefault: true; ... 6 more ...; generated: undefined; }, {}, {}>; ... 16 more ...; updatedAt: PgColu...'. Did you mean 'studentId'?
src/app/api/attendance/session/route.ts(148,25): error TS2551: Property 'class_session_id' does not exist on type 'PgTableWithColumns<{ name: "attendance"; schema: undefined; columns: { id: PgColumn<{ name: "id"; tableName: "attendance"; dataType: "string"; columnType: "PgUUID"; data: string; driverParam: string; notNull: true; hasDefault: true; ... 6 more ...; generated: undefined; }, {}, {}>; ... 16 more ...; updatedAt: PgColu...'. Did you mean 'classSessionId'?
src/app/api/attendance/session/route.ts(149,25): error TS2551: Property 'tenant_id' does not exist on type 'PgTableWithColumns<{ name: "attendance"; schema: undefined; columns: { id: PgColumn<{ name: "id"; tableName: "attendance"; dataType: "string"; columnType: "PgUUID"; data: string; driverParam: string; notNull: true; hasDefault: true; ... 6 more ...; generated: undefined; }, {}, {}>; ... 16 more ...; updatedAt: PgColu...'. Did you mean 'tenantId'?
src/app/api/attendance/session/route.ts(154,26): error TS2551: Property 'class_id' does not exist on type 'PgTableWithColumns<{ name: "enrollments"; schema: undefined; columns: { id: PgColumn<{ name: "id"; tableName: "enrollments"; dataType: "string"; columnType: "PgUUID"; data: string; driverParam: string; notNull: true; hasDefault: true; ... 6 more ...; generated: undefined; }, {}, {}>; ... 14 more ...; updatedAt: PgCo...'. Did you mean 'classId'?
src/app/api/attendance/session/route.ts(156,26): error TS2551: Property 'tenant_id' does not exist on type 'PgTableWithColumns<{ name: "enrollments"; schema: undefined; columns: { id: PgColumn<{ name: "id"; tableName: "enrollments"; dataType: "string"; columnType: "PgUUID"; data: string; driverParam: string; notNull: true; hasDefault: true; ... 6 more ...; generated: undefined; }, {}, {}>; ... 14 more ...; updatedAt: PgCo...'. Did you mean 'tenantId'?
src/app/api/attendance/session/route.ts(167,30): error TS2551: Property 'class_id' does not exist on type '{ id: string; tenantId: string; classId: string; sessionDate: string; startTime: string; endTime: string; topic: string | null; notes: string | null; status: string; createdAt: Date; updatedAt: Date; }'. Did you mean 'classId'?
src/app/api/attendance/session/route.ts(168,34): error TS2551: Property 'session_date' does not exist on type '{ id: string; tenantId: string; classId: string; sessionDate: string; startTime: string; endTime: string; topic: string | null; notes: string | null; status: string; createdAt: Date; updatedAt: Date; }'. Did you mean 'sessionDate'?
src/app/api/attendance/session/route.ts(169,32): error TS2551: Property 'start_time' does not exist on type '{ id: string; tenantId: string; classId: string; sessionDate: string; startTime: string; endTime: string; topic: string | null; notes: string | null; status: string; createdAt: Date; updatedAt: Date; }'. Did you mean 'startTime'?
src/app/api/attendance/session/route.ts(170,30): error TS2551: Property 'end_time' does not exist on type '{ id: string; tenantId: string; classId: string; sessionDate: string; startTime: string; endTime: string; topic: string | null; notes: string | null; status: string; createdAt: Date; updatedAt: Date; }'. Did you mean 'endTime'?
src/app/api/attendance/session/route.ts(284,54): error TS2551: Property 'tenant_id' does not exist on type 'PgTableWithColumns<{ name: "classes"; schema: undefined; columns: { id: PgColumn<{ name: "id"; tableName: "classes"; dataType: "string"; columnType: "PgUUID"; data: string; driverParam: string; notNull: true; hasDefault: true; ... 6 more ...; generated: undefined; }, {}, {}>; ... 21 more ...; deletedAt: PgColumn<......'. Did you mean 'tenantId'?
src/app/api/attendance/session/route.ts(298,70): error TS2551: Property 'teacher_id' does not exist on type '{ id: string; tenantId: string; name: string; code: string | null; description: string | null; level: string | null; subject: string | null; capacity: number; enrolledCount: number; teacherId: string | null; ... 12 more ...; deletedAt: Date | null; }'. Did you mean 'teacherId'?
src/app/api/attendance/session/route.ts(314,9): error TS2769: No overload matches this call.
  Overload 1 of 2, '(value: { tenantId: string | SQL<unknown> | Placeholder<string, any>; startTime: string | SQL<unknown> | Placeholder<string, any>; endTime: string | SQL<unknown> | Placeholder<...>; ... 7 more ...; notes?: string | ... 3 more ... | undefined; }): PgInsertBase<...>', gave the following error.
    Object literal may only specify known properties, but 'tenant_id' does not exist in type '{ tenantId: string | SQL<unknown> | Placeholder<string, any>; startTime: string | SQL<unknown> | Placeholder<string, any>; endTime: string | SQL<unknown> | Placeholder<...>; ... 7 more ...; notes?: string | ... 3 more ... | undefined; }'. Did you mean to write 'tenantId'?
  Overload 2 of 2, '(values: { tenantId: string | SQL<unknown> | Placeholder<string, any>; startTime: string | SQL<unknown> | Placeholder<string, any>; endTime: string | SQL<unknown> | Placeholder<...>; ... 7 more ...; notes?: string | ... 3 more ... | undefined; }[]): PgInsertBase<...>', gave the following error.
    Object literal may only specify known properties, and 'tenant_id' does not exist in type '{ tenantId: string | SQL<unknown> | Placeholder<string, any>; startTime: string | SQL<unknown> | Placeholder<string, any>; endTime: string | SQL<unknown> | Placeholder<...>; ... 7 more ...; notes?: string | ... 3 more ... | undefined; }[]'.
src/app/api/attendance/session/route.ts(329,28): error TS2551: Property 'class_id' does not exist on type '{ id: string; status: string; createdAt: Date; updatedAt: Date; tenantId: string; startTime: string; endTime: string; classId: string; sessionDate: string; topic: string | null; notes: string | null; }'. Did you mean 'classId'?
src/app/api/attendance/session/route.ts(330,32): error TS2551: Property 'session_date' does not exist on type '{ id: string; status: string; createdAt: Date; updatedAt: Date; tenantId: string; startTime: string; endTime: string; classId: string; sessionDate: string; topic: string | null; notes: string | null; }'. Did you mean 'sessionDate'?
src/app/api/attendance/session/route.ts(331,30): error TS2551: Property 'start_time' does not exist on type '{ id: string; status: string; createdAt: Date; updatedAt: Date; tenantId: string; startTime: string; endTime: string; classId: string; sessionDate: string; topic: string | null; notes: string | null; }'. Did you mean 'startTime'?
src/app/api/attendance/session/route.ts(332,28): error TS2551: Property 'end_time' does not exist on type '{ id: string; status: string; createdAt: Date; updatedAt: Date; tenantId: string; startTime: string; endTime: string; classId: string; sessionDate: string; topic: string | null; notes: string | null; }'. Did you mean 'endTime'?
src/app/api/attendance/validate-chain/route.ts(50,44): error TS2551: Property 'class_id' does not exist on type 'PgTableWithColumns<{ name: "class_sessions"; schema: undefined; columns: { id: PgColumn<{ name: "id"; tableName: "class_sessions"; dataType: "string"; columnType: "PgUUID"; data: string; driverParam: string; notNull: true; ... 7 more ...; generated: undefined; }, {}, {}>; ... 9 more ...; updatedAt: PgColumn<...>; };...'. Did you mean 'classId'?
src/app/api/attendance/validate-chain/route.ts(66,77): error TS2551: Property 'teacher_id' does not exist on type '{ id: string; tenantId: string; name: string; code: string | null; description: string | null; level: string | null; subject: string | null; capacity: number; enrolledCount: number; teacherId: string | null; ... 12 more ...; deletedAt: Date | null; }'. Did you mean 'teacherId'?
src/app/api/attendance/validate-chain/route.ts(82,28): error TS2551: Property 'class_session_id' does not exist on type 'PgTableWithColumns<{ name: "attendance"; schema: undefined; columns: { id: PgColumn<{ name: "id"; tableName: "attendance"; dataType: "string"; columnType: "PgUUID"; data: string; driverParam: string; notNull: true; hasDefault: true; ... 6 more ...; generated: undefined; }, {}, {}>; ... 16 more ...; updatedAt: PgColu...'. Did you mean 'classSessionId'?
src/app/api/attendance/validate-chain/route.ts(83,27): error TS2551: Property 'created_at' does not exist on type 'PgTableWithColumns<{ name: "attendance"; schema: undefined; columns: { id: PgColumn<{ name: "id"; tableName: "attendance"; dataType: "string"; columnType: "PgUUID"; data: string; driverParam: string; notNull: true; hasDefault: true; ... 6 more ...; generated: undefined; }, {}, {}>; ... 16 more ...; updatedAt: PgColu...'. Did you mean 'createdAt'?
src/app/api/attendance/validate-chain/route.ts(88,7): error TS2345: Argument of type '{ recorded_by: any; id: string; tenantId: string; classSessionId: string; studentId: string; status: string; notes: string | null; minutesLate: number | null; minutesLeftEarly: number | null; ... 9 more ...; updatedAt: Date; }[]' is not assignable to parameter of type '{ id: string; tenant_id: string; class_session_id: string; student_id: string; status: string; recorded_by: string; recorded_at: Date; notes?: string | null | undefined; minutes_late?: number | ... 1 more ... | undefined; minutes_left_early?: number | ... 1 more ... | undefined; hash: string | null; previous_hash: s...'.
  Type '{ recorded_by: any; id: string; tenantId: string; classSessionId: string; studentId: string; status: string; notes: string | null; minutesLate: number | null; minutesLeftEarly: number | null; ... 9 more ...; updatedAt: Date; }' is missing the following properties from type '{ id: string; tenant_id: string; class_session_id: string; student_id: string; status: string; recorded_by: string; recorded_at: Date; notes?: string | null | undefined; minutes_late?: number | ... 1 more ... | undefined; minutes_left_early?: number | ... 1 more ... | undefined; hash: string | null; previous_hash: s...': tenant_id, class_session_id, student_id, recorded_at, previous_hash
src/app/api/attendance/validate-chain/route.ts(90,24): error TS2551: Property 'recorded_by' does not exist on type '{ id: string; tenantId: string; classSessionId: string; studentId: string; status: string; notes: string | null; minutesLate: number | null; minutesLeftEarly: number | null; recordedBy: string | null; ... 8 more ...; updatedAt: Date; }'. Did you mean 'recordedBy'?
src/app/api/attendance/validate-chain/route.ts(101,40): error TS2551: Property 'session_date' does not exist on type '{ id: string; tenantId: string; classId: string; sessionDate: string; startTime: string; endTime: string; topic: string | null; notes: string | null; status: string; createdAt: Date; updatedAt: Date; }'. Did you mean 'sessionDate'?
src/app/api/lessons/generate/route.ts(12,10): error TS2305: Module '"@/db/schema"' has no exported member 'lessonPlans'.
src/app/api/lessons/generate/route.ts(38,41): error TS2339: Property 'lessonPlans' does not exist on type '{ readonly tenants: RelationalQueryBuilder<ExtractTablesWithRelations<typeof import("/home/eoin/Work/MyCastle/app/src/db/schema/index")>, { tsName: "tenants"; dbName: "tenants"; columns: { ...; }; relations: never; primaryKey: AnyColumn[]; }>; ... 15 more ...; readonly grades: RelationalQueryBuilder<...>; }'.
src/app/api/lessons/generate/route.ts(39,15): error TS7006: Parameter 'plans' implicitly has an 'any' type.
src/app/api/lessons/generate/route.ts(39,24): error TS7031: Binding element 'eq' implicitly has an 'any' type.
src/app/api/timetable/route.ts(74,38): error TS2551: Property 'session_date' does not exist on type 'PgTableWithColumns<{ name: "class_sessions"; schema: undefined; columns: { id: PgColumn<{ name: "id"; tableName: "class_sessions"; dataType: "string"; columnType: "PgUUID"; data: string; driverParam: string; notNull: true; ... 7 more ...; generated: undefined; }, {}, {}>; ... 9 more ...; updatedAt: PgColumn<...>; };...'. Did you mean 'sessionDate'?
src/app/api/timetable/route.ts(75,36): error TS2551: Property 'start_time' does not exist on type 'PgTableWithColumns<{ name: "class_sessions"; schema: undefined; columns: { id: PgColumn<{ name: "id"; tableName: "class_sessions"; dataType: "string"; columnType: "PgUUID"; data: string; driverParam: string; notNull: true; ... 7 more ...; generated: undefined; }, {}, {}>; ... 9 more ...; updatedAt: PgColumn<...>; };...'. Did you mean 'startTime'?
src/app/api/timetable/route.ts(76,34): error TS2551: Property 'end_time' does not exist on type 'PgTableWithColumns<{ name: "class_sessions"; schema: undefined; columns: { id: PgColumn<{ name: "id"; tableName: "class_sessions"; dataType: "string"; columnType: "PgUUID"; data: string; driverParam: string; notNull: true; ... 7 more ...; generated: undefined; }, {}, {}>; ... 9 more ...; updatedAt: PgColumn<...>; };...'. Did you mean 'endTime'?
src/app/api/timetable/route.ts(87,34): error TS2551: Property 'enrolled_count' does not exist on type 'PgTableWithColumns<{ name: "classes"; schema: undefined; columns: { id: PgColumn<{ name: "id"; tableName: "classes"; dataType: "string"; columnType: "PgUUID"; data: string; driverParam: string; notNull: true; hasDefault: true; ... 6 more ...; generated: undefined; }, {}, {}>; ... 21 more ...; deletedAt: PgColumn<......'. Did you mean 'enrolledCount'?
src/app/api/timetable/route.ts(92,44): error TS2551: Property 'class_id' does not exist on type 'PgTableWithColumns<{ name: "class_sessions"; schema: undefined; columns: { id: PgColumn<{ name: "id"; tableName: "class_sessions"; dataType: "string"; columnType: "PgUUID"; data: string; driverParam: string; notNull: true; ... 7 more ...; generated: undefined; }, {}, {}>; ... 9 more ...; updatedAt: PgColumn<...>; };...'. Did you mean 'classId'?
src/app/api/timetable/route.ts(95,22): error TS2551: Property 'teacher_id' does not exist on type 'PgTableWithColumns<{ name: "classes"; schema: undefined; columns: { id: PgColumn<{ name: "id"; tableName: "classes"; dataType: "string"; columnType: "PgUUID"; data: string; driverParam: string; notNull: true; hasDefault: true; ... 6 more ...; generated: undefined; }, {}, {}>; ... 21 more ...; deletedAt: PgColumn<......'. Did you mean 'teacherId'?
src/app/api/timetable/route.ts(96,22): error TS2551: Property 'tenant_id' does not exist on type 'PgTableWithColumns<{ name: "classes"; schema: undefined; columns: { id: PgColumn<{ name: "id"; tableName: "classes"; dataType: "string"; columnType: "PgUUID"; data: string; driverParam: string; notNull: true; hasDefault: true; ... 6 more ...; generated: undefined; }, {}, {}>; ... 21 more ...; deletedAt: PgColumn<......'. Did you mean 'tenantId'?
src/app/api/timetable/route.ts(98,29): error TS2551: Property 'session_date' does not exist on type 'PgTableWithColumns<{ name: "class_sessions"; schema: undefined; columns: { id: PgColumn<{ name: "id"; tableName: "class_sessions"; dataType: "string"; columnType: "PgUUID"; data: string; driverParam: string; notNull: true; ... 7 more ...; generated: undefined; }, {}, {}>; ... 9 more ...; updatedAt: PgColumn<...>; };...'. Did you mean 'sessionDate'?
src/app/api/timetable/route.ts(99,29): error TS2551: Property 'session_date' does not exist on type 'PgTableWithColumns<{ name: "class_sessions"; schema: undefined; columns: { id: PgColumn<{ name: "id"; tableName: "class_sessions"; dataType: "string"; columnType: "PgUUID"; data: string; driverParam: string; notNull: true; ... 7 more ...; generated: undefined; }, {}, {}>; ... 9 more ...; updatedAt: PgColumn<...>; };...'. Did you mean 'sessionDate'?
src/app/api/timetable/route.ts(102,30): error TS2551: Property 'session_date' does not exist on type 'PgTableWithColumns<{ name: "class_sessions"; schema: undefined; columns: { id: PgColumn<{ name: "id"; tableName: "class_sessions"; dataType: "string"; columnType: "PgUUID"; data: string; driverParam: string; notNull: true; ... 7 more ...; generated: undefined; }, {}, {}>; ... 9 more ...; updatedAt: PgColumn<...>; };...'. Did you mean 'sessionDate'?
src/app/api/timetable/route.ts(102,58): error TS2551: Property 'start_time' does not exist on type 'PgTableWithColumns<{ name: "class_sessions"; schema: undefined; columns: { id: PgColumn<{ name: "id"; tableName: "class_sessions"; dataType: "string"; columnType: "PgUUID"; data: string; driverParam: string; notNull: true; ... 7 more ...; generated: undefined; }, {}, {}>; ... 9 more ...; updatedAt: PgColumn<...>; };...'. Did you mean 'startTime'?
src/components/admin/students/StudentDetailDrawer.tsx(112,24): error TS2551: Property 'avatar_url' does not exist on type '{ name: string; id: string; email: string; phone: string | null; createdAt: Date; updatedAt: Date; tenantId: string; status: string; metadata: unknown; deletedAt: Date | null; avatarUrl: string | null; ... 6 more ...; preferences: unknown; }'. Did you mean 'avatarUrl'?
src/components/admin/students/StudentDetailDrawer.tsx(114,32): error TS2551: Property 'avatar_url' does not exist on type '{ name: string; id: string; email: string; phone: string | null; createdAt: Date; updatedAt: Date; tenantId: string; status: string; metadata: unknown; deletedAt: Date | null; avatarUrl: string | null; ... 6 more ...; preferences: unknown; }'. Did you mean 'avatarUrl'?
src/components/admin/students/StudentDetailDrawer.tsx(126,26): error TS2339: Property 'current_level' does not exist on type '{ name: string; id: string; email: string; phone: string | null; createdAt: Date; updatedAt: Date; tenantId: string; status: string; metadata: unknown; deletedAt: Date | null; avatarUrl: string | null; ... 6 more ...; preferences: unknown; }'.
src/components/admin/students/StudentDetailDrawer.tsx(129,37): error TS2339: Property 'current_level' does not exist on type '{ name: string; id: string; email: string; phone: string | null; createdAt: Date; updatedAt: Date; tenantId: string; status: string; metadata: unknown; deletedAt: Date | null; avatarUrl: string | null; ... 6 more ...; preferences: unknown; }'.
src/components/admin/students/StudentDetailDrawer.tsx(130,32): error TS2339: Property 'level_status' does not exist on type '{ name: string; id: string; email: string; phone: string | null; createdAt: Date; updatedAt: Date; tenantId: string; status: string; metadata: unknown; deletedAt: Date | null; avatarUrl: string | null; ... 6 more ...; preferences: unknown; }'.
src/components/admin/students/StudentList.tsx(34,59): error TS2503: Cannot find namespace 'JSX'.
src/components/admin/students/StudentList.tsx(35,18): error TS2339: Property 'current_level' does not exist on type 'StudentWithMetadata'.
src/components/admin/students/StudentList.tsx(39,35): error TS2339: Property 'level_status' does not exist on type 'StudentWithMetadata'.
src/components/admin/students/StudentList.tsx(40,31): error TS2339: Property 'level_status' does not exist on type 'StudentWithMetadata'.
src/components/admin/students/StudentList.tsx(45,106): error TS2339: Property 'current_level' does not exist on type 'StudentWithMetadata'.
src/components/admin/students/StudentList.tsx(47,20): error TS2339: Property 'current_level' does not exist on type 'StudentWithMetadata'.
src/components/admin/students/StudentList.tsx(63,67): error TS2503: Cannot find namespace 'JSX'.
src/components/admin/students/StudentList.tsx(81,62): error TS2503: Cannot find namespace 'JSX'.
src/components/admin/students/StudentList.tsx(82,18): error TS2339: Property 'visa_expiry' does not exist on type 'StudentWithMetadata'.
src/components/admin/students/StudentList.tsx(84,41): error TS2339: Property 'visa_expiry' does not exist on type 'StudentWithMetadata'.
src/components/admin/students/StudentList.tsx(113,44): error TS2503: Cannot find namespace 'JSX'.
src/components/admin/students/StudentList.tsx(213,32): error TS2551: Property 'avatar_url' does not exist on type 'StudentWithMetadata'. Did you mean 'avatarUrl'?
src/components/admin/students/StudentList.tsx(214,78): error TS2551: Property 'avatar_url' does not exist on type 'StudentWithMetadata'. Did you mean 'avatarUrl'?
src/components/admin/students/StudentList.tsx(264,24): error TS2551: Property 'avatar_url' does not exist on type 'StudentWithMetadata'. Did you mean 'avatarUrl'?
src/components/admin/students/StudentList.tsx(265,70): error TS2551: Property 'avatar_url' does not exist on type 'StudentWithMetadata'. Did you mean 'avatarUrl'?
src/components/admin/students/StudentRegistry.tsx(45,18): error TS2339: Property 'visa_expiry' does not exist on type 'StudentWithMetadata'.
src/components/admin/students/StudentRegistry.tsx(46,41): error TS2339: Property 'visa_expiry' does not exist on type 'StudentWithMetadata'.
src/components/admin/students/StudentRegistry.tsx(56,42): error TS2551: Property 'created_at' does not exist on type 'StudentWithMetadata'. Did you mean 'createdAt'?
src/components/admin/students/StudentRegistry.tsx(79,41): error TS2339: Property 'current_level' does not exist on type 'StudentWithMetadata'.
src/components/admin/students/tabs/PersonalInfoTab.tsx(44,28): error TS2339: Property 'level_status' does not exist on type '{ name: string; id: string; email: string; phone: string | null; createdAt: Date; updatedAt: Date; tenantId: string; status: string; metadata: unknown; deletedAt: Date | null; avatarUrl: string | null; ... 6 more ...; preferences: unknown; }'.
src/components/admin/students/tabs/PersonalInfoTab.tsx(114,18): error TS2339: Property 'visa_expiry' does not exist on type '{ name: string; id: string; email: string; phone: string | null; createdAt: Date; updatedAt: Date; tenantId: string; status: string; metadata: unknown; deletedAt: Date | null; avatarUrl: string | null; ... 6 more ...; preferences: unknown; }'.
src/components/admin/students/tabs/PersonalInfoTab.tsx(116,41): error TS2339: Property 'visa_expiry' does not exist on type '{ name: string; id: string; email: string; phone: string | null; createdAt: Date; updatedAt: Date; tenantId: string; status: string; metadata: unknown; deletedAt: Date | null; avatarUrl: string | null; ... 6 more ...; preferences: unknown; }'.
src/components/admin/students/tabs/PersonalInfoTab.tsx(218,76): error TS2551: Property 'created_at' does not exist on type '{ name: string; id: string; email: string; phone: string | null; createdAt: Date; updatedAt: Date; tenantId: string; status: string; metadata: unknown; deletedAt: Date | null; avatarUrl: string | null; ... 6 more ...; preferences: unknown; }'. Did you mean 'createdAt'?
src/components/admin/students/tabs/PersonalInfoTab.tsx(221,20): error TS2551: Property 'last_login' does not exist on type '{ name: string; id: string; email: string; phone: string | null; createdAt: Date; updatedAt: Date; tenantId: string; status: string; metadata: unknown; deletedAt: Date | null; avatarUrl: string | null; ... 6 more ...; preferences: unknown; }'. Did you mean 'lastLogin'?
src/components/admin/students/tabs/PersonalInfoTab.tsx(224,78): error TS2551: Property 'last_login' does not exist on type '{ name: string; id: string; email: string; phone: string | null; createdAt: Date; updatedAt: Date; tenantId: string; status: string; metadata: unknown; deletedAt: Date | null; avatarUrl: string | null; ... 6 more ...; preferences: unknown; }'. Did you mean 'lastLogin'?
src/components/admin/students/tabs/PersonalInfoTab.tsx(237,24): error TS2339: Property 'current_level' does not exist on type '{ name: string; id: string; email: string; phone: string | null; createdAt: Date; updatedAt: Date; tenantId: string; status: string; metadata: unknown; deletedAt: Date | null; avatarUrl: string | null; ... 6 more ...; preferences: unknown; }'.
src/components/admin/students/tabs/PersonalInfoTab.tsx(240,114): error TS2339: Property 'current_level' does not exist on type '{ name: string; id: string; email: string; phone: string | null; createdAt: Date; updatedAt: Date; tenantId: string; status: string; metadata: unknown; deletedAt: Date | null; avatarUrl: string | null; ... 6 more ...; preferences: unknown; }'.
src/components/admin/students/tabs/PersonalInfoTab.tsx(242,30): error TS2339: Property 'current_level' does not exist on type '{ name: string; id: string; email: string; phone: string | null; createdAt: Date; updatedAt: Date; tenantId: string; status: string; metadata: unknown; deletedAt: Date | null; avatarUrl: string | null; ... 6 more ...; preferences: unknown; }'.
src/components/admin/students/tabs/PersonalInfoTab.tsx(252,20): error TS2339: Property 'initial_level' does not exist on type '{ name: string; id: string; email: string; phone: string | null; createdAt: Date; updatedAt: Date; tenantId: string; status: string; metadata: unknown; deletedAt: Date | null; avatarUrl: string | null; ... 6 more ...; preferences: unknown; }'.
src/components/admin/students/tabs/PersonalInfoTab.tsx(257,112): error TS2339: Property 'initial_level' does not exist on type '{ name: string; id: string; email: string; phone: string | null; createdAt: Date; updatedAt: Date; tenantId: string; status: string; metadata: unknown; deletedAt: Date | null; avatarUrl: string | null; ... 6 more ...; preferences: unknown; }'.
src/components/admin/students/tabs/PersonalInfoTab.tsx(259,28): error TS2339: Property 'initial_level' does not exist on type '{ name: string; id: string; email: string; phone: string | null; createdAt: Date; updatedAt: Date; tenantId: string; status: string; metadata: unknown; deletedAt: Date | null; avatarUrl: string | null; ... 6 more ...; preferences: unknown; }'.
src/components/admin/students/tabs/PersonalInfoTab.tsx(266,18): error TS2339: Property 'level_status' does not exist on type '{ name: string; id: string; email: string; phone: string | null; createdAt: Date; updatedAt: Date; tenantId: string; status: string; metadata: unknown; deletedAt: Date | null; avatarUrl: string | null; ... 6 more ...; preferences: unknown; }'.
src/components/admin/students/tabs/PersonalInfoTab.tsx(277,17): error TS2339: Property 'visa_type' does not exist on type '{ name: string; id: string; email: string; phone: string | null; createdAt: Date; updatedAt: Date; tenantId: string; status: string; metadata: unknown; deletedAt: Date | null; avatarUrl: string | null; ... 6 more ...; preferences: unknown; }'.
src/components/admin/students/tabs/PersonalInfoTab.tsx(277,38): error TS2339: Property 'visa_expiry' does not exist on type '{ name: string; id: string; email: string; phone: string | null; createdAt: Date; updatedAt: Date; tenantId: string; status: string; metadata: unknown; deletedAt: Date | null; avatarUrl: string | null; ... 6 more ...; preferences: unknown; }'.
src/components/admin/students/tabs/PersonalInfoTab.tsx(281,22): error TS2339: Property 'visa_type' does not exist on type '{ name: string; id: string; email: string; phone: string | null; createdAt: Date; updatedAt: Date; tenantId: string; status: string; metadata: unknown; deletedAt: Date | null; avatarUrl: string | null; ... 6 more ...; preferences: unknown; }'.
src/components/admin/students/tabs/PersonalInfoTab.tsx(284,69): error TS2339: Property 'visa_type' does not exist on type '{ name: string; id: string; email: string; phone: string | null; createdAt: Date; updatedAt: Date; tenantId: string; status: string; metadata: unknown; deletedAt: Date | null; avatarUrl: string | null; ... 6 more ...; preferences: unknown; }'.
src/components/admin/students/tabs/PersonalInfoTab.tsx(288,22): error TS2339: Property 'visa_expiry' does not exist on type '{ name: string; id: string; email: string; phone: string | null; createdAt: Date; updatedAt: Date; tenantId: string; status: string; metadata: unknown; deletedAt: Date | null; avatarUrl: string | null; ... 6 more ...; preferences: unknown; }'.
src/components/admin/students/tabs/PersonalInfoTab.tsx(292,79): error TS2339: Property 'visa_expiry' does not exist on type '{ name: string; id: string; email: string; phone: string | null; createdAt: Date; updatedAt: Date; tenantId: string; status: string; metadata: unknown; deletedAt: Date | null; avatarUrl: string | null; ... 6 more ...; preferences: unknown; }'.
src/lib/attendance/cumulative-lateness.ts(18,46): error TS2305: Module '"@/db/schema"' has no exported member 'programmes'.
src/lib/mcp/servers/attendance/server.ts(13,22): error TS2305: Module '"@/db/schema"' has no exported member 'auditLogs'.
src/lib/mcp/servers/attendance/server.ts(89,23): error TS2551: Property 'tenant_id' does not exist on type 'PgTableWithColumns<{ name: "attendance"; schema: undefined; columns: { id: PgColumn<{ name: "id"; tableName: "attendance"; dataType: "string"; columnType: "PgUUID"; data: string; driverParam: string; notNull: true; hasDefault: true; ... 6 more ...; generated: undefined; }, {}, {}>; ... 16 more ...; updatedAt: PgColu...'. Did you mean 'tenantId'?
src/lib/mcp/servers/attendance/server.ts(90,24): error TS2551: Property 'recorded_at' does not exist on type 'PgTableWithColumns<{ name: "attendance"; schema: undefined; columns: { id: PgColumn<{ name: "id"; tableName: "attendance"; dataType: "string"; columnType: "PgUUID"; data: string; driverParam: string; notNull: true; hasDefault: true; ... 6 more ...; generated: undefined; }, {}, {}>; ... 16 more ...; updatedAt: PgColu...'. Did you mean 'recordedAt'?
src/lib/mcp/servers/attendance/server.ts(91,24): error TS2551: Property 'recorded_at' does not exist on type 'PgTableWithColumns<{ name: "attendance"; schema: undefined; columns: { id: PgColumn<{ name: "id"; tableName: "attendance"; dataType: "string"; columnType: "PgUUID"; data: string; driverParam: string; notNull: true; hasDefault: true; ... 6 more ...; generated: undefined; }, {}, {}>; ... 16 more ...; updatedAt: PgColu...'. Did you mean 'recordedAt'?
src/lib/mcp/servers/attendance/server.ts(94,53): error TS2551: Property 'student_id' does not exist on type 'PgTableWithColumns<{ name: "attendance"; schema: undefined; columns: { id: PgColumn<{ name: "id"; tableName: "attendance"; dataType: "string"; columnType: "PgUUID"; data: string; driverParam: string; notNull: true; hasDefault: true; ... 6 more ...; generated: undefined; }, {}, {}>; ... 16 more ...; updatedAt: PgColu...'. Did you mean 'studentId'?
src/lib/mcp/servers/attendance/server.ts(100,34): error TS2551: Property 'recorded_at' does not exist on type 'PgTableWithColumns<{ name: "attendance"; schema: undefined; columns: { id: PgColumn<{ name: "id"; tableName: "attendance"; dataType: "string"; columnType: "PgUUID"; data: string; driverParam: string; notNull: true; hasDefault: true; ... 6 more ...; generated: undefined; }, {}, {}>; ... 16 more ...; updatedAt: PgColu...'. Did you mean 'recordedAt'?
src/lib/mcp/servers/attendance/server.ts(134,30): error TS2551: Property 'tenant_id' does not exist on type 'PgTableWithColumns<{ name: "attendance"; schema: undefined; columns: { id: PgColumn<{ name: "id"; tableName: "attendance"; dataType: "string"; columnType: "PgUUID"; data: string; driverParam: string; notNull: true; hasDefault: true; ... 6 more ...; generated: undefined; }, {}, {}>; ... 16 more ...; updatedAt: PgColu...'. Did you mean 'tenantId'?
src/lib/mcp/servers/attendance/server.ts(135,34): error TS2551: Property 'recorded_at' does not exist on type 'PgTableWithColumns<{ name: "attendance"; schema: undefined; columns: { id: PgColumn<{ name: "id"; tableName: "attendance"; dataType: "string"; columnType: "PgUUID"; data: string; driverParam: string; notNull: true; hasDefault: true; ... 6 more ...; generated: undefined; }, {}, {}>; ... 16 more ...; updatedAt: PgColu...'. Did you mean 'recordedAt'?
src/lib/mcp/servers/finance/FinanceMCP.ts(29,10): error TS2305: Module '"@/db/schema"' has no exported member 'invoices'.
src/lib/mcp/servers/finance/FinanceMCP.ts(29,59): error TS2305: Module '"@/db/schema"' has no exported member 'auditLogs'.
src/lib/mcp/servers/finance/FinanceMCP.ts(129,53): error TS2551: Property 'tenant_id' does not exist on type 'PgTableWithColumns<{ name: "users"; schema: undefined; columns: { id: PgColumn<{ name: "id"; tableName: "users"; dataType: "string"; columnType: "PgUUID"; data: string; driverParam: string; notNull: true; hasDefault: true; ... 6 more ...; generated: undefined; }, {}, {}>; ... 16 more ...; deletedAt: PgColumn<...>; }...'. Did you mean 'tenantId'?
src/lib/mcp/servers/finance/FinanceMCP.ts(132,29): error TS2339: Property 'role' does not exist on type '{ id: string; tenantId: string; authId: string | null; email: string; emailVerified: boolean | null; name: string; phone: string | null; dateOfBirth: string | null; nationality: string | null; ... 8 more ...; deletedAt: Date | null; }'.
src/lib/mcp/servers/finance/FinanceMCP.ts(140,55): error TS2551: Property 'tenant_id' does not exist on type 'PgTableWithColumns<{ name: "classes"; schema: undefined; columns: { id: PgColumn<{ name: "id"; tableName: "classes"; dataType: "string"; columnType: "PgUUID"; data: string; driverParam: string; notNull: true; hasDefault: true; ... 6 more ...; generated: undefined; }, {}, {}>; ... 21 more ...; deletedAt: PgColumn<......'. Did you mean 'tenantId'?
src/lib/mcp/servers/finance/FinanceMCP.ts(148,19): error TS2551: Property 'enrolled_count' does not exist on type '{ id: string; tenantId: string; name: string; code: string | null; description: string | null; level: string | null; subject: string | null; capacity: number; enrolledCount: number; teacherId: string | null; ... 12 more ...; deletedAt: Date | null; }'. Did you mean 'enrolledCount'?
src/lib/mcp/servers/finance/FinanceMCP.ts(182,11): error TS2769: No overload matches this call.
  Overload 1 of 2, '(value: { tenantId: string | SQL<unknown> | Placeholder<string, any>; studentId: string | SQL<unknown> | Placeholder<string, any>; classId: string | SQL<unknown> | Placeholder<...>; ... 12 more ...; currentGrade?: string | ... 3 more ... | undefined; }): PgInsertBase<...>', gave the following error.
    Object literal may only specify known properties, but 'tenant_id' does not exist in type '{ tenantId: string | SQL<unknown> | Placeholder<string, any>; studentId: string | SQL<unknown> | Placeholder<string, any>; classId: string | SQL<unknown> | Placeholder<...>; ... 12 more ...; currentGrade?: string | ... 3 more ... | undefined; }'. Did you mean to write 'tenantId'?
  Overload 2 of 2, '(values: { tenantId: string | SQL<unknown> | Placeholder<string, any>; studentId: string | SQL<unknown> | Placeholder<string, any>; classId: string | SQL<unknown> | Placeholder<...>; ... 12 more ...; currentGrade?: string | ... 3 more ... | undefined; }[]): PgInsertBase<...>', gave the following error.
    Object literal may only specify known properties, and 'tenant_id' does not exist in type '{ tenantId: string | SQL<unknown> | Placeholder<string, any>; studentId: string | SQL<unknown> | Placeholder<string, any>; classId: string | SQL<unknown> | Placeholder<...>; ... 12 more ...; currentGrade?: string | ... 3 more ... | undefined; }[]'.
src/lib/mcp/servers/finance/FinanceMCP.ts(196,11): error TS2561: Object literal may only specify known properties, but 'enrolled_count' does not exist in type '{ name?: string | SQL<unknown> | PgColumn<ColumnBaseConfig<ColumnDataType, string>, {}, {}> | undefined; tenantId?: string | SQL<unknown> | PgColumn<...> | undefined; ... 20 more ...; showCapacityPublicly?: boolean | ... 3 more ... | undefined; }'. Did you mean to write 'enrolledCount'?
src/lib/mcp/servers/finance/FinanceMCP.ts(196,41): error TS2551: Property 'enrolled_count' does not exist on type 'PgTableWithColumns<{ name: "classes"; schema: undefined; columns: { id: PgColumn<{ name: "id"; tableName: "classes"; dataType: "string"; columnType: "PgUUID"; data: string; driverParam: string; notNull: true; hasDefault: true; ... 6 more ...; generated: undefined; }, {}, {}>; ... 21 more ...; deletedAt: PgColumn<......'. Did you mean 'enrolledCount'?
src/lib/mcp/servers/finance/FinanceMCP.ts(382,53): error TS2551: Property 'tenant_id' does not exist on type 'PgTableWithColumns<{ name: "users"; schema: undefined; columns: { id: PgColumn<{ name: "id"; tableName: "users"; dataType: "string"; columnType: "PgUUID"; data: string; driverParam: string; notNull: true; hasDefault: true; ... 6 more ...; generated: undefined; }, {}, {}>; ... 16 more ...; deletedAt: PgColumn<...>; }...'. Did you mean 'tenantId'?
src/lib/mcp/servers/finance/FinanceMCP.ts(385,29): error TS2339: Property 'role' does not exist on type '{ id: string; tenantId: string; authId: string | null; email: string; emailVerified: boolean | null; name: string; phone: string | null; dateOfBirth: string | null; nationality: string | null; ... 8 more ...; deletedAt: Date | null; }'.
src/lib/mcp/servers/finance/FinanceMCP.ts(545,59): error TS2551: Property 'tenant_id' does not exist on type 'PgTableWithColumns<{ name: "payments"; schema: undefined; columns: { id: PgColumn<{ name: "id"; tableName: "payments"; dataType: "string"; columnType: "PgUUID"; data: string; driverParam: string; notNull: true; hasDefault: true; ... 6 more ...; generated: undefined; }, {}, {}>; ... 9 more ...; updatedAt: PgColumn<.....'. Did you mean 'tenantId'?
src/lib/mcp/servers/finance/FinanceMCP.ts(552,47): error TS2339: Property 'amount' does not exist on type '{ id: string; tenantId: string; bookingId: string; paymentDate: string; amountEur: string; paymentMethod: string; referenceNumber: string | null; receivedBy: string | null; notes: string | null; createdAt: Date; updatedAt: Date; }'.
src/lib/mcp/servers/finance/FinanceMCP.ts(563,9): error TS2769: No overload matches this call.
  Overload 1 of 2, '(value: { tenantId: string | SQL<unknown> | Placeholder<string, any>; bookingId: string | SQL<unknown> | Placeholder<string, any>; paymentDate: string | SQL<...> | Placeholder<...>; ... 7 more ...; receivedBy?: string | ... 3 more ... | undefined; }): PgInsertBase<...>', gave the following error.
    Object literal may only specify known properties, but 'tenant_id' does not exist in type '{ tenantId: string | SQL<unknown> | Placeholder<string, any>; bookingId: string | SQL<unknown> | Placeholder<string, any>; paymentDate: string | SQL<unknown> | Placeholder<...>; ... 7 more ...; receivedBy?: string | ... 3 more ... | undefined; }'. Did you mean to write 'tenantId'?
  Overload 2 of 2, '(values: { tenantId: string | SQL<unknown> | Placeholder<string, any>; bookingId: string | SQL<unknown> | Placeholder<string, any>; paymentDate: string | SQL<...> | Placeholder<...>; ... 7 more ...; receivedBy?: string | ... 3 more ... | undefined; }[]): PgInsertBase<...>', gave the following error.
    Object literal may only specify known properties, and 'tenant_id' does not exist in type '{ tenantId: string | SQL<unknown> | Placeholder<string, any>; bookingId: string | SQL<unknown> | Placeholder<string, any>; paymentDate: string | SQL<unknown> | Placeholder<...>; ... 7 more ...; receivedBy?: string | ... 3 more ... | undefined; }[]'.
src/lib/mcp/servers/finance/FinanceMCP.ts(564,29): error TS2339: Property 'invoice_id' does not exist on type '{ id: string; tenantId: string; bookingId: string; paymentDate: string; amountEur: string; paymentMethod: string; referenceNumber: string | null; receivedBy: string | null; notes: string | null; createdAt: Date; updatedAt: Date; }'.
src/lib/mcp/servers/finance/FinanceMCP.ts(565,29): error TS2339: Property 'student_id' does not exist on type '{ id: string; tenantId: string; bookingId: string; paymentDate: string; amountEur: string; paymentMethod: string; referenceNumber: string | null; receivedBy: string | null; notes: string | null; createdAt: Date; updatedAt: Date; }'.
src/lib/mcp/servers/finance/FinanceMCP.ts(567,27): error TS2339: Property 'currency' does not exist on type '{ id: string; tenantId: string; bookingId: string; paymentDate: string; amountEur: string; paymentMethod: string; referenceNumber: string | null; receivedBy: string | null; notes: string | null; createdAt: Date; updatedAt: Date; }'.
src/lib/mcp/servers/finance/FinanceMCP.ts(569,57): error TS2551: Property 'payment_method' does not exist on type '{ id: string; tenantId: string; bookingId: string; paymentDate: string; amountEur: string; paymentMethod: string; referenceNumber: string | null; receivedBy: string | null; notes: string | null; createdAt: Date; updatedAt: Date; }'. Did you mean 'paymentMethod'?
src/lib/mcp/servers/finance/FinanceMCP.ts(584,40): error TS2339: Property 'invoice_id' does not exist on type '{ id: string; tenantId: string; bookingId: string; paymentDate: string; amountEur: string; paymentMethod: string; referenceNumber: string | null; receivedBy: string | null; notes: string | null; createdAt: Date; updatedAt: Date; }'.
src/lib/mcp/servers/finance/FinanceMCP.ts(604,46): error TS2339: Property 'currency' does not exist on type '{ id: string; tenantId: string; bookingId: string; paymentDate: string; amountEur: string; paymentMethod: string; referenceNumber: string | null; receivedBy: string | null; notes: string | null; createdAt: Date; updatedAt: Date; }'.
src/lib/mcp/servers/finance/FinanceMCP.ts(605,43): error TS2339: Property 'currency' does not exist on type '{ id: string; tenantId: string; bookingId: string; paymentDate: string; amountEur: string; paymentMethod: string; referenceNumber: string | null; receivedBy: string | null; notes: string | null; createdAt: Date; updatedAt: Date; }'.
src/lib/mcp/servers/finance/FinanceMCP.ts(610,69): error TS2339: Property 'currency' does not exist on type '{ id: string; tenantId: string; bookingId: string; paymentDate: string; amountEur: string; paymentMethod: string; referenceNumber: string | null; receivedBy: string | null; notes: string | null; createdAt: Date; updatedAt: Date; }'.
src/lib/mcp/servers/finance/FinanceMCP.ts(634,19): error TS2551: Property 'tenant_id' does not exist on type 'PgTableWithColumns<{ name: "payments"; schema: undefined; columns: { id: PgColumn<{ name: "id"; tableName: "payments"; dataType: "string"; columnType: "PgUUID"; data: string; driverParam: string; notNull: true; hasDefault: true; ... 6 more ...; generated: undefined; }, {}, {}>; ... 9 more ...; updatedAt: PgColumn<.....'. Did you mean 'tenantId'?
src/lib/mcp/servers/finance/FinanceMCP.ts(635,20): error TS2551: Property 'payment_date' does not exist on type 'PgTableWithColumns<{ name: "payments"; schema: undefined; columns: { id: PgColumn<{ name: "id"; tableName: "payments"; dataType: "string"; columnType: "PgUUID"; data: string; driverParam: string; notNull: true; hasDefault: true; ... 6 more ...; generated: undefined; }, {}, {}>; ... 9 more ...; updatedAt: PgColumn<.....'. Did you mean 'paymentDate'?
src/lib/mcp/servers/finance/FinanceMCP.ts(636,20): error TS2551: Property 'payment_date' does not exist on type 'PgTableWithColumns<{ name: "payments"; schema: undefined; columns: { id: PgColumn<{ name: "id"; tableName: "payments"; dataType: "string"; columnType: "PgUUID"; data: string; driverParam: string; notNull: true; hasDefault: true; ... 6 more ...; generated: undefined; }, {}, {}>; ... 9 more ...; updatedAt: PgColumn<.....'. Did you mean 'paymentDate'?
src/lib/mcp/servers/finance/FinanceMCP.ts(640,35): error TS2551: Property 'payment_method' does not exist on type 'PgTableWithColumns<{ name: "payments"; schema: undefined; columns: { id: PgColumn<{ name: "id"; tableName: "payments"; dataType: "string"; columnType: "PgUUID"; data: string; driverParam: string; notNull: true; hasDefault: true; ... 6 more ...; generated: undefined; }, {}, {}>; ... 9 more ...; updatedAt: PgColumn<.....'. Did you mean 'paymentMethod'?
src/lib/mcp/servers/finance/FinanceMCP.ts(648,25): error TS2551: Property 'payment_date' does not exist on type 'PgTableWithColumns<{ name: "payments"; schema: undefined; columns: { id: PgColumn<{ name: "id"; tableName: "payments"; dataType: "string"; columnType: "PgUUID"; data: string; driverParam: string; notNull: true; hasDefault: true; ... 6 more ...; generated: undefined; }, {}, {}>; ... 9 more ...; updatedAt: PgColumn<.....'. Did you mean 'paymentDate'?
src/lib/mcp/servers/finance/FinanceMCP.ts(651,78): error TS2339: Property 'amount' does not exist on type '{ id: string; tenantId: string; bookingId: string; paymentDate: string; amountEur: string; paymentMethod: string; referenceNumber: string | null; receivedBy: string | null; notes: string | null; createdAt: Date; updatedAt: Date; }'.
src/lib/mcp/servers/finance/FinanceMCP.ts(656,18): error TS2551: Property 'payment_method' does not exist on type '{ id: string; tenantId: string; bookingId: string; paymentDate: string; amountEur: string; paymentMethod: string; referenceNumber: string | null; receivedBy: string | null; notes: string | null; createdAt: Date; updatedAt: Date; }'. Did you mean 'paymentMethod'?
src/lib/mcp/servers/finance/FinanceMCP.ts(656,48): error TS2551: Property 'payment_method' does not exist on type '{ id: string; tenantId: string; bookingId: string; paymentDate: string; amountEur: string; paymentMethod: string; referenceNumber: string | null; receivedBy: string | null; notes: string | null; createdAt: Date; updatedAt: Date; }'. Did you mean 'paymentMethod'?
src/lib/mcp/servers/finance/FinanceMCP.ts(656,85): error TS2339: Property 'amount' does not exist on type '{ id: string; tenantId: string; bookingId: string; paymentDate: string; amountEur: string; paymentMethod: string; referenceNumber: string | null; receivedBy: string | null; notes: string | null; createdAt: Date; updatedAt: Date; }'.
src/lib/mcp/servers/finance/FinanceMCP.ts(657,20): error TS2339: Property 'currency' does not exist on type '{ id: string; tenantId: string; bookingId: string; paymentDate: string; amountEur: string; paymentMethod: string; referenceNumber: string | null; receivedBy: string | null; notes: string | null; createdAt: Date; updatedAt: Date; }'.
src/lib/mcp/servers/finance/FinanceMCP.ts(657,46): error TS2339: Property 'currency' does not exist on type '{ id: string; tenantId: string; bookingId: string; paymentDate: string; amountEur: string; paymentMethod: string; referenceNumber: string | null; receivedBy: string | null; notes: string | null; createdAt: Date; updatedAt: Date; }'.
src/lib/mcp/servers/finance/FinanceMCP.ts(657,77): error TS2339: Property 'amount' does not exist on type '{ id: string; tenantId: string; bookingId: string; paymentDate: string; amountEur: string; paymentMethod: string; referenceNumber: string | null; receivedBy: string | null; notes: string | null; createdAt: Date; updatedAt: Date; }'.
src/lib/mcp/servers/finance/FinanceMCP.ts(676,36): error TS2551: Property 'payment_date' does not exist on type '{ id: string; tenantId: string; bookingId: string; paymentDate: string; amountEur: string; paymentMethod: string; referenceNumber: string | null; receivedBy: string | null; notes: string | null; createdAt: Date; updatedAt: Date; }'. Did you mean 'paymentDate'?
src/lib/mcp/servers/finance/FinanceMCP.ts(676,56): error TS2339: Property 'currency' does not exist on type '{ id: string; tenantId: string; bookingId: string; paymentDate: string; amountEur: string; paymentMethod: string; referenceNumber: string | null; receivedBy: string | null; notes: string | null; createdAt: Date; updatedAt: Date; }'.
src/lib/mcp/servers/finance/FinanceMCP.ts(676,70): error TS2339: Property 'amount' does not exist on type '{ id: string; tenantId: string; bookingId: string; paymentDate: string; amountEur: string; paymentMethod: string; referenceNumber: string | null; receivedBy: string | null; notes: string | null; createdAt: Date; updatedAt: Date; }'.
src/lib/mcp/servers/finance/FinanceMCP.ts(676,83): error TS2551: Property 'payment_method' does not exist on type '{ id: string; tenantId: string; bookingId: string; paymentDate: string; amountEur: string; paymentMethod: string; referenceNumber: string | null; receivedBy: string | null; notes: string | null; createdAt: Date; updatedAt: Date; }'. Did you mean 'paymentMethod'?
src/lib/mcp/servers/finance/FinanceMCP.ts(706,24): error TS2551: Property 'payment_date' does not exist on type 'PgTableWithColumns<{ name: "payments"; schema: undefined; columns: { id: PgColumn<{ name: "id"; tableName: "payments"; dataType: "string"; columnType: "PgUUID"; data: string; driverParam: string; notNull: true; hasDefault: true; ... 6 more ...; generated: undefined; }, {}, {}>; ... 9 more ...; updatedAt: PgColumn<.....'. Did you mean 'paymentDate'?
src/lib/mcp/servers/finance/FinanceMCP.ts(709,26): error TS2339: Property 'amount' does not exist on type 'PgTableWithColumns<{ name: "payments"; schema: undefined; columns: { id: PgColumn<{ name: "id"; tableName: "payments"; dataType: "string"; columnType: "PgUUID"; data: string; driverParam: string; notNull: true; hasDefault: true; ... 6 more ...; generated: undefined; }, {}, {}>; ... 9 more ...; updatedAt: PgColumn<.....'.
src/lib/mcp/servers/finance/FinanceMCP.ts(710,28): error TS2339: Property 'currency' does not exist on type 'PgTableWithColumns<{ name: "payments"; schema: undefined; columns: { id: PgColumn<{ name: "id"; tableName: "payments"; dataType: "string"; columnType: "PgUUID"; data: string; driverParam: string; notNull: true; hasDefault: true; ... 6 more ...; generated: undefined; }, {}, {}>; ... 9 more ...; updatedAt: PgColumn<.....'.
src/lib/mcp/servers/finance/FinanceMCP.ts(711,26): error TS2551: Property 'payment_method' does not exist on type 'PgTableWithColumns<{ name: "payments"; schema: undefined; columns: { id: PgColumn<{ name: "id"; tableName: "payments"; dataType: "string"; columnType: "PgUUID"; data: string; driverParam: string; notNull: true; hasDefault: true; ... 6 more ...; generated: undefined; }, {}, {}>; ... 9 more ...; updatedAt: PgColumn<.....'. Did you mean 'paymentMethod'?
src/lib/mcp/servers/finance/FinanceMCP.ts(715,40): error TS2339: Property 'invoice_id' does not exist on type 'PgTableWithColumns<{ name: "payments"; schema: undefined; columns: { id: PgColumn<{ name: "id"; tableName: "payments"; dataType: "string"; columnType: "PgUUID"; data: string; driverParam: string; notNull: true; hasDefault: true; ... 6 more ...; generated: undefined; }, {}, {}>; ... 9 more ...; updatedAt: PgColumn<.....'.
src/lib/mcp/servers/finance/FinanceMCP.ts(716,37): error TS2339: Property 'student_id' does not exist on type 'PgTableWithColumns<{ name: "payments"; schema: undefined; columns: { id: PgColumn<{ name: "id"; tableName: "payments"; dataType: "string"; columnType: "PgUUID"; data: string; driverParam: string; notNull: true; hasDefault: true; ... 6 more ...; generated: undefined; }, {}, {}>; ... 9 more ...; updatedAt: PgColumn<.....'.
src/lib/mcp/servers/finance/FinanceMCP.ts(719,23): error TS2551: Property 'tenant_id' does not exist on type 'PgTableWithColumns<{ name: "payments"; schema: undefined; columns: { id: PgColumn<{ name: "id"; tableName: "payments"; dataType: "string"; columnType: "PgUUID"; data: string; driverParam: string; notNull: true; hasDefault: true; ... 6 more ...; generated: undefined; }, {}, {}>; ... 9 more ...; updatedAt: PgColumn<.....'. Did you mean 'tenantId'?
src/lib/mcp/servers/finance/FinanceMCP.ts(720,24): error TS2551: Property 'payment_date' does not exist on type 'PgTableWithColumns<{ name: "payments"; schema: undefined; columns: { id: PgColumn<{ name: "id"; tableName: "payments"; dataType: "string"; columnType: "PgUUID"; data: string; driverParam: string; notNull: true; hasDefault: true; ... 6 more ...; generated: undefined; }, {}, {}>; ... 9 more ...; updatedAt: PgColumn<.....'. Did you mean 'paymentDate'?
src/lib/mcp/servers/finance/FinanceMCP.ts(721,24): error TS2551: Property 'payment_date' does not exist on type 'PgTableWithColumns<{ name: "payments"; schema: undefined; columns: { id: PgColumn<{ name: "id"; tableName: "payments"; dataType: "string"; columnType: "PgUUID"; data: string; driverParam: string; notNull: true; hasDefault: true; ... 6 more ...; generated: undefined; }, {}, {}>; ... 9 more ...; updatedAt: PgColumn<.....'. Did you mean 'paymentDate'?
src/lib/mcp/servers/finance/FinanceMCP.ts(724,25): error TS2551: Property 'payment_date' does not exist on type 'PgTableWithColumns<{ name: "payments"; schema: undefined; columns: { id: PgColumn<{ name: "id"; tableName: "payments"; dataType: "string"; columnType: "PgUUID"; data: string; driverParam: string; notNull: true; hasDefault: true; ... 6 more ...; generated: undefined; }, {}, {}>; ... 9 more ...; updatedAt: PgColumn<.....'. Did you mean 'paymentDate'?
src/lib/mcp/servers/finance/FinanceMCP.ts(952,40): error TS2339: Property 'invoice_id' does not exist on type 'PgTableWithColumns<{ name: "payments"; schema: undefined; columns: { id: PgColumn<{ name: "id"; tableName: "payments"; dataType: "string"; columnType: "PgUUID"; data: string; driverParam: string; notNull: true; hasDefault: true; ... 6 more ...; generated: undefined; }, {}, {}>; ... 9 more ...; updatedAt: PgColumn<.....'.
src/lib/mcp/servers/finance/FinanceMCP.ts(953,37): error TS2339: Property 'student_id' does not exist on type 'PgTableWithColumns<{ name: "payments"; schema: undefined; columns: { id: PgColumn<{ name: "id"; tableName: "payments"; dataType: "string"; columnType: "PgUUID"; data: string; driverParam: string; notNull: true; hasDefault: true; ... 6 more ...; generated: undefined; }, {}, {}>; ... 9 more ...; updatedAt: PgColumn<.....'.
src/lib/mcp/servers/finance/FinanceMCP.ts(954,26): error TS2551: Property 'tenant_id' does not exist on type 'PgTableWithColumns<{ name: "payments"; schema: undefined; columns: { id: PgColumn<{ name: "id"; tableName: "payments"; dataType: "string"; columnType: "PgUUID"; data: string; driverParam: string; notNull: true; hasDefault: true; ... 6 more ...; generated: undefined; }, {}, {}>; ... 9 more ...; updatedAt: PgColumn<.....'. Did you mean 'tenantId'?
src/lib/mcp/servers/finance/FinanceMCP.ts(955,30): error TS2551: Property 'created_at' does not exist on type 'PgTableWithColumns<{ name: "payments"; schema: undefined; columns: { id: PgColumn<{ name: "id"; tableName: "payments"; dataType: "string"; columnType: "PgUUID"; data: string; driverParam: string; notNull: true; hasDefault: true; ... 6 more ...; generated: undefined; }, {}, {}>; ... 9 more ...; updatedAt: PgColumn<.....'. Did you mean 'createdAt'?
src/lib/mcp/servers/finance/server.ts(13,10): error TS2305: Module '"@/db/schema"' has no exported member 'invoices'.
src/lib/mcp/servers/finance/server.ts(13,30): error TS2305: Module '"@/db/schema"' has no exported member 'auditLogs'.
src/lib/mcp/servers/identity/server.ts(15,17): error TS2305: Module '"@/db/schema"' has no exported member 'auditLogs'.
src/lib/mcp/servers/identity/server.ts(203,29): error TS2551: Property 'tenant_id' does not exist on type 'PgTableWithColumns<{ name: "users"; schema: undefined; columns: { id: PgColumn<{ name: "id"; tableName: "users"; dataType: "string"; columnType: "PgUUID"; data: string; driverParam: string; notNull: true; hasDefault: true; ... 6 more ...; generated: undefined; }, {}, {}>; ... 16 more ...; deletedAt: PgColumn<...>; }...'. Did you mean 'tenantId'?
src/lib/mcp/servers/identity/server.ts(291,29): error TS2551: Property 'tenant_id' does not exist on type 'PgTableWithColumns<{ name: "users"; schema: undefined; columns: { id: PgColumn<{ name: "id"; tableName: "users"; dataType: "string"; columnType: "PgUUID"; data: string; driverParam: string; notNull: true; hasDefault: true; ... 6 more ...; generated: undefined; }, {}, {}>; ... 16 more ...; deletedAt: PgColumn<...>; }...'. Did you mean 'tenantId'?
src/lib/mcp/servers/identity/server.ts(292,24): error TS2551: Property 'created_at' does not exist on type 'PgTableWithColumns<{ name: "users"; schema: undefined; columns: { id: PgColumn<{ name: "id"; tableName: "users"; dataType: "string"; columnType: "PgUUID"; data: string; driverParam: string; notNull: true; hasDefault: true; ... 6 more ...; generated: undefined; }, {}, {}>; ... 16 more ...; deletedAt: PgColumn<...>; }...'. Did you mean 'createdAt'?
src/lib/mcp/servers/identity/server.ts(299,19): error TS2339: Property 'role' does not exist on type '{ id: string; tenantId: string; authId: string | null; email: string; emailVerified: boolean | null; name: string; phone: string | null; dateOfBirth: string | null; nationality: string | null; ... 8 more ...; deletedAt: Date | null; }'.
src/lib/mcp/servers/identity/server.ts(300,76): error TS2339: Property 'role' does not exist on type '{ id: string; tenantId: string; authId: string | null; email: string; emailVerified: boolean | null; name: string; phone: string | null; dateOfBirth: string | null; nationality: string | null; ... 8 more ...; deletedAt: Date | null; }'.
src/lib/mcp/servers/identity/server.ts(303,25): error TS2551: Property 'created_at' does not exist on type '{ id: string; tenantId: string; authId: string | null; email: string; emailVerified: boolean | null; name: string; phone: string | null; dateOfBirth: string | null; nationality: string | null; ... 8 more ...; deletedAt: Date | null; }'. Did you mean 'createdAt'?
src/lib/mcp/servers/identity/server.ts(304,25): error TS2551: Property 'last_login' does not exist on type '{ id: string; tenantId: string; authId: string | null; email: string; emailVerified: boolean | null; name: string; phone: string | null; dateOfBirth: string | null; nationality: string | null; ... 8 more ...; deletedAt: Date | null; }'. Did you mean 'lastLogin'?
src/lib/mcp/servers/teacher/server.ts(13,10): error TS2305: Module '"@/db/schema"' has no exported member 'lessonPlans'.
